<?xml version="1.0" encoding="UTF-8"?>
<coverage generated="1747620456704" clover="3.2.0">
  <project timestamp="1747620456704" name="All files">
    <metrics statements="572" coveredstatements="189" conditionals="232" coveredconditionals="57" methods="57" coveredmethods="20" elements="861" coveredelements="266" complexity="0" loc="572" ncloc="572" packages="1" files="1" classes="1"/>
    <file name="script.js" path="/Users/duy/Documents/UCD/ECS160 Web Programming/New_HW3/frontend/script.js">
      <metrics statements="572" coveredstatements="189" conditionals="232" coveredconditionals="57" methods="57" coveredmethods="20"/>
      <line num="2" count="1" type="stmt"/>
      <line num="5" count="1" type="stmt"/>
      <line num="6" count="1" type="stmt"/>
      <line num="7" count="1" type="stmt"/>
      <line num="9" count="1" type="stmt"/>
      <line num="10" count="1" type="stmt"/>
      <line num="13" count="1" type="stmt"/>
      <line num="14" count="1" type="stmt"/>
      <line num="18" count="1" type="stmt"/>
      <line num="19" count="1" type="stmt"/>
      <line num="20" count="1" type="stmt"/>
      <line num="21" count="1" type="stmt"/>
      <line num="22" count="1" type="stmt"/>
      <line num="23" count="1" type="stmt"/>
      <line num="26" count="1" type="stmt"/>
      <line num="27" count="1" type="stmt"/>
      <line num="28" count="1" type="stmt"/>
      <line num="29" count="1" type="stmt"/>
      <line num="32" count="1" type="stmt"/>
      <line num="37" count="4" type="stmt"/>
      <line num="38" count="4" type="stmt"/>
      <line num="39" count="4" type="stmt"/>
      <line num="44" count="3" type="stmt"/>
      <line num="45" count="3" type="stmt"/>
      <line num="46" count="3" type="cond" truecount="2" falsecount="0"/>
      <line num="47" count="2" type="stmt"/>
      <line num="48" count="2" type="stmt"/>
      <line num="50" count="1" type="stmt"/>
      <line num="51" count="1" type="stmt"/>
      <line num="54" count="0" type="stmt"/>
      <line num="55" count="0" type="stmt"/>
      <line num="63" count="1" type="cond" truecount="4" falsecount="1"/>
      <line num="64" count="0" type="cond" truecount="0" falsecount="2"/>
      <line num="65" count="0" type="stmt"/>
      <line num="67" count="0" type="stmt"/>
      <line num="70" count="1" type="stmt"/>
      <line num="72" count="1" type="stmt"/>
      <line num="73" count="1" type="stmt"/>
      <line num="74" count="1" type="cond" truecount="1" falsecount="1"/>
      <line num="75" count="0" type="stmt"/>
      <line num="76" count="0" type="stmt"/>
      <line num="77" count="0" type="stmt"/>
      <line num="81" count="1" type="stmt"/>
      <line num="82" count="1" type="cond" truecount="1" falsecount="1"/>
      <line num="83" count="1" type="stmt"/>
      <line num="86" count="1" type="cond" truecount="3" falsecount="1"/>
      <line num="87" count="1" type="stmt"/>
      <line num="88" count="1" type="stmt"/>
      <line num="91" count="0" type="stmt"/>
      <line num="94" count="0" type="stmt"/>
      <line num="95" count="0" type="stmt"/>
      <line num="98" count="0" type="stmt"/>
      <line num="99" count="0" type="stmt"/>
      <line num="101" count="1" type="stmt"/>
      <line num="107" count="1" type="stmt"/>
      <line num="110" count="1" type="cond" truecount="1" falsecount="1"/>
      <line num="111" count="1" type="stmt"/>
      <line num="115" count="1" type="stmt"/>
      <line num="116" count="1" type="stmt"/>
      <line num="119" count="1" type="stmt"/>
      <line num="122" count="1" type="stmt"/>
      <line num="123" count="1" type="stmt"/>
      <line num="125" count="1" type="cond" truecount="4" falsecount="1"/>
      <line num="127" count="1" type="stmt"/>
      <line num="128" count="1" type="stmt"/>
      <line num="129" count="0" type="cond" truecount="0" falsecount="5"/>
      <line num="131" count="0" type="stmt"/>
      <line num="132" count="0" type="stmt"/>
      <line num="136" count="1" type="cond" truecount="1" falsecount="1"/>
      <line num="137" count="1" type="stmt"/>
      <line num="138" count="1" type="stmt"/>
      <line num="139" count="1" type="stmt"/>
      <line num="140" count="1" type="stmt"/>
      <line num="144" count="1" type="stmt"/>
      <line num="145" count="1" type="stmt"/>
      <line num="146" count="1" type="stmt"/>
      <line num="147" count="1" type="stmt"/>
      <line num="150" count="1" type="stmt"/>
      <line num="151" count="1" type="stmt"/>
      <line num="152" count="1" type="cond" truecount="1" falsecount="2"/>
      <line num="153" count="1" type="stmt"/>
      <line num="156" count="1" type="stmt"/>
      <line num="157" count="1" type="stmt"/>
      <line num="158" count="1" type="cond" truecount="1" falsecount="1"/>
      <line num="161" count="1" type="stmt"/>
      <line num="162" count="1" type="stmt"/>
      <line num="165" count="1" type="stmt"/>
      <line num="166" count="1" type="stmt"/>
      <line num="167" count="1" type="stmt"/>
      <line num="168" count="1" type="stmt"/>
      <line num="171" count="1" type="stmt"/>
      <line num="173" count="1" type="stmt"/>
      <line num="175" count="1" type="stmt"/>
      <line num="176" count="1" type="cond" truecount="1" falsecount="1"/>
      <line num="177" count="1" type="stmt"/>
      <line num="178" count="1" type="stmt"/>
      <line num="179" count="1" type="stmt"/>
      <line num="182" count="0" type="stmt"/>
      <line num="184" count="0" type="stmt"/>
      <line num="188" count="1" type="stmt"/>
      <line num="189" count="1" type="stmt"/>
      <line num="190" count="1" type="stmt"/>
      <line num="191" count="1" type="stmt"/>
      <line num="192" count="1" type="stmt"/>
      <line num="195" count="1" type="stmt"/>
      <line num="196" count="0" type="stmt"/>
      <line num="197" count="0" type="stmt"/>
      <line num="198" count="0" type="stmt"/>
      <line num="202" count="1" type="stmt"/>
      <line num="210" count="0" type="cond" truecount="0" falsecount="2"/>
      <line num="211" count="0" type="stmt"/>
      <line num="212" count="0" type="stmt"/>
      <line num="215" count="0" type="stmt"/>
      <line num="216" count="0" type="stmt"/>
      <line num="217" count="0" type="cond" truecount="0" falsecount="2"/>
      <line num="220" count="0" type="cond" truecount="0" falsecount="2"/>
      <line num="221" count="0" type="cond" truecount="0" falsecount="4"/>
      <line num="222" count="0" type="stmt"/>
      <line num="229" count="1" type="stmt"/>
      <line num="230" count="1" type="stmt"/>
      <line num="231" count="1" type="stmt"/>
      <line num="232" count="1" type="stmt"/>
      <line num="235" count="1" type="cond" truecount="1" falsecount="1"/>
      <line num="236" count="1" type="stmt"/>
      <line num="237" count="1" type="stmt"/>
      <line num="242" count="1" type="cond" truecount="1" falsecount="1"/>
      <line num="243" count="1" type="stmt"/>
      <line num="244" count="0" type="stmt"/>
      <line num="245" count="0" type="stmt"/>
      <line num="246" count="0" type="stmt"/>
      <line num="247" count="0" type="stmt"/>
      <line num="249" count="0" type="cond" truecount="0" falsecount="2"/>
      <line num="251" count="0" type="stmt"/>
      <line num="254" count="0" type="stmt"/>
      <line num="258" count="0" type="stmt"/>
      <line num="259" count="0" type="stmt"/>
      <line num="265" count="1" type="cond" truecount="1" falsecount="1"/>
      <line num="266" count="1" type="stmt"/>
      <line num="267" count="1" type="stmt"/>
      <line num="272" count="1" type="stmt"/>
      <line num="273" count="3" type="cond" truecount="1" falsecount="1"/>
      <line num="274" count="0" type="stmt"/>
      <line num="280" count="1" type="stmt"/>
      <line num="284" count="0" type="stmt"/>
      <line num="285" count="0" type="stmt"/>
      <line num="286" count="0" type="stmt"/>
      <line num="287" count="0" type="stmt"/>
      <line num="290" count="0" type="stmt"/>
      <line num="292" count="0" type="stmt"/>
      <line num="294" count="0" type="stmt"/>
      <line num="295" count="0" type="cond" truecount="0" falsecount="2"/>
      <line num="296" count="0" type="stmt"/>
      <line num="297" count="0" type="stmt"/>
      <line num="300" count="0" type="stmt"/>
      <line num="303" count="0" type="stmt"/>
      <line num="304" count="0" type="stmt"/>
      <line num="308" count="0" type="stmt"/>
      <line num="311" count="0" type="stmt"/>
      <line num="314" count="0" type="stmt"/>
      <line num="319" count="2" type="stmt"/>
      <line num="320" count="2" type="stmt"/>
      <line num="321" count="2" type="stmt"/>
      <line num="323" count="2" type="cond" truecount="1" falsecount="1"/>
      <line num="324" count="0" type="stmt"/>
      <line num="325" count="0" type="stmt"/>
      <line num="326" count="0" type="stmt"/>
      <line num="328" count="2" type="stmt"/>
      <line num="330" count="2" type="stmt"/>
      <line num="331" count="2" type="stmt"/>
      <line num="334" count="0" type="stmt"/>
      <line num="335" count="0" type="stmt"/>
      <line num="336" count="0" type="stmt"/>
      <line num="342" count="2" type="stmt"/>
      <line num="345" count="2" type="stmt"/>
      <line num="348" count="2" type="cond" truecount="1" falsecount="1"/>
      <line num="351" count="2" type="stmt"/>
      <line num="352" count="0" type="stmt"/>
      <line num="353" count="0" type="stmt"/>
      <line num="359" count="0" type="stmt"/>
      <line num="361" count="0" type="stmt"/>
      <line num="362" count="0" type="stmt"/>
      <line num="363" count="0" type="cond" truecount="0" falsecount="2"/>
      <line num="366" count="0" type="stmt"/>
      <line num="367" count="0" type="stmt"/>
      <line num="369" count="0" type="stmt"/>
      <line num="370" count="0" type="stmt"/>
      <line num="372" count="0" type="stmt"/>
      <line num="373" count="0" type="stmt"/>
      <line num="374" count="0" type="stmt"/>
      <line num="375" count="0" type="stmt"/>
      <line num="377" count="0" type="stmt"/>
      <line num="378" count="0" type="stmt"/>
      <line num="379" count="0" type="stmt"/>
      <line num="381" count="0" type="stmt"/>
      <line num="382" count="0" type="stmt"/>
      <line num="383" count="0" type="stmt"/>
      <line num="386" count="0" type="stmt"/>
      <line num="387" count="0" type="stmt"/>
      <line num="388" count="0" type="stmt"/>
      <line num="389" count="0" type="stmt"/>
      <line num="392" count="0" type="stmt"/>
      <line num="393" count="0" type="stmt"/>
      <line num="396" count="0" type="stmt"/>
      <line num="397" count="0" type="stmt"/>
      <line num="398" count="0" type="stmt"/>
      <line num="399" count="0" type="stmt"/>
      <line num="400" count="0" type="cond" truecount="0" falsecount="2"/>
      <line num="402" count="0" type="cond" truecount="0" falsecount="2"/>
      <line num="405" count="0" type="cond" truecount="0" falsecount="2"/>
      <line num="409" count="0" type="stmt"/>
      <line num="412" count="0" type="cond" truecount="0" falsecount="2"/>
      <line num="413" count="0" type="stmt"/>
      <line num="414" count="0" type="stmt"/>
      <line num="415" count="0" type="stmt"/>
      <line num="418" count="0" type="cond" truecount="0" falsecount="4"/>
      <line num="419" count="0" type="stmt"/>
      <line num="420" count="0" type="cond" truecount="0" falsecount="2"/>
      <line num="423" count="0" type="stmt"/>
      <line num="424" count="0" type="cond" truecount="0" falsecount="2"/>
      <line num="428" count="0" type="stmt"/>
      <line num="432" count="0" type="cond" truecount="0" falsecount="2"/>
      <line num="433" count="0" type="stmt"/>
      <line num="434" count="0" type="stmt"/>
      <line num="435" count="0" type="stmt"/>
      <line num="436" count="0" type="stmt"/>
      <line num="439" count="0" type="cond" truecount="0" falsecount="4"/>
      <line num="440" count="0" type="stmt"/>
      <line num="441" count="0" type="cond" truecount="0" falsecount="2"/>
      <line num="444" count="0" type="stmt"/>
      <line num="445" count="0" type="cond" truecount="0" falsecount="2"/>
      <line num="449" count="0" type="stmt"/>
      <line num="452" count="0" type="stmt"/>
      <line num="455" count="0" type="stmt"/>
      <line num="456" count="0" type="stmt"/>
      <line num="457" count="0" type="cond" truecount="0" falsecount="2"/>
      <line num="458" count="0" type="stmt"/>
      <line num="460" count="0" type="stmt"/>
      <line num="461" count="0" type="stmt"/>
      <line num="462" count="0" type="stmt"/>
      <line num="464" count="0" type="stmt"/>
      <line num="465" count="0" type="stmt"/>
      <line num="467" count="0" type="stmt"/>
      <line num="468" count="0" type="stmt"/>
      <line num="469" count="0" type="stmt"/>
      <line num="470" count="0" type="stmt"/>
      <line num="471" count="0" type="stmt"/>
      <line num="474" count="0" type="stmt"/>
      <line num="475" count="0" type="stmt"/>
      <line num="476" count="0" type="stmt"/>
      <line num="477" count="0" type="stmt"/>
      <line num="478" count="0" type="stmt"/>
      <line num="479" count="0" type="stmt"/>
      <line num="480" count="0" type="stmt"/>
      <line num="482" count="0" type="cond" truecount="0" falsecount="4"/>
      <line num="484" count="0" type="stmt"/>
      <line num="487" count="0" type="stmt"/>
      <line num="491" count="0" type="stmt"/>
      <line num="492" count="0" type="stmt"/>
      <line num="494" count="0" type="stmt"/>
      <line num="495" count="0" type="stmt"/>
      <line num="496" count="0" type="stmt"/>
      <line num="499" count="0" type="cond" truecount="0" falsecount="4"/>
      <line num="500" count="0" type="stmt"/>
      <line num="501" count="0" type="stmt"/>
      <line num="503" count="0" type="stmt"/>
      <line num="505" count="0" type="stmt"/>
      <line num="508" count="0" type="cond" truecount="0" falsecount="2"/>
      <line num="510" count="0" type="cond" truecount="0" falsecount="2"/>
      <line num="511" count="0" type="stmt"/>
      <line num="514" count="0" type="cond" truecount="0" falsecount="2"/>
      <line num="517" count="0" type="stmt"/>
      <line num="520" count="0" type="stmt"/>
      <line num="523" count="0" type="stmt"/>
      <line num="528" count="4" type="cond" truecount="2" falsecount="0"/>
      <line num="529" count="1" type="stmt"/>
      <line num="532" count="3" type="stmt"/>
      <line num="533" count="3" type="stmt"/>
      <line num="535" count="3" type="stmt"/>
      <line num="537" count="3" type="stmt"/>
      <line num="539" count="3" type="stmt"/>
      <line num="540" count="6" type="stmt"/>
      <line num="541" count="10" type="cond" truecount="4" falsecount="0"/>
      <line num="542" count="5" type="stmt"/>
      <line num="543" count="5" type="stmt"/>
      <line num="544" count="5" type="stmt"/>
      <line num="548" count="3" type="stmt"/>
      <line num="549" count="10" type="cond" truecount="2" falsecount="0"/>
      <line num="555" count="2" type="stmt"/>
      <line num="557" count="2" type="cond" truecount="2" falsecount="0"/>
      <line num="558" count="1" type="stmt"/>
      <line num="560" count="1" type="stmt"/>
      <line num="563" count="1" type="stmt"/>
      <line num="564" count="1" type="cond" truecount="1" falsecount="1"/>
      <line num="565" count="0" type="stmt"/>
      <line num="569" count="1" type="stmt"/>
      <line num="570" count="1" type="stmt"/>
      <line num="576" count="0" type="cond" truecount="0" falsecount="2"/>
      <line num="578" count="0" type="stmt"/>
      <line num="580" count="0" type="stmt"/>
      <line num="581" count="0" type="stmt"/>
      <line num="590" count="0" type="cond" truecount="0" falsecount="2"/>
      <line num="591" count="0" type="stmt"/>
      <line num="592" count="0" type="stmt"/>
      <line num="594" count="0" type="stmt"/>
      <line num="595" count="0" type="stmt"/>
      <line num="598" count="0" type="stmt"/>
      <line num="599" count="0" type="stmt"/>
      <line num="600" count="0" type="cond" truecount="0" falsecount="2"/>
      <line num="601" count="0" type="stmt"/>
      <line num="602" count="0" type="stmt"/>
      <line num="603" count="0" type="stmt"/>
      <line num="606" count="0" type="stmt"/>
      <line num="610" count="0" type="stmt"/>
      <line num="611" count="0" type="cond" truecount="0" falsecount="2"/>
      <line num="612" count="0" type="stmt"/>
      <line num="615" count="0" type="cond" truecount="0" falsecount="2"/>
      <line num="616" count="0" type="stmt"/>
      <line num="617" count="0" type="stmt"/>
      <line num="619" count="0" type="stmt"/>
      <line num="620" count="0" type="stmt"/>
      <line num="624" count="0" type="stmt"/>
      <line num="625" count="0" type="stmt"/>
      <line num="631" count="0" type="cond" truecount="0" falsecount="2"/>
      <line num="633" count="0" type="stmt"/>
      <line num="634" count="0" type="stmt"/>
      <line num="644" count="0" type="cond" truecount="0" falsecount="2"/>
      <line num="646" count="0" type="stmt"/>
      <line num="647" count="0" type="stmt"/>
      <line num="650" count="0" type="stmt"/>
      <line num="651" count="0" type="cond" truecount="0" falsecount="2"/>
      <line num="652" count="0" type="stmt"/>
      <line num="656" count="0" type="stmt"/>
      <line num="657" count="0" type="stmt"/>
      <line num="658" count="0" type="cond" truecount="0" falsecount="2"/>
      <line num="659" count="0" type="stmt"/>
      <line num="660" count="0" type="stmt"/>
      <line num="661" count="0" type="stmt"/>
      <line num="664" count="0" type="stmt"/>
      <line num="667" count="0" type="stmt"/>
      <line num="670" count="0" type="cond" truecount="0" falsecount="2"/>
      <line num="671" count="0" type="stmt"/>
      <line num="672" count="0" type="stmt"/>
      <line num="674" count="0" type="stmt"/>
      <line num="675" count="0" type="stmt"/>
      <line num="679" count="0" type="stmt"/>
      <line num="680" count="0" type="stmt"/>
      <line num="686" count="1" type="stmt"/>
      <line num="687" count="1" type="stmt"/>
      <line num="688" count="1" type="stmt"/>
      <line num="689" count="1" type="stmt"/>
      <line num="690" count="1" type="stmt"/>
      <line num="691" count="1" type="stmt"/>
      <line num="693" count="1" type="cond" truecount="7" falsecount="1"/>
      <line num="694" count="0" type="stmt"/>
      <line num="698" count="1" type="stmt"/>
      <line num="699" count="0" type="stmt"/>
      <line num="703" count="1" type="stmt"/>
      <line num="704" count="1" type="cond" truecount="1" falsecount="1"/>
      <line num="705" count="1" type="stmt"/>
      <line num="707" count="0" type="stmt"/>
      <line num="712" count="1" type="stmt"/>
      <line num="713" count="0" type="stmt"/>
      <line num="715" count="0" type="cond" truecount="0" falsecount="2"/>
      <line num="716" count="0" type="stmt"/>
      <line num="717" count="0" type="stmt"/>
      <line num="718" count="0" type="stmt"/>
      <line num="723" count="1" type="stmt"/>
      <line num="724" count="1" type="stmt"/>
      <line num="725" count="1" type="stmt"/>
      <line num="728" count="1" type="stmt"/>
      <line num="733" count="1" type="cond" truecount="1" falsecount="1"/>
      <line num="735" count="1" type="stmt"/>
      <line num="737" count="1" type="stmt"/>
      <line num="739" count="1" type="stmt"/>
      <line num="751" count="1" type="cond" truecount="1" falsecount="1"/>
      <line num="752" count="1" type="stmt"/>
      <line num="753" count="1" type="stmt"/>
      <line num="755" count="1" type="stmt"/>
      <line num="756" count="1" type="stmt"/>
      <line num="759" count="1" type="stmt"/>
      <line num="760" count="1" type="stmt"/>
      <line num="761" count="1" type="cond" truecount="1" falsecount="1"/>
      <line num="762" count="1" type="stmt"/>
      <line num="763" count="1" type="stmt"/>
      <line num="764" count="1" type="stmt"/>
      <line num="767" count="0" type="stmt"/>
      <line num="770" count="0" type="cond" truecount="0" falsecount="2"/>
      <line num="771" count="0" type="stmt"/>
      <line num="772" count="0" type="stmt"/>
      <line num="774" count="0" type="stmt"/>
      <line num="775" count="0" type="stmt"/>
      <line num="779" count="0" type="stmt"/>
      <line num="780" count="0" type="stmt"/>
      <line num="786" count="1" type="cond" truecount="1" falsecount="1"/>
      <line num="787" count="0" type="stmt"/>
      <line num="790" count="1" type="stmt"/>
      <line num="791" count="1" type="stmt"/>
      <line num="798" count="1" type="cond" truecount="1" falsecount="1"/>
      <line num="800" count="1" type="stmt"/>
      <line num="801" count="1" type="cond" truecount="1" falsecount="1"/>
      <line num="802" count="1" type="stmt"/>
      <line num="803" count="1" type="stmt"/>
      <line num="804" count="1" type="stmt"/>
      <line num="807" count="1" type="stmt"/>
      <line num="809" count="1" type="stmt"/>
      <line num="812" count="1" type="stmt"/>
      <line num="813" count="1" type="stmt"/>
      <line num="814" count="1" type="cond" truecount="1" falsecount="1"/>
      <line num="815" count="1" type="stmt"/>
      <line num="816" count="1" type="stmt"/>
      <line num="817" count="1" type="stmt"/>
      <line num="820" count="1" type="stmt"/>
      <line num="823" count="0" type="stmt"/>
      <line num="826" count="1" type="stmt"/>
      <line num="828" count="0" type="stmt"/>
      <line num="835" count="0" type="stmt"/>
      <line num="836" count="0" type="stmt"/>
      <line num="837" count="0" type="stmt"/>
      <line num="847" count="0" type="cond" truecount="0" falsecount="2"/>
      <line num="848" count="0" type="stmt"/>
      <line num="851" count="0" type="stmt"/>
      <line num="852" count="0" type="stmt"/>
      <line num="859" count="0" type="cond" truecount="0" falsecount="2"/>
      <line num="861" count="0" type="stmt"/>
      <line num="862" count="0" type="cond" truecount="0" falsecount="2"/>
      <line num="863" count="0" type="stmt"/>
      <line num="864" count="0" type="stmt"/>
      <line num="865" count="0" type="stmt"/>
      <line num="869" count="0" type="cond" truecount="0" falsecount="2"/>
      <line num="870" count="0" type="stmt"/>
      <line num="871" count="0" type="stmt"/>
      <line num="872" count="0" type="cond" truecount="0" falsecount="2"/>
      <line num="873" count="0" type="stmt"/>
      <line num="875" count="0" type="stmt"/>
      <line num="876" count="0" type="stmt"/>
      <line num="880" count="0" type="stmt"/>
      <line num="881" count="0" type="stmt"/>
      <line num="888" count="0" type="stmt"/>
      <line num="889" count="0" type="cond" truecount="0" falsecount="2"/>
      <line num="891" count="0" type="stmt"/>
      <line num="894" count="0" type="stmt"/>
      <line num="895" count="0" type="stmt"/>
      <line num="897" count="0" type="stmt"/>
      <line num="898" count="0" type="stmt"/>
      <line num="899" count="0" type="stmt"/>
      <line num="900" count="0" type="stmt"/>
      <line num="902" count="0" type="stmt"/>
      <line num="903" count="0" type="stmt"/>
      <line num="905" count="0" type="stmt"/>
      <line num="906" count="0" type="stmt"/>
      <line num="907" count="0" type="stmt"/>
      <line num="909" count="0" type="stmt"/>
      <line num="910" count="0" type="stmt"/>
      <line num="911" count="0" type="stmt"/>
      <line num="913" count="0" type="stmt"/>
      <line num="914" count="0" type="stmt"/>
      <line num="915" count="0" type="stmt"/>
      <line num="918" count="0" type="stmt"/>
      <line num="919" count="0" type="stmt"/>
      <line num="922" count="0" type="stmt"/>
      <line num="925" count="0" type="stmt"/>
      <line num="926" count="0" type="stmt"/>
      <line num="930" count="0" type="stmt"/>
      <line num="931" count="0" type="stmt"/>
      <line num="933" count="0" type="stmt"/>
      <line num="935" count="0" type="stmt"/>
      <line num="936" count="0" type="stmt"/>
      <line num="946" count="0" type="cond" truecount="0" falsecount="2"/>
      <line num="948" count="0" type="stmt"/>
      <line num="949" count="0" type="stmt"/>
      <line num="951" count="0" type="cond" truecount="0" falsecount="2"/>
      <line num="952" count="0" type="stmt"/>
      <line num="953" count="0" type="stmt"/>
      <line num="954" count="0" type="cond" truecount="0" falsecount="2"/>
      <line num="955" count="0" type="stmt"/>
      <line num="957" count="0" type="stmt"/>
      <line num="958" count="0" type="stmt"/>
      <line num="959" count="0" type="stmt"/>
      <line num="963" count="0" type="stmt"/>
      <line num="964" count="0" type="stmt"/>
      <line num="965" count="0" type="stmt"/>
      <line num="973" count="0" type="stmt"/>
      <line num="974" count="0" type="cond" truecount="0" falsecount="2"/>
      <line num="976" count="0" type="stmt"/>
      <line num="979" count="0" type="stmt"/>
      <line num="980" count="0" type="stmt"/>
      <line num="982" count="0" type="stmt"/>
      <line num="983" count="0" type="stmt"/>
      <line num="984" count="0" type="stmt"/>
      <line num="985" count="0" type="stmt"/>
      <line num="987" count="0" type="stmt"/>
      <line num="988" count="0" type="stmt"/>
      <line num="990" count="0" type="stmt"/>
      <line num="991" count="0" type="stmt"/>
      <line num="992" count="0" type="stmt"/>
      <line num="994" count="0" type="stmt"/>
      <line num="995" count="0" type="stmt"/>
      <line num="996" count="0" type="stmt"/>
      <line num="998" count="0" type="stmt"/>
      <line num="999" count="0" type="stmt"/>
      <line num="1000" count="0" type="stmt"/>
      <line num="1003" count="0" type="stmt"/>
      <line num="1004" count="0" type="stmt"/>
      <line num="1007" count="0" type="stmt"/>
      <line num="1010" count="0" type="stmt"/>
      <line num="1011" count="0" type="stmt"/>
      <line num="1015" count="0" type="stmt"/>
      <line num="1016" count="0" type="stmt"/>
      <line num="1019" count="0" type="stmt"/>
      <line num="1021" count="0" type="stmt"/>
      <line num="1022" count="0" type="stmt"/>
      <line num="1032" count="0" type="cond" truecount="0" falsecount="2"/>
      <line num="1034" count="0" type="stmt"/>
      <line num="1035" count="0" type="stmt"/>
      <line num="1037" count="0" type="cond" truecount="0" falsecount="2"/>
      <line num="1038" count="0" type="stmt"/>
      <line num="1039" count="0" type="stmt"/>
      <line num="1040" count="0" type="cond" truecount="0" falsecount="2"/>
      <line num="1041" count="0" type="stmt"/>
      <line num="1043" count="0" type="stmt"/>
      <line num="1044" count="0" type="stmt"/>
      <line num="1045" count="0" type="stmt"/>
      <line num="1049" count="0" type="stmt"/>
      <line num="1050" count="0" type="stmt"/>
      <line num="1051" count="0" type="stmt"/>
      <line num="1057" count="1" type="stmt"/>
      <line num="1058" count="0" type="stmt"/>
      <line num="1059" count="0" type="stmt"/>
      <line num="1062" count="0" type="stmt"/>
      <line num="1065" count="0" type="stmt"/>
      <line num="1066" count="0" type="stmt"/>
      <line num="1068" count="0" type="stmt"/>
      <line num="1069" count="0" type="stmt"/>
      <line num="1073" count="0" type="stmt"/>
      <line num="1074" count="0" type="stmt"/>
      <line num="1076" count="0" type="stmt"/>
      <line num="1077" count="0" type="cond" truecount="0" falsecount="2"/>
      <line num="1078" count="0" type="stmt"/>
      <line num="1080" count="0" type="stmt"/>
      <line num="1085" count="0" type="stmt"/>
      <line num="1086" count="0" type="stmt"/>
      <line num="1087" count="0" type="stmt"/>
      <line num="1088" count="0" type="stmt"/>
      <line num="1089" count="0" type="stmt"/>
      <line num="1091" count="0" type="stmt"/>
      <line num="1092" count="0" type="stmt"/>
      <line num="1094" count="0" type="stmt"/>
      <line num="1095" count="0" type="cond" truecount="0" falsecount="2"/>
      <line num="1097" count="0" type="stmt"/>
      <line num="1098" count="0" type="stmt"/>
      <line num="1101" count="0" type="cond" truecount="0" falsecount="2"/>
      <line num="1102" count="0" type="cond" truecount="0" falsecount="2"/>
      <line num="1105" count="0" type="cond" truecount="0" falsecount="2"/>
      <line num="1106" count="0" type="stmt"/>
      <line num="1107" count="0" type="stmt"/>
      <line num="1111" count="0" type="cond" truecount="0" falsecount="4"/>
      <line num="1112" count="0" type="stmt"/>
      <line num="1113" count="0" type="stmt"/>
      <line num="1117" count="0" type="stmt"/>
      <line num="1118" count="0" type="stmt"/>
      <line num="1120" count="0" type="cond" truecount="0" falsecount="2"/>
      <line num="1121" count="0" type="cond" truecount="0" falsecount="2"/>
      <line num="1124" count="0" type="cond" truecount="0" falsecount="2"/>
      <line num="1125" count="0" type="cond" truecount="0" falsecount="2"/>
      <line num="1126" count="0" type="stmt"/>
      <line num="1128" count="0" type="stmt"/>
      <line num="1133" count="0" type="cond" truecount="0" falsecount="4"/>
      <line num="1134" count="0" type="cond" truecount="0" falsecount="2"/>
      <line num="1135" count="0" type="stmt"/>
      <line num="1139" count="0" type="stmt"/>
      <line num="1142" count="1" type="cond" truecount="3" falsecount="1"/>
      <line num="1143" count="1" type="stmt"/>
    </file>
  </project>
</coverage>
