<?xml version="1.0" encoding="UTF-8"?>
<coverage generated="1747630460294" clover="3.2.0">
  <project timestamp="1747630460294" name="All files">
    <metrics statements="558" coveredstatements="331" conditionals="229" coveredconditionals="88" methods="56" coveredmethods="29" elements="843" coveredelements="448" complexity="0" loc="558" ncloc="558" packages="1" files="1" classes="1"/>
    <file name="script.js" path="/Users/duy/Documents/UCD/ECS160 Web Programming/New_HW3/frontend/script.js">
      <metrics statements="558" coveredstatements="331" conditionals="229" coveredconditionals="88" methods="56" coveredmethods="29"/>
      <line num="2" count="1" type="stmt"/>
      <line num="5" count="1" type="stmt"/>
      <line num="6" count="1" type="stmt"/>
      <line num="7" count="1" type="stmt"/>
      <line num="9" count="1" type="stmt"/>
      <line num="10" count="1" type="stmt"/>
      <line num="13" count="1" type="stmt"/>
      <line num="14" count="1" type="stmt"/>
      <line num="18" count="1" type="stmt"/>
      <line num="19" count="1" type="stmt"/>
      <line num="20" count="1" type="stmt"/>
      <line num="21" count="1" type="stmt"/>
      <line num="22" count="1" type="stmt"/>
      <line num="23" count="1" type="stmt"/>
      <line num="26" count="1" type="stmt"/>
      <line num="27" count="1" type="stmt"/>
      <line num="28" count="1" type="stmt"/>
      <line num="29" count="1" type="stmt"/>
      <line num="32" count="1" type="stmt"/>
      <line num="37" count="9" type="stmt"/>
      <line num="38" count="9" type="stmt"/>
      <line num="39" count="9" type="stmt"/>
      <line num="48" count="1" type="cond" truecount="4" falsecount="1"/>
      <line num="49" count="0" type="cond" truecount="0" falsecount="2"/>
      <line num="50" count="0" type="stmt"/>
      <line num="52" count="0" type="stmt"/>
      <line num="55" count="1" type="stmt"/>
      <line num="57" count="1" type="stmt"/>
      <line num="59" count="1" type="stmt"/>
      <line num="60" count="1" type="cond" truecount="1" falsecount="1"/>
      <line num="61" count="1" type="stmt"/>
      <line num="64" count="1" type="cond" truecount="4" falsecount="1"/>
      <line num="65" count="1" type="stmt"/>
      <line num="66" count="1" type="stmt"/>
      <line num="69" count="0" type="stmt"/>
      <line num="72" count="0" type="stmt"/>
      <line num="73" count="0" type="stmt"/>
      <line num="76" count="0" type="stmt"/>
      <line num="77" count="0" type="stmt"/>
      <line num="79" count="1" type="stmt"/>
      <line num="85" count="5" type="stmt"/>
      <line num="88" count="5" type="cond" truecount="2" falsecount="0"/>
      <line num="89" count="2" type="stmt"/>
      <line num="93" count="5" type="stmt"/>
      <line num="94" count="6" type="stmt"/>
      <line num="97" count="6" type="stmt"/>
      <line num="100" count="6" type="stmt"/>
      <line num="101" count="6" type="stmt"/>
      <line num="103" count="6" type="cond" truecount="5" falsecount="0"/>
      <line num="105" count="2" type="stmt"/>
      <line num="106" count="2" type="stmt"/>
      <line num="107" count="4" type="cond" truecount="5" falsecount="0"/>
      <line num="109" count="1" type="stmt"/>
      <line num="110" count="1" type="stmt"/>
      <line num="114" count="6" type="cond" truecount="2" falsecount="0"/>
      <line num="115" count="3" type="stmt"/>
      <line num="116" count="3" type="stmt"/>
      <line num="117" count="3" type="stmt"/>
      <line num="118" count="3" type="stmt"/>
      <line num="122" count="6" type="stmt"/>
      <line num="123" count="6" type="stmt"/>
      <line num="124" count="6" type="stmt"/>
      <line num="125" count="6" type="stmt"/>
      <line num="128" count="6" type="stmt"/>
      <line num="129" count="6" type="stmt"/>
      <line num="130" count="6" type="cond" truecount="1" falsecount="2"/>
      <line num="131" count="6" type="stmt"/>
      <line num="134" count="6" type="stmt"/>
      <line num="135" count="6" type="stmt"/>
      <line num="136" count="6" type="cond" truecount="2" falsecount="0"/>
      <line num="139" count="6" type="stmt"/>
      <line num="140" count="6" type="stmt"/>
      <line num="143" count="6" type="stmt"/>
      <line num="144" count="6" type="stmt"/>
      <line num="145" count="6" type="stmt"/>
      <line num="146" count="6" type="stmt"/>
      <line num="149" count="6" type="stmt"/>
      <line num="151" count="6" type="stmt"/>
      <line num="153" count="6" type="stmt"/>
      <line num="154" count="5" type="cond" truecount="1" falsecount="1"/>
      <line num="155" count="5" type="stmt"/>
      <line num="156" count="5" type="stmt"/>
      <line num="157" count="5" type="stmt"/>
      <line num="160" count="1" type="stmt"/>
      <line num="162" count="1" type="stmt"/>
      <line num="166" count="6" type="stmt"/>
      <line num="167" count="6" type="stmt"/>
      <line num="168" count="6" type="stmt"/>
      <line num="169" count="6" type="stmt"/>
      <line num="170" count="6" type="stmt"/>
      <line num="173" count="6" type="stmt"/>
      <line num="174" count="0" type="stmt"/>
      <line num="175" count="0" type="stmt"/>
      <line num="176" count="0" type="stmt"/>
      <line num="180" count="6" type="stmt"/>
      <line num="188" count="0" type="cond" truecount="0" falsecount="2"/>
      <line num="189" count="0" type="stmt"/>
      <line num="190" count="0" type="stmt"/>
      <line num="193" count="0" type="stmt"/>
      <line num="194" count="0" type="stmt"/>
      <line num="195" count="0" type="cond" truecount="0" falsecount="2"/>
      <line num="198" count="0" type="cond" truecount="0" falsecount="2"/>
      <line num="199" count="0" type="cond" truecount="0" falsecount="4"/>
      <line num="200" count="0" type="stmt"/>
      <line num="207" count="2" type="stmt"/>
      <line num="208" count="2" type="stmt"/>
      <line num="209" count="2" type="stmt"/>
      <line num="210" count="2" type="stmt"/>
      <line num="213" count="2" type="cond" truecount="1" falsecount="1"/>
      <line num="214" count="2" type="stmt"/>
      <line num="215" count="1" type="stmt"/>
      <line num="220" count="2" type="cond" truecount="1" falsecount="1"/>
      <line num="221" count="2" type="stmt"/>
      <line num="222" count="1" type="stmt"/>
      <line num="223" count="1" type="stmt"/>
      <line num="224" count="1" type="stmt"/>
      <line num="225" count="1" type="stmt"/>
      <line num="227" count="1" type="cond" truecount="1" falsecount="1"/>
      <line num="229" count="1" type="stmt"/>
      <line num="232" count="0" type="stmt"/>
      <line num="236" count="0" type="stmt"/>
      <line num="237" count="0" type="stmt"/>
      <line num="243" count="2" type="cond" truecount="1" falsecount="1"/>
      <line num="244" count="2" type="stmt"/>
      <line num="245" count="1" type="stmt"/>
      <line num="250" count="2" type="stmt"/>
      <line num="251" count="13" type="cond" truecount="1" falsecount="1"/>
      <line num="252" count="0" type="stmt"/>
      <line num="258" count="1" type="stmt"/>
      <line num="262" count="0" type="stmt"/>
      <line num="263" count="0" type="stmt"/>
      <line num="264" count="0" type="stmt"/>
      <line num="265" count="0" type="stmt"/>
      <line num="268" count="0" type="stmt"/>
      <line num="270" count="0" type="stmt"/>
      <line num="272" count="0" type="stmt"/>
      <line num="273" count="0" type="cond" truecount="0" falsecount="2"/>
      <line num="274" count="0" type="stmt"/>
      <line num="275" count="0" type="stmt"/>
      <line num="278" count="0" type="stmt"/>
      <line num="281" count="0" type="stmt"/>
      <line num="282" count="0" type="stmt"/>
      <line num="286" count="0" type="stmt"/>
      <line num="289" count="0" type="stmt"/>
      <line num="292" count="0" type="stmt"/>
      <line num="297" count="2" type="stmt"/>
      <line num="298" count="2" type="stmt"/>
      <line num="299" count="2" type="stmt"/>
      <line num="301" count="2" type="cond" truecount="1" falsecount="1"/>
      <line num="302" count="2" type="stmt"/>
      <line num="303" count="2" type="stmt"/>
      <line num="304" count="2" type="stmt"/>
      <line num="306" count="0" type="stmt"/>
      <line num="308" count="0" type="stmt"/>
      <line num="309" count="0" type="stmt"/>
      <line num="312" count="0" type="stmt"/>
      <line num="313" count="0" type="stmt"/>
      <line num="314" count="0" type="stmt"/>
      <line num="320" count="2" type="stmt"/>
      <line num="323" count="2" type="stmt"/>
      <line num="326" count="2" type="cond" truecount="1" falsecount="1"/>
      <line num="329" count="2" type="stmt"/>
      <line num="330" count="0" type="stmt"/>
      <line num="331" count="0" type="stmt"/>
      <line num="337" count="7" type="stmt"/>
      <line num="339" count="7" type="stmt"/>
      <line num="340" count="7" type="stmt"/>
      <line num="341" count="7" type="cond" truecount="1" falsecount="1"/>
      <line num="344" count="7" type="stmt"/>
      <line num="345" count="7" type="stmt"/>
      <line num="347" count="7" type="stmt"/>
      <line num="348" count="7" type="stmt"/>
      <line num="350" count="7" type="stmt"/>
      <line num="351" count="7" type="stmt"/>
      <line num="352" count="7" type="stmt"/>
      <line num="353" count="7" type="stmt"/>
      <line num="355" count="7" type="stmt"/>
      <line num="356" count="7" type="stmt"/>
      <line num="357" count="7" type="stmt"/>
      <line num="359" count="7" type="stmt"/>
      <line num="360" count="7" type="stmt"/>
      <line num="361" count="7" type="stmt"/>
      <line num="364" count="7" type="stmt"/>
      <line num="365" count="7" type="stmt"/>
      <line num="366" count="7" type="stmt"/>
      <line num="367" count="7" type="stmt"/>
      <line num="370" count="7" type="stmt"/>
      <line num="371" count="7" type="stmt"/>
      <line num="374" count="7" type="stmt"/>
      <line num="375" count="7" type="stmt"/>
      <line num="376" count="7" type="stmt"/>
      <line num="377" count="7" type="stmt"/>
      <line num="378" count="0" type="cond" truecount="0" falsecount="2"/>
      <line num="380" count="0" type="cond" truecount="0" falsecount="2"/>
      <line num="383" count="0" type="cond" truecount="0" falsecount="2"/>
      <line num="387" count="7" type="stmt"/>
      <line num="390" count="7" type="cond" truecount="1" falsecount="1"/>
      <line num="391" count="0" type="stmt"/>
      <line num="392" count="0" type="stmt"/>
      <line num="393" count="0" type="stmt"/>
      <line num="396" count="0" type="cond" truecount="0" falsecount="4"/>
      <line num="397" count="0" type="stmt"/>
      <line num="398" count="0" type="cond" truecount="0" falsecount="2"/>
      <line num="401" count="0" type="stmt"/>
      <line num="402" count="0" type="cond" truecount="0" falsecount="2"/>
      <line num="406" count="0" type="stmt"/>
      <line num="410" count="7" type="cond" truecount="1" falsecount="1"/>
      <line num="411" count="0" type="stmt"/>
      <line num="412" count="0" type="stmt"/>
      <line num="413" count="0" type="stmt"/>
      <line num="414" count="0" type="stmt"/>
      <line num="417" count="0" type="cond" truecount="0" falsecount="4"/>
      <line num="418" count="0" type="stmt"/>
      <line num="419" count="0" type="cond" truecount="0" falsecount="2"/>
      <line num="422" count="0" type="stmt"/>
      <line num="423" count="0" type="cond" truecount="0" falsecount="2"/>
      <line num="427" count="0" type="stmt"/>
      <line num="430" count="7" type="stmt"/>
      <line num="433" count="7" type="stmt"/>
      <line num="434" count="7" type="stmt"/>
      <line num="435" count="7" type="cond" truecount="1" falsecount="1"/>
      <line num="436" count="7" type="stmt"/>
      <line num="438" count="7" type="stmt"/>
      <line num="439" count="7" type="stmt"/>
      <line num="440" count="7" type="stmt"/>
      <line num="442" count="7" type="stmt"/>
      <line num="443" count="7" type="stmt"/>
      <line num="445" count="7" type="stmt"/>
      <line num="446" count="7" type="stmt"/>
      <line num="447" count="7" type="stmt"/>
      <line num="448" count="7" type="stmt"/>
      <line num="449" count="0" type="stmt"/>
      <line num="452" count="7" type="stmt"/>
      <line num="453" count="7" type="stmt"/>
      <line num="454" count="7" type="stmt"/>
      <line num="455" count="7" type="stmt"/>
      <line num="456" count="0" type="stmt"/>
      <line num="457" count="0" type="stmt"/>
      <line num="458" count="0" type="stmt"/>
      <line num="460" count="0" type="cond" truecount="0" falsecount="4"/>
      <line num="462" count="0" type="stmt"/>
      <line num="465" count="0" type="stmt"/>
      <line num="469" count="7" type="stmt"/>
      <line num="470" count="7" type="stmt"/>
      <line num="472" count="7" type="stmt"/>
      <line num="473" count="7" type="stmt"/>
      <line num="474" count="7" type="stmt"/>
      <line num="477" count="7" type="cond" truecount="4" falsecount="0"/>
      <line num="478" count="2" type="stmt"/>
      <line num="479" count="2" type="stmt"/>
      <line num="481" count="2" type="stmt"/>
      <line num="483" count="4" type="stmt"/>
      <line num="486" count="4" type="cond" truecount="2" falsecount="0"/>
      <line num="488" count="2" type="cond" truecount="1" falsecount="1"/>
      <line num="489" count="2" type="stmt"/>
      <line num="492" count="2" type="cond" truecount="1" falsecount="1"/>
      <line num="495" count="4" type="stmt"/>
      <line num="498" count="2" type="stmt"/>
      <line num="501" count="7" type="stmt"/>
      <line num="506" count="7" type="cond" truecount="2" falsecount="0"/>
      <line num="507" count="1" type="stmt"/>
      <line num="510" count="6" type="stmt"/>
      <line num="511" count="6" type="stmt"/>
      <line num="513" count="6" type="stmt"/>
      <line num="515" count="6" type="stmt"/>
      <line num="517" count="6" type="stmt"/>
      <line num="518" count="14" type="stmt"/>
      <line num="519" count="22" type="cond" truecount="4" falsecount="0"/>
      <line num="520" count="11" type="stmt"/>
      <line num="521" count="11" type="stmt"/>
      <line num="522" count="11" type="stmt"/>
      <line num="526" count="6" type="stmt"/>
      <line num="527" count="20" type="cond" truecount="2" falsecount="0"/>
      <line num="533" count="3" type="stmt"/>
      <line num="535" count="3" type="cond" truecount="2" falsecount="0"/>
      <line num="536" count="1" type="stmt"/>
      <line num="538" count="2" type="stmt"/>
      <line num="541" count="2" type="stmt"/>
      <line num="542" count="2" type="cond" truecount="2" falsecount="0"/>
      <line num="543" count="1" type="stmt"/>
      <line num="547" count="2" type="stmt"/>
      <line num="548" count="2" type="stmt"/>
      <line num="554" count="0" type="cond" truecount="0" falsecount="2"/>
      <line num="556" count="0" type="stmt"/>
      <line num="558" count="0" type="stmt"/>
      <line num="559" count="0" type="stmt"/>
      <line num="568" count="0" type="cond" truecount="0" falsecount="2"/>
      <line num="569" count="0" type="stmt"/>
      <line num="570" count="0" type="stmt"/>
      <line num="572" count="0" type="stmt"/>
      <line num="573" count="0" type="stmt"/>
      <line num="576" count="0" type="stmt"/>
      <line num="577" count="0" type="stmt"/>
      <line num="578" count="0" type="cond" truecount="0" falsecount="2"/>
      <line num="579" count="0" type="stmt"/>
      <line num="580" count="0" type="stmt"/>
      <line num="581" count="0" type="stmt"/>
      <line num="584" count="0" type="stmt"/>
      <line num="588" count="0" type="stmt"/>
      <line num="589" count="0" type="cond" truecount="0" falsecount="2"/>
      <line num="590" count="0" type="stmt"/>
      <line num="593" count="0" type="cond" truecount="0" falsecount="2"/>
      <line num="594" count="0" type="stmt"/>
      <line num="595" count="0" type="stmt"/>
      <line num="597" count="0" type="stmt"/>
      <line num="598" count="0" type="stmt"/>
      <line num="602" count="0" type="stmt"/>
      <line num="603" count="0" type="stmt"/>
      <line num="609" count="0" type="cond" truecount="0" falsecount="2"/>
      <line num="611" count="0" type="stmt"/>
      <line num="612" count="0" type="stmt"/>
      <line num="622" count="0" type="cond" truecount="0" falsecount="2"/>
      <line num="624" count="0" type="stmt"/>
      <line num="625" count="0" type="stmt"/>
      <line num="628" count="0" type="stmt"/>
      <line num="629" count="0" type="cond" truecount="0" falsecount="2"/>
      <line num="630" count="0" type="stmt"/>
      <line num="634" count="0" type="stmt"/>
      <line num="635" count="0" type="stmt"/>
      <line num="636" count="0" type="cond" truecount="0" falsecount="2"/>
      <line num="637" count="0" type="stmt"/>
      <line num="638" count="0" type="stmt"/>
      <line num="639" count="0" type="stmt"/>
      <line num="642" count="0" type="stmt"/>
      <line num="645" count="0" type="stmt"/>
      <line num="648" count="0" type="cond" truecount="0" falsecount="2"/>
      <line num="649" count="0" type="stmt"/>
      <line num="650" count="0" type="stmt"/>
      <line num="652" count="0" type="stmt"/>
      <line num="653" count="0" type="stmt"/>
      <line num="657" count="0" type="stmt"/>
      <line num="658" count="0" type="stmt"/>
      <line num="664" count="1" type="stmt"/>
      <line num="665" count="1" type="stmt"/>
      <line num="666" count="1" type="stmt"/>
      <line num="667" count="1" type="stmt"/>
      <line num="668" count="1" type="stmt"/>
      <line num="669" count="1" type="stmt"/>
      <line num="671" count="1" type="cond" truecount="7" falsecount="1"/>
      <line num="672" count="0" type="stmt"/>
      <line num="676" count="1" type="stmt"/>
      <line num="677" count="0" type="stmt"/>
      <line num="681" count="1" type="stmt"/>
      <line num="682" count="1" type="cond" truecount="1" falsecount="1"/>
      <line num="683" count="1" type="stmt"/>
      <line num="685" count="0" type="stmt"/>
      <line num="690" count="1" type="stmt"/>
      <line num="691" count="0" type="stmt"/>
      <line num="693" count="0" type="cond" truecount="0" falsecount="2"/>
      <line num="694" count="0" type="stmt"/>
      <line num="695" count="0" type="stmt"/>
      <line num="696" count="0" type="stmt"/>
      <line num="701" count="1" type="stmt"/>
      <line num="702" count="1" type="stmt"/>
      <line num="703" count="1" type="stmt"/>
      <line num="706" count="1" type="stmt"/>
      <line num="711" count="3" type="cond" truecount="1" falsecount="1"/>
      <line num="713" count="3" type="stmt"/>
      <line num="715" count="3" type="stmt"/>
      <line num="717" count="3" type="stmt"/>
      <line num="729" count="2" type="cond" truecount="2" falsecount="0"/>
      <line num="730" count="1" type="stmt"/>
      <line num="731" count="1" type="stmt"/>
      <line num="733" count="1" type="stmt"/>
      <line num="734" count="1" type="stmt"/>
      <line num="737" count="1" type="stmt"/>
      <line num="738" count="1" type="stmt"/>
      <line num="739" count="1" type="cond" truecount="1" falsecount="1"/>
      <line num="740" count="1" type="stmt"/>
      <line num="741" count="1" type="stmt"/>
      <line num="742" count="1" type="stmt"/>
      <line num="745" count="0" type="stmt"/>
      <line num="748" count="1" type="cond" truecount="1" falsecount="1"/>
      <line num="749" count="1" type="stmt"/>
      <line num="750" count="1" type="stmt"/>
      <line num="752" count="0" type="stmt"/>
      <line num="753" count="0" type="stmt"/>
      <line num="757" count="1" type="stmt"/>
      <line num="758" count="1" type="stmt"/>
      <line num="764" count="1" type="cond" truecount="1" falsecount="1"/>
      <line num="765" count="0" type="stmt"/>
      <line num="768" count="1" type="stmt"/>
      <line num="769" count="1" type="stmt"/>
      <line num="776" count="1" type="cond" truecount="1" falsecount="1"/>
      <line num="778" count="1" type="stmt"/>
      <line num="779" count="1" type="cond" truecount="1" falsecount="1"/>
      <line num="780" count="1" type="stmt"/>
      <line num="781" count="1" type="stmt"/>
      <line num="782" count="1" type="stmt"/>
      <line num="785" count="1" type="stmt"/>
      <line num="787" count="1" type="stmt"/>
      <line num="790" count="1" type="stmt"/>
      <line num="791" count="1" type="stmt"/>
      <line num="792" count="1" type="cond" truecount="1" falsecount="1"/>
      <line num="793" count="1" type="stmt"/>
      <line num="794" count="1" type="stmt"/>
      <line num="795" count="1" type="stmt"/>
      <line num="798" count="1" type="stmt"/>
      <line num="801" count="0" type="stmt"/>
      <line num="804" count="1" type="stmt"/>
      <line num="806" count="0" type="stmt"/>
      <line num="813" count="0" type="stmt"/>
      <line num="814" count="0" type="stmt"/>
      <line num="815" count="0" type="stmt"/>
      <line num="825" count="0" type="cond" truecount="0" falsecount="2"/>
      <line num="826" count="0" type="stmt"/>
      <line num="829" count="0" type="stmt"/>
      <line num="830" count="0" type="stmt"/>
      <line num="837" count="0" type="cond" truecount="0" falsecount="2"/>
      <line num="839" count="0" type="stmt"/>
      <line num="840" count="0" type="cond" truecount="0" falsecount="2"/>
      <line num="841" count="0" type="stmt"/>
      <line num="842" count="0" type="stmt"/>
      <line num="843" count="0" type="stmt"/>
      <line num="847" count="0" type="cond" truecount="0" falsecount="2"/>
      <line num="848" count="0" type="stmt"/>
      <line num="849" count="0" type="stmt"/>
      <line num="850" count="0" type="cond" truecount="0" falsecount="2"/>
      <line num="851" count="0" type="stmt"/>
      <line num="853" count="0" type="stmt"/>
      <line num="854" count="0" type="stmt"/>
      <line num="858" count="0" type="stmt"/>
      <line num="859" count="0" type="stmt"/>
      <line num="866" count="3" type="stmt"/>
      <line num="867" count="3" type="cond" truecount="1" falsecount="1"/>
      <line num="869" count="3" type="stmt"/>
      <line num="872" count="3" type="stmt"/>
      <line num="873" count="3" type="stmt"/>
      <line num="875" count="3" type="stmt"/>
      <line num="876" count="3" type="stmt"/>
      <line num="877" count="3" type="stmt"/>
      <line num="878" count="3" type="stmt"/>
      <line num="880" count="3" type="stmt"/>
      <line num="881" count="3" type="stmt"/>
      <line num="883" count="3" type="stmt"/>
      <line num="884" count="3" type="stmt"/>
      <line num="885" count="3" type="stmt"/>
      <line num="887" count="3" type="stmt"/>
      <line num="888" count="3" type="stmt"/>
      <line num="889" count="3" type="stmt"/>
      <line num="891" count="3" type="stmt"/>
      <line num="892" count="3" type="stmt"/>
      <line num="893" count="3" type="stmt"/>
      <line num="896" count="3" type="stmt"/>
      <line num="897" count="3" type="stmt"/>
      <line num="900" count="3" type="stmt"/>
      <line num="903" count="3" type="stmt"/>
      <line num="904" count="1" type="stmt"/>
      <line num="908" count="3" type="stmt"/>
      <line num="909" count="2" type="stmt"/>
      <line num="911" count="2" type="stmt"/>
      <line num="913" count="2" type="stmt"/>
      <line num="914" count="2" type="stmt"/>
      <line num="924" count="2" type="cond" truecount="2" falsecount="0"/>
      <line num="926" count="1" type="stmt"/>
      <line num="927" count="1" type="stmt"/>
      <line num="929" count="1" type="cond" truecount="1" falsecount="1"/>
      <line num="930" count="1" type="stmt"/>
      <line num="931" count="1" type="stmt"/>
      <line num="932" count="0" type="cond" truecount="0" falsecount="2"/>
      <line num="933" count="0" type="stmt"/>
      <line num="935" count="0" type="stmt"/>
      <line num="936" count="0" type="stmt"/>
      <line num="937" count="0" type="stmt"/>
      <line num="941" count="0" type="stmt"/>
      <line num="942" count="0" type="stmt"/>
      <line num="943" count="0" type="stmt"/>
      <line num="951" count="1" type="stmt"/>
      <line num="952" count="1" type="cond" truecount="1" falsecount="1"/>
      <line num="954" count="1" type="stmt"/>
      <line num="957" count="1" type="stmt"/>
      <line num="958" count="1" type="stmt"/>
      <line num="960" count="1" type="stmt"/>
      <line num="961" count="1" type="stmt"/>
      <line num="962" count="1" type="stmt"/>
      <line num="963" count="1" type="stmt"/>
      <line num="965" count="1" type="stmt"/>
      <line num="966" count="1" type="stmt"/>
      <line num="968" count="1" type="stmt"/>
      <line num="969" count="1" type="stmt"/>
      <line num="970" count="1" type="stmt"/>
      <line num="972" count="1" type="stmt"/>
      <line num="973" count="1" type="stmt"/>
      <line num="974" count="1" type="stmt"/>
      <line num="976" count="1" type="stmt"/>
      <line num="977" count="1" type="stmt"/>
      <line num="978" count="1" type="stmt"/>
      <line num="981" count="1" type="stmt"/>
      <line num="982" count="1" type="stmt"/>
      <line num="985" count="1" type="stmt"/>
      <line num="988" count="1" type="stmt"/>
      <line num="989" count="0" type="stmt"/>
      <line num="993" count="1" type="stmt"/>
      <line num="994" count="1" type="stmt"/>
      <line num="997" count="1" type="stmt"/>
      <line num="999" count="1" type="stmt"/>
      <line num="1000" count="1" type="stmt"/>
      <line num="1010" count="1" type="cond" truecount="1" falsecount="1"/>
      <line num="1012" count="1" type="stmt"/>
      <line num="1013" count="1" type="stmt"/>
      <line num="1015" count="0" type="cond" truecount="0" falsecount="2"/>
      <line num="1016" count="0" type="stmt"/>
      <line num="1017" count="0" type="stmt"/>
      <line num="1018" count="0" type="cond" truecount="0" falsecount="2"/>
      <line num="1019" count="0" type="stmt"/>
      <line num="1021" count="0" type="stmt"/>
      <line num="1022" count="0" type="stmt"/>
      <line num="1023" count="0" type="stmt"/>
      <line num="1027" count="0" type="stmt"/>
      <line num="1028" count="0" type="stmt"/>
      <line num="1029" count="0" type="stmt"/>
      <line num="1035" count="1" type="stmt"/>
      <line num="1036" count="0" type="stmt"/>
      <line num="1037" count="0" type="stmt"/>
      <line num="1040" count="0" type="stmt"/>
      <line num="1043" count="0" type="stmt"/>
      <line num="1044" count="0" type="stmt"/>
      <line num="1046" count="0" type="stmt"/>
      <line num="1047" count="0" type="stmt"/>
      <line num="1051" count="0" type="stmt"/>
      <line num="1052" count="0" type="stmt"/>
      <line num="1054" count="0" type="stmt"/>
      <line num="1055" count="0" type="cond" truecount="0" falsecount="2"/>
      <line num="1056" count="0" type="stmt"/>
      <line num="1058" count="0" type="stmt"/>
      <line num="1063" count="0" type="stmt"/>
      <line num="1064" count="0" type="stmt"/>
      <line num="1065" count="0" type="stmt"/>
      <line num="1066" count="0" type="stmt"/>
      <line num="1067" count="0" type="stmt"/>
      <line num="1069" count="0" type="stmt"/>
      <line num="1070" count="0" type="stmt"/>
      <line num="1072" count="0" type="stmt"/>
      <line num="1073" count="0" type="cond" truecount="0" falsecount="2"/>
      <line num="1075" count="0" type="stmt"/>
      <line num="1076" count="0" type="stmt"/>
      <line num="1079" count="0" type="cond" truecount="0" falsecount="2"/>
      <line num="1080" count="0" type="cond" truecount="0" falsecount="2"/>
      <line num="1083" count="0" type="cond" truecount="0" falsecount="2"/>
      <line num="1084" count="0" type="stmt"/>
      <line num="1085" count="0" type="stmt"/>
      <line num="1089" count="0" type="cond" truecount="0" falsecount="4"/>
      <line num="1090" count="0" type="stmt"/>
      <line num="1091" count="0" type="stmt"/>
      <line num="1095" count="0" type="stmt"/>
      <line num="1096" count="0" type="stmt"/>
      <line num="1098" count="0" type="cond" truecount="0" falsecount="2"/>
      <line num="1099" count="0" type="cond" truecount="0" falsecount="2"/>
      <line num="1102" count="0" type="cond" truecount="0" falsecount="2"/>
      <line num="1103" count="0" type="cond" truecount="0" falsecount="2"/>
      <line num="1104" count="0" type="stmt"/>
      <line num="1106" count="0" type="stmt"/>
      <line num="1111" count="0" type="cond" truecount="0" falsecount="4"/>
      <line num="1112" count="0" type="cond" truecount="0" falsecount="2"/>
      <line num="1113" count="0" type="stmt"/>
      <line num="1117" count="0" type="stmt"/>
      <line num="1120" count="1" type="cond" truecount="3" falsecount="1"/>
      <line num="1121" count="1" type="stmt"/>
    </file>
  </project>
</coverage>
