{"/Users/duy/Documents/UCD/ECS160 Web Programming/New_HW3/frontend/script.js": {"path":"/Users/duy/Documents/UCD/ECS160 Web Programming/New_HW3/frontend/script.js","statementMap":{"0":{"start":{"line":2,"column":14},"end":{"line":2,"column":32}},"1":{"start":{"line":5,"column":18},"end":{"line":5,"column":54}},"2":{"start":{"line":6,"column":16},"end":{"line":6,"column":50}},"3":{"start":{"line":7,"column":17},"end":{"line":7,"column":56}},"4":{"start":{"line":9,"column":0},"end":{"line":11,"column":3}},"5":{"start":{"line":10,"column":4},"end":{"line":10,"column":36}},"6":{"start":{"line":13,"column":0},"end":{"line":15,"column":3}},"7":{"start":{"line":14,"column":4},"end":{"line":14,"column":35}},"8":{"start":{"line":18,"column":19},"end":{"line":18,"column":57}},"9":{"start":{"line":19,"column":20},"end":{"line":19,"column":60}},"10":{"start":{"line":20,"column":15},"end":{"line":20,"column":82}},"11":{"start":{"line":21,"column":14},"end":{"line":21,"column":24}},"12":{"start":{"line":22,"column":0},"end":{"line":22,"column":67}},"13":{"start":{"line":23,"column":0},"end":{"line":23,"column":68}},"14":{"start":{"line":26,"column":15},"end":{"line":26,"column":16}},"15":{"start":{"line":27,"column":17},"end":{"line":27,"column":22}},"16":{"start":{"line":28,"column":22},"end":{"line":28,"column":26}},"17":{"start":{"line":29,"column":21},"end":{"line":29,"column":22}},"18":{"start":{"line":32,"column":22},"end":{"line":32,"column":27}},"19":{"start":{"line":37,"column":27},"end":{"line":37,"column":30}},"20":{"start":{"line":38,"column":20},"end":{"line":38,"column":58}},"21":{"start":{"line":39,"column":4},"end":{"line":39,"column":33}},"22":{"start":{"line":44,"column":4},"end":{"line":56,"column":5}},"23":{"start":{"line":45,"column":25},"end":{"line":45,"column":48}},"24":{"start":{"line":46,"column":8},"end":{"line":52,"column":9}},"25":{"start":{"line":47,"column":25},"end":{"line":47,"column":46}},"26":{"start":{"line":48,"column":12},"end":{"line":48,"column":28}},"27":{"start":{"line":50,"column":12},"end":{"line":50,"column":71}},"28":{"start":{"line":51,"column":12},"end":{"line":51,"column":24}},"29":{"start":{"line":54,"column":8},"end":{"line":54,"column":56}},"30":{"start":{"line":55,"column":8},"end":{"line":55,"column":20}},"31":{"start":{"line":63,"column":4},"end":{"line":68,"column":5}},"32":{"start":{"line":64,"column":8},"end":{"line":66,"column":9}},"33":{"start":{"line":65,"column":12},"end":{"line":65,"column":36}},"34":{"start":{"line":67,"column":8},"end":{"line":67,"column":15}},"35":{"start":{"line":70,"column":4},"end":{"line":70,"column":22}},"36":{"start":{"line":72,"column":4},"end":{"line":102,"column":5}},"37":{"start":{"line":73,"column":23},"end":{"line":73,"column":42}},"38":{"start":{"line":74,"column":8},"end":{"line":78,"column":9}},"39":{"start":{"line":75,"column":12},"end":{"line":75,"column":50}},"40":{"start":{"line":76,"column":12},"end":{"line":76,"column":31}},"41":{"start":{"line":77,"column":12},"end":{"line":77,"column":19}},"42":{"start":{"line":81,"column":25},"end":{"line":81,"column":138}},"43":{"start":{"line":82,"column":8},"end":{"line":96,"column":9}},"44":{"start":{"line":83,"column":25},"end":{"line":83,"column":46}},"45":{"start":{"line":86,"column":12},"end":{"line":92,"column":13}},"46":{"start":{"line":87,"column":16},"end":{"line":87,"column":64}},"47":{"start":{"line":88,"column":16},"end":{"line":88,"column":32}},"48":{"start":{"line":91,"column":16},"end":{"line":91,"column":40}},"49":{"start":{"line":94,"column":12},"end":{"line":94,"column":72}},"50":{"start":{"line":95,"column":12},"end":{"line":95,"column":36}},"51":{"start":{"line":98,"column":8},"end":{"line":98,"column":57}},"52":{"start":{"line":99,"column":8},"end":{"line":99,"column":32}},"53":{"start":{"line":101,"column":8},"end":{"line":101,"column":27}},"54":{"start":{"line":107,"column":26},"end":{"line":107,"column":67}},"55":{"start":{"line":110,"column":4},"end":{"line":112,"column":5}},"56":{"start":{"line":111,"column":8},"end":{"line":111,"column":37}},"57":{"start":{"line":115,"column":4},"end":{"line":203,"column":5}},"58":{"start":{"line":115,"column":17},"end":{"line":115,"column":18}},"59":{"start":{"line":116,"column":24},"end":{"line":116,"column":35}},"60":{"start":{"line":119,"column":27},"end":{"line":119,"column":56}},"61":{"start":{"line":122,"column":23},"end":{"line":122,"column":28}},"62":{"start":{"line":123,"column":21},"end":{"line":123,"column":38}},"63":{"start":{"line":125,"column":8},"end":{"line":133,"column":9}},"64":{"start":{"line":127,"column":12},"end":{"line":127,"column":76}},"65":{"start":{"line":128,"column":12},"end":{"line":128,"column":28}},"66":{"start":{"line":129,"column":15},"end":{"line":133,"column":9}},"67":{"start":{"line":131,"column":12},"end":{"line":131,"column":52}},"68":{"start":{"line":132,"column":12},"end":{"line":132,"column":28}},"69":{"start":{"line":136,"column":8},"end":{"line":141,"column":9}},"70":{"start":{"line":137,"column":26},"end":{"line":137,"column":55}},"71":{"start":{"line":138,"column":12},"end":{"line":138,"column":31}},"72":{"start":{"line":139,"column":12},"end":{"line":139,"column":35}},"73":{"start":{"line":140,"column":12},"end":{"line":140,"column":42}},"74":{"start":{"line":144,"column":26},"end":{"line":144,"column":54}},"75":{"start":{"line":145,"column":8},"end":{"line":145,"column":43}},"76":{"start":{"line":146,"column":8},"end":{"line":146,"column":54}},"77":{"start":{"line":147,"column":8},"end":{"line":147,"column":42}},"78":{"start":{"line":150,"column":25},"end":{"line":150,"column":52}},"79":{"start":{"line":151,"column":8},"end":{"line":151,"column":41}},"80":{"start":{"line":152,"column":8},"end":{"line":152,"column":73}},"81":{"start":{"line":153,"column":8},"end":{"line":153,"column":41}},"82":{"start":{"line":156,"column":25},"end":{"line":156,"column":52}},"83":{"start":{"line":157,"column":8},"end":{"line":157,"column":41}},"84":{"start":{"line":158,"column":8},"end":{"line":158,"column":75}},"85":{"start":{"line":161,"column":27},"end":{"line":161,"column":54}},"86":{"start":{"line":162,"column":8},"end":{"line":162,"column":45}},"87":{"start":{"line":165,"column":28},"end":{"line":165,"column":55}},"88":{"start":{"line":166,"column":8},"end":{"line":166,"column":49}},"89":{"start":{"line":167,"column":8},"end":{"line":167,"column":44}},"90":{"start":{"line":168,"column":8},"end":{"line":168,"column":44}},"91":{"start":{"line":171,"column":28},"end":{"line":171,"column":29}},"92":{"start":{"line":173,"column":8},"end":{"line":185,"column":9}},"93":{"start":{"line":175,"column":34},"end":{"line":175,"column":112}},"94":{"start":{"line":176,"column":12},"end":{"line":180,"column":13}},"95":{"start":{"line":177,"column":29},"end":{"line":177,"column":55}},"96":{"start":{"line":178,"column":16},"end":{"line":178,"column":43}},"97":{"start":{"line":179,"column":16},"end":{"line":179,"column":85}},"98":{"start":{"line":182,"column":12},"end":{"line":182,"column":66}},"99":{"start":{"line":184,"column":12},"end":{"line":184,"column":66}},"100":{"start":{"line":188,"column":30},"end":{"line":188,"column":59}},"101":{"start":{"line":189,"column":8},"end":{"line":189,"column":51}},"102":{"start":{"line":190,"column":8},"end":{"line":190,"column":44}},"103":{"start":{"line":191,"column":8},"end":{"line":191,"column":46}},"104":{"start":{"line":192,"column":8},"end":{"line":192,"column":46}},"105":{"start":{"line":195,"column":8},"end":{"line":199,"column":11}},"106":{"start":{"line":196,"column":12},"end":{"line":196,"column":69}},"107":{"start":{"line":197,"column":12},"end":{"line":197,"column":86}},"108":{"start":{"line":198,"column":12},"end":{"line":198,"column":58}},"109":{"start":{"line":202,"column":8},"end":{"line":202,"column":46}},"110":{"start":{"line":210,"column":4},"end":{"line":213,"column":5}},"111":{"start":{"line":211,"column":8},"end":{"line":211,"column":58}},"112":{"start":{"line":212,"column":8},"end":{"line":212,"column":15}},"113":{"start":{"line":215,"column":25},"end":{"line":215,"column":43}},"114":{"start":{"line":216,"column":27},"end":{"line":216,"column":64}},"115":{"start":{"line":217,"column":22},"end":{"line":217,"column":78}},"116":{"start":{"line":220,"column":4},"end":{"line":224,"column":5}},"117":{"start":{"line":221,"column":8},"end":{"line":223,"column":9}},"118":{"start":{"line":222,"column":12},"end":{"line":222,"column":39}},"119":{"start":{"line":229,"column":27},"end":{"line":229,"column":69}},"120":{"start":{"line":230,"column":26},"end":{"line":230,"column":67}},"121":{"start":{"line":231,"column":32},"end":{"line":231,"column":80}},"122":{"start":{"line":232,"column":24},"end":{"line":232,"column":71}},"123":{"start":{"line":235,"column":4},"end":{"line":239,"column":5}},"124":{"start":{"line":236,"column":8},"end":{"line":238,"column":11}},"125":{"start":{"line":237,"column":12},"end":{"line":237,"column":50}},"126":{"start":{"line":242,"column":4},"end":{"line":262,"column":5}},"127":{"start":{"line":243,"column":8},"end":{"line":261,"column":11}},"128":{"start":{"line":244,"column":12},"end":{"line":244,"column":31}},"129":{"start":{"line":245,"column":12},"end":{"line":245,"column":32}},"130":{"start":{"line":246,"column":12},"end":{"line":260,"column":19}},"131":{"start":{"line":247,"column":34},"end":{"line":247,"column":49}},"132":{"start":{"line":249,"column":20},"end":{"line":255,"column":21}},"133":{"start":{"line":251,"column":24},"end":{"line":251,"column":62}},"134":{"start":{"line":254,"column":24},"end":{"line":254,"column":56}},"135":{"start":{"line":258,"column":20},"end":{"line":258,"column":73}},"136":{"start":{"line":259,"column":20},"end":{"line":259,"column":52}},"137":{"start":{"line":265,"column":4},"end":{"line":269,"column":5}},"138":{"start":{"line":266,"column":8},"end":{"line":268,"column":11}},"139":{"start":{"line":267,"column":12},"end":{"line":267,"column":50}},"140":{"start":{"line":272,"column":4},"end":{"line":276,"column":7}},"141":{"start":{"line":273,"column":8},"end":{"line":275,"column":9}},"142":{"start":{"line":274,"column":12},"end":{"line":274,"column":50}},"143":{"start":{"line":280,"column":19},"end":{"line":280,"column":21}},"144":{"start":{"line":284,"column":27},"end":{"line":284,"column":69}},"145":{"start":{"line":285,"column":29},"end":{"line":285,"column":77}},"146":{"start":{"line":286,"column":29},"end":{"line":286,"column":69}},"147":{"start":{"line":287,"column":30},"end":{"line":287,"column":75}},"148":{"start":{"line":290,"column":4},"end":{"line":290,"column":48}},"149":{"start":{"line":292,"column":4},"end":{"line":305,"column":5}},"150":{"start":{"line":294,"column":30},"end":{"line":294,"column":99}},"151":{"start":{"line":295,"column":8},"end":{"line":301,"column":9}},"152":{"start":{"line":296,"column":25},"end":{"line":296,"column":51}},"153":{"start":{"line":297,"column":12},"end":{"line":297,"column":61}},"154":{"start":{"line":300,"column":12},"end":{"line":300,"column":56}},"155":{"start":{"line":303,"column":8},"end":{"line":303,"column":61}},"156":{"start":{"line":304,"column":8},"end":{"line":304,"column":52}},"157":{"start":{"line":308,"column":4},"end":{"line":308,"column":42}},"158":{"start":{"line":311,"column":4},"end":{"line":311,"column":38}},"159":{"start":{"line":314,"column":4},"end":{"line":314,"column":44}},"160":{"start":{"line":319,"column":4},"end":{"line":337,"column":5}},"161":{"start":{"line":320,"column":8},"end":{"line":320,"column":80}},"162":{"start":{"line":321,"column":25},"end":{"line":321,"column":89}},"163":{"start":{"line":323,"column":8},"end":{"line":332,"column":9}},"164":{"start":{"line":324,"column":29},"end":{"line":324,"column":50}},"165":{"start":{"line":325,"column":12},"end":{"line":325,"column":50}},"166":{"start":{"line":326,"column":12},"end":{"line":326,"column":42}},"167":{"start":{"line":328,"column":12},"end":{"line":328,"column":72}},"168":{"start":{"line":330,"column":12},"end":{"line":330,"column":44}},"169":{"start":{"line":331,"column":12},"end":{"line":331,"column":42}},"170":{"start":{"line":334,"column":8},"end":{"line":334,"column":57}},"171":{"start":{"line":335,"column":8},"end":{"line":335,"column":40}},"172":{"start":{"line":336,"column":8},"end":{"line":336,"column":38}},"173":{"start":{"line":342,"column":30},"end":{"line":342,"column":75}},"174":{"start":{"line":345,"column":4},"end":{"line":345,"column":37}},"175":{"start":{"line":348,"column":28},"end":{"line":348,"column":60}},"176":{"start":{"line":351,"column":4},"end":{"line":354,"column":7}},"177":{"start":{"line":352,"column":31},"end":{"line":352,"column":60}},"178":{"start":{"line":353,"column":8},"end":{"line":353,"column":54}},"179":{"start":{"line":359,"column":4},"end":{"line":359,"column":80}},"180":{"start":{"line":361,"column":23},"end":{"line":361,"column":52}},"181":{"start":{"line":362,"column":4},"end":{"line":362,"column":37}},"182":{"start":{"line":363,"column":4},"end":{"line":363,"column":54}},"183":{"start":{"line":366,"column":22},"end":{"line":366,"column":51}},"184":{"start":{"line":367,"column":4},"end":{"line":367,"column":43}},"185":{"start":{"line":369,"column":22},"end":{"line":369,"column":51}},"186":{"start":{"line":370,"column":4},"end":{"line":370,"column":43}},"187":{"start":{"line":372,"column":23},"end":{"line":372,"column":50}},"188":{"start":{"line":373,"column":4},"end":{"line":373,"column":44}},"189":{"start":{"line":374,"column":4},"end":{"line":374,"column":38}},"190":{"start":{"line":375,"column":4},"end":{"line":375,"column":38}},"191":{"start":{"line":377,"column":25},"end":{"line":377,"column":55}},"192":{"start":{"line":378,"column":4},"end":{"line":378,"column":48}},"193":{"start":{"line":379,"column":4},"end":{"line":379,"column":48}},"194":{"start":{"line":381,"column":4},"end":{"line":381,"column":37}},"195":{"start":{"line":382,"column":4},"end":{"line":382,"column":40}},"196":{"start":{"line":383,"column":4},"end":{"line":383,"column":38}},"197":{"start":{"line":386,"column":24},"end":{"line":386,"column":51}},"198":{"start":{"line":387,"column":4},"end":{"line":387,"column":43}},"199":{"start":{"line":388,"column":4},"end":{"line":388,"column":43}},"200":{"start":{"line":389,"column":4},"end":{"line":389,"column":40}},"201":{"start":{"line":392,"column":23},"end":{"line":392,"column":52}},"202":{"start":{"line":393,"column":4},"end":{"line":393,"column":45}},"203":{"start":{"line":396,"column":24},"end":{"line":396,"column":56}},"204":{"start":{"line":397,"column":4},"end":{"line":397,"column":43}},"205":{"start":{"line":398,"column":4},"end":{"line":398,"column":38}},"206":{"start":{"line":399,"column":4},"end":{"line":407,"column":7}},"207":{"start":{"line":400,"column":8},"end":{"line":406,"column":9}},"208":{"start":{"line":402,"column":12},"end":{"line":402,"column":71}},"209":{"start":{"line":405,"column":12},"end":{"line":405,"column":55}},"210":{"start":{"line":409,"column":4},"end":{"line":409,"column":40}},"211":{"start":{"line":412,"column":4},"end":{"line":429,"column":5}},"212":{"start":{"line":413,"column":29},"end":{"line":413,"column":61}},"213":{"start":{"line":414,"column":8},"end":{"line":414,"column":49}},"214":{"start":{"line":415,"column":8},"end":{"line":415,"column":44}},"215":{"start":{"line":418,"column":8},"end":{"line":426,"column":9}},"216":{"start":{"line":419,"column":12},"end":{"line":421,"column":15}},"217":{"start":{"line":420,"column":16},"end":{"line":420,"column":65}},"218":{"start":{"line":423,"column":12},"end":{"line":425,"column":15}},"219":{"start":{"line":424,"column":16},"end":{"line":424,"column":57}},"220":{"start":{"line":428,"column":8},"end":{"line":428,"column":45}},"221":{"start":{"line":432,"column":4},"end":{"line":450,"column":5}},"222":{"start":{"line":433,"column":29},"end":{"line":433,"column":61}},"223":{"start":{"line":434,"column":8},"end":{"line":434,"column":49}},"224":{"start":{"line":435,"column":8},"end":{"line":435,"column":44}},"225":{"start":{"line":436,"column":8},"end":{"line":436,"column":47}},"226":{"start":{"line":439,"column":8},"end":{"line":447,"column":9}},"227":{"start":{"line":440,"column":12},"end":{"line":442,"column":15}},"228":{"start":{"line":441,"column":16},"end":{"line":441,"column":65}},"229":{"start":{"line":444,"column":12},"end":{"line":446,"column":15}},"230":{"start":{"line":445,"column":16},"end":{"line":445,"column":57}},"231":{"start":{"line":449,"column":8},"end":{"line":449,"column":45}},"232":{"start":{"line":452,"column":4},"end":{"line":452,"column":39}},"233":{"start":{"line":455,"column":25},"end":{"line":455,"column":54}},"234":{"start":{"line":456,"column":4},"end":{"line":456,"column":53}},"235":{"start":{"line":457,"column":22},"end":{"line":457,"column":47}},"236":{"start":{"line":458,"column":4},"end":{"line":458,"column":48}},"237":{"start":{"line":460,"column":26},"end":{"line":460,"column":60}},"238":{"start":{"line":461,"column":4},"end":{"line":461,"column":47}},"239":{"start":{"line":462,"column":4},"end":{"line":462,"column":51}},"240":{"start":{"line":464,"column":22},"end":{"line":464,"column":51}},"241":{"start":{"line":465,"column":4},"end":{"line":465,"column":42}},"242":{"start":{"line":467,"column":25},"end":{"line":467,"column":57}},"243":{"start":{"line":468,"column":4},"end":{"line":468,"column":46}},"244":{"start":{"line":469,"column":4},"end":{"line":469,"column":40}},"245":{"start":{"line":470,"column":4},"end":{"line":472,"column":7}},"246":{"start":{"line":471,"column":8},"end":{"line":471,"column":35}},"247":{"start":{"line":474,"column":25},"end":{"line":474,"column":57}},"248":{"start":{"line":475,"column":4},"end":{"line":475,"column":46}},"249":{"start":{"line":476,"column":4},"end":{"line":476,"column":39}},"250":{"start":{"line":477,"column":4},"end":{"line":489,"column":7}},"251":{"start":{"line":478,"column":21},"end":{"line":478,"column":33}},"252":{"start":{"line":479,"column":31},"end":{"line":479,"column":69}},"253":{"start":{"line":480,"column":32},"end":{"line":480,"column":60}},"254":{"start":{"line":482,"column":8},"end":{"line":488,"column":9}},"255":{"start":{"line":484,"column":12},"end":{"line":484,"column":79}},"256":{"start":{"line":487,"column":12},"end":{"line":487,"column":56}},"257":{"start":{"line":491,"column":4},"end":{"line":491,"column":40}},"258":{"start":{"line":492,"column":4},"end":{"line":492,"column":40}},"259":{"start":{"line":494,"column":4},"end":{"line":494,"column":44}},"260":{"start":{"line":495,"column":4},"end":{"line":495,"column":40}},"261":{"start":{"line":496,"column":4},"end":{"line":496,"column":41}},"262":{"start":{"line":499,"column":4},"end":{"line":521,"column":5}},"263":{"start":{"line":500,"column":27},"end":{"line":500,"column":56}},"264":{"start":{"line":501,"column":8},"end":{"line":501,"column":41}},"265":{"start":{"line":503,"column":8},"end":{"line":518,"column":11}},"266":{"start":{"line":505,"column":29},"end":{"line":505,"column":64}},"267":{"start":{"line":508,"column":12},"end":{"line":515,"column":13}},"268":{"start":{"line":510,"column":16},"end":{"line":510,"column":92}},"269":{"start":{"line":511,"column":16},"end":{"line":511,"column":59}},"270":{"start":{"line":514,"column":16},"end":{"line":514,"column":92}},"271":{"start":{"line":517,"column":12},"end":{"line":517,"column":49}},"272":{"start":{"line":520,"column":8},"end":{"line":520,"column":43}},"273":{"start":{"line":523,"column":4},"end":{"line":523,"column":22}},"274":{"start":{"line":528,"column":4},"end":{"line":530,"column":5}},"275":{"start":{"line":529,"column":8},"end":{"line":529,"column":28}},"276":{"start":{"line":532,"column":26},"end":{"line":532,"column":51}},"277":{"start":{"line":533,"column":24},"end":{"line":533,"column":47}},"278":{"start":{"line":535,"column":25},"end":{"line":535,"column":64}},"279":{"start":{"line":537,"column":25},"end":{"line":537,"column":27}},"280":{"start":{"line":539,"column":4},"end":{"line":547,"column":5}},"281":{"start":{"line":540,"column":8},"end":{"line":546,"column":9}},"282":{"start":{"line":540,"column":21},"end":{"line":540,"column":39}},"283":{"start":{"line":541,"column":12},"end":{"line":545,"column":13}},"284":{"start":{"line":542,"column":16},"end":{"line":542,"column":39}},"285":{"start":{"line":543,"column":16},"end":{"line":543,"column":35}},"286":{"start":{"line":544,"column":16},"end":{"line":544,"column":22}},"287":{"start":{"line":548,"column":4},"end":{"line":550,"column":16}},"288":{"start":{"line":549,"column":8},"end":{"line":549,"column":56}},"289":{"start":{"line":555,"column":22},"end":{"line":555,"column":72}},"290":{"start":{"line":557,"column":4},"end":{"line":571,"column":5}},"291":{"start":{"line":558,"column":8},"end":{"line":558,"column":41}},"292":{"start":{"line":560,"column":8},"end":{"line":560,"column":42}},"293":{"start":{"line":563,"column":8},"end":{"line":563,"column":58}},"294":{"start":{"line":564,"column":8},"end":{"line":566,"column":9}},"295":{"start":{"line":565,"column":12},"end":{"line":565,"column":64}},"296":{"start":{"line":569,"column":25},"end":{"line":569,"column":67}},"297":{"start":{"line":570,"column":8},"end":{"line":570,"column":25}},"298":{"start":{"line":576,"column":4},"end":{"line":576,"column":29}},"299":{"start":{"line":576,"column":22},"end":{"line":576,"column":29}},"300":{"start":{"line":578,"column":25},"end":{"line":578,"column":85}},"301":{"start":{"line":580,"column":4},"end":{"line":626,"column":5}},"302":{"start":{"line":581,"column":25},"end":{"line":589,"column":10}},"303":{"start":{"line":590,"column":10},"end":{"line":622,"column":9}},"304":{"start":{"line":591,"column":27},"end":{"line":591,"column":48}},"305":{"start":{"line":592,"column":12},"end":{"line":592,"column":61}},"306":{"start":{"line":594,"column":40},"end":{"line":594,"column":100}},"307":{"start":{"line":595,"column":12},"end":{"line":595,"column":53}},"308":{"start":{"line":598,"column":12},"end":{"line":607,"column":13}},"309":{"start":{"line":599,"column":38},"end":{"line":599,"column":114}},"310":{"start":{"line":600,"column":16},"end":{"line":604,"column":17}},"311":{"start":{"line":601,"column":33},"end":{"line":601,"column":59}},"312":{"start":{"line":602,"column":45},"end":{"line":602,"column":85}},"313":{"start":{"line":603,"column":20},"end":{"line":603,"column":69}},"314":{"start":{"line":606,"column":16},"end":{"line":606,"column":70}},"315":{"start":{"line":610,"column":30},"end":{"line":610,"column":79}},"316":{"start":{"line":611,"column":12},"end":{"line":613,"column":13}},"317":{"start":{"line":612,"column":16},"end":{"line":612,"column":49}},"318":{"start":{"line":615,"column":12},"end":{"line":621,"column":13}},"319":{"start":{"line":616,"column":16},"end":{"line":616,"column":54}},"320":{"start":{"line":617,"column":16},"end":{"line":617,"column":48}},"321":{"start":{"line":619,"column":16},"end":{"line":619,"column":74}},"322":{"start":{"line":620,"column":16},"end":{"line":620,"column":64}},"323":{"start":{"line":624,"column":8},"end":{"line":624,"column":56}},"324":{"start":{"line":625,"column":8},"end":{"line":625,"column":67}},"325":{"start":{"line":631,"column":4},"end":{"line":631,"column":29}},"326":{"start":{"line":631,"column":22},"end":{"line":631,"column":29}},"327":{"start":{"line":633,"column":4},"end":{"line":681,"column":5}},"328":{"start":{"line":634,"column":25},"end":{"line":642,"column":10}},"329":{"start":{"line":644,"column":8},"end":{"line":677,"column":9}},"330":{"start":{"line":646,"column":40},"end":{"line":646,"column":100}},"331":{"start":{"line":647,"column":12},"end":{"line":647,"column":53}},"332":{"start":{"line":650,"column":30},"end":{"line":650,"column":78}},"333":{"start":{"line":651,"column":12},"end":{"line":653,"column":13}},"334":{"start":{"line":652,"column":16},"end":{"line":652,"column":49}},"335":{"start":{"line":656,"column":12},"end":{"line":668,"column":13}},"336":{"start":{"line":657,"column":38},"end":{"line":657,"column":114}},"337":{"start":{"line":658,"column":16},"end":{"line":665,"column":17}},"338":{"start":{"line":659,"column":33},"end":{"line":659,"column":59}},"339":{"start":{"line":660,"column":45},"end":{"line":660,"column":85}},"340":{"start":{"line":661,"column":20},"end":{"line":661,"column":69}},"341":{"start":{"line":664,"column":20},"end":{"line":664,"column":80}},"342":{"start":{"line":667,"column":16},"end":{"line":667,"column":70}},"343":{"start":{"line":670,"column":12},"end":{"line":676,"column":13}},"344":{"start":{"line":671,"column":16},"end":{"line":671,"column":48}},"345":{"start":{"line":672,"column":16},"end":{"line":672,"column":48}},"346":{"start":{"line":674,"column":16},"end":{"line":674,"column":81}},"347":{"start":{"line":675,"column":16},"end":{"line":675,"column":64}},"348":{"start":{"line":679,"column":8},"end":{"line":679,"column":63}},"349":{"start":{"line":680,"column":8},"end":{"line":680,"column":67}},"350":{"start":{"line":686,"column":27},"end":{"line":686,"column":69}},"351":{"start":{"line":687,"column":24},"end":{"line":687,"column":77}},"352":{"start":{"line":688,"column":21},"end":{"line":688,"column":64}},"353":{"start":{"line":689,"column":23},"end":{"line":689,"column":65}},"354":{"start":{"line":690,"column":25},"end":{"line":690,"column":66}},"355":{"start":{"line":691,"column":25},"end":{"line":691,"column":66}},"356":{"start":{"line":693,"column":4},"end":{"line":695,"column":5}},"357":{"start":{"line":694,"column":8},"end":{"line":694,"column":62}},"358":{"start":{"line":698,"column":4},"end":{"line":700,"column":7}},"359":{"start":{"line":699,"column":8},"end":{"line":699,"column":46}},"360":{"start":{"line":703,"column":4},"end":{"line":709,"column":7}},"361":{"start":{"line":704,"column":8},"end":{"line":708,"column":9}},"362":{"start":{"line":705,"column":12},"end":{"line":705,"column":46}},"363":{"start":{"line":707,"column":12},"end":{"line":707,"column":46}},"364":{"start":{"line":712,"column":4},"end":{"line":720,"column":7}},"365":{"start":{"line":713,"column":28},"end":{"line":713,"column":49}},"366":{"start":{"line":715,"column":8},"end":{"line":719,"column":9}},"367":{"start":{"line":716,"column":12},"end":{"line":716,"column":53}},"368":{"start":{"line":717,"column":12},"end":{"line":717,"column":32}},"369":{"start":{"line":718,"column":12},"end":{"line":718,"column":46}},"370":{"start":{"line":723,"column":4},"end":{"line":726,"column":7}},"371":{"start":{"line":724,"column":8},"end":{"line":724,"column":28}},"372":{"start":{"line":725,"column":8},"end":{"line":725,"column":42}},"373":{"start":{"line":728,"column":4},"end":{"line":728,"column":79}},"374":{"start":{"line":733,"column":4},"end":{"line":733,"column":29}},"375":{"start":{"line":733,"column":22},"end":{"line":733,"column":29}},"376":{"start":{"line":735,"column":4},"end":{"line":781,"column":5}},"377":{"start":{"line":737,"column":36},"end":{"line":737,"column":96}},"378":{"start":{"line":739,"column":25},"end":{"line":749,"column":10}},"379":{"start":{"line":751,"column":8},"end":{"line":777,"column":9}},"380":{"start":{"line":752,"column":27},"end":{"line":752,"column":48}},"381":{"start":{"line":753,"column":12},"end":{"line":753,"column":63}},"382":{"start":{"line":755,"column":40},"end":{"line":755,"column":100}},"383":{"start":{"line":756,"column":12},"end":{"line":756,"column":53}},"384":{"start":{"line":759,"column":12},"end":{"line":768,"column":13}},"385":{"start":{"line":760,"column":38},"end":{"line":760,"column":114}},"386":{"start":{"line":761,"column":16},"end":{"line":765,"column":17}},"387":{"start":{"line":762,"column":33},"end":{"line":762,"column":59}},"388":{"start":{"line":763,"column":45},"end":{"line":763,"column":85}},"389":{"start":{"line":764,"column":20},"end":{"line":764,"column":69}},"390":{"start":{"line":767,"column":16},"end":{"line":767,"column":70}},"391":{"start":{"line":770,"column":12},"end":{"line":776,"column":13}},"392":{"start":{"line":771,"column":16},"end":{"line":771,"column":50}},"393":{"start":{"line":772,"column":16},"end":{"line":772,"column":48}},"394":{"start":{"line":774,"column":16},"end":{"line":774,"column":76}},"395":{"start":{"line":775,"column":16},"end":{"line":775,"column":66}},"396":{"start":{"line":779,"column":8},"end":{"line":779,"column":58}},"397":{"start":{"line":780,"column":8},"end":{"line":780,"column":69}},"398":{"start":{"line":786,"column":4},"end":{"line":788,"column":5}},"399":{"start":{"line":787,"column":8},"end":{"line":787,"column":55}},"400":{"start":{"line":790,"column":4},"end":{"line":842,"column":5}},"401":{"start":{"line":791,"column":25},"end":{"line":796,"column":10}},"402":{"start":{"line":798,"column":8},"end":{"line":833,"column":9}},"403":{"start":{"line":800,"column":35},"end":{"line":800,"column":107}},"404":{"start":{"line":801,"column":12},"end":{"line":805,"column":13}},"405":{"start":{"line":802,"column":16},"end":{"line":802,"column":80}},"406":{"start":{"line":803,"column":16},"end":{"line":803,"column":57}},"407":{"start":{"line":804,"column":16},"end":{"line":804,"column":56}},"408":{"start":{"line":807,"column":40},"end":{"line":807,"column":100}},"409":{"start":{"line":809,"column":12},"end":{"line":809,"column":53}},"410":{"start":{"line":812,"column":12},"end":{"line":824,"column":13}},"411":{"start":{"line":813,"column":38},"end":{"line":813,"column":114}},"412":{"start":{"line":814,"column":16},"end":{"line":821,"column":17}},"413":{"start":{"line":815,"column":33},"end":{"line":815,"column":59}},"414":{"start":{"line":816,"column":45},"end":{"line":816,"column":85}},"415":{"start":{"line":817,"column":20},"end":{"line":817,"column":69}},"416":{"start":{"line":820,"column":20},"end":{"line":820,"column":80}},"417":{"start":{"line":823,"column":16},"end":{"line":823,"column":70}},"418":{"start":{"line":826,"column":12},"end":{"line":826,"column":37}},"419":{"start":{"line":828,"column":12},"end":{"line":832,"column":14}},"420":{"start":{"line":835,"column":8},"end":{"line":835,"column":56}},"421":{"start":{"line":836,"column":8},"end":{"line":836,"column":71}},"422":{"start":{"line":837,"column":8},"end":{"line":841,"column":10}},"423":{"start":{"line":847,"column":4},"end":{"line":849,"column":5}},"424":{"start":{"line":848,"column":8},"end":{"line":848,"column":15}},"425":{"start":{"line":851,"column":4},"end":{"line":882,"column":5}},"426":{"start":{"line":852,"column":25},"end":{"line":857,"column":10}},"427":{"start":{"line":859,"column":8},"end":{"line":878,"column":9}},"428":{"start":{"line":861,"column":33},"end":{"line":861,"column":103}},"429":{"start":{"line":862,"column":12},"end":{"line":866,"column":13}},"430":{"start":{"line":863,"column":16},"end":{"line":863,"column":78}},"431":{"start":{"line":864,"column":16},"end":{"line":864,"column":55}},"432":{"start":{"line":865,"column":16},"end":{"line":865,"column":54}},"433":{"start":{"line":869,"column":12},"end":{"line":877,"column":13}},"434":{"start":{"line":870,"column":16},"end":{"line":870,"column":57}},"435":{"start":{"line":871,"column":16},"end":{"line":871,"column":48}},"436":{"start":{"line":872,"column":19},"end":{"line":877,"column":13}},"437":{"start":{"line":873,"column":16},"end":{"line":873,"column":60}},"438":{"start":{"line":875,"column":16},"end":{"line":875,"column":74}},"439":{"start":{"line":876,"column":16},"end":{"line":876,"column":67}},"440":{"start":{"line":880,"column":8},"end":{"line":880,"column":54}},"441":{"start":{"line":881,"column":8},"end":{"line":881,"column":69}},"442":{"start":{"line":888,"column":27},"end":{"line":888,"column":99}},"443":{"start":{"line":889,"column":4},"end":{"line":889,"column":32}},"444":{"start":{"line":889,"column":25},"end":{"line":889,"column":32}},"445":{"start":{"line":891,"column":25},"end":{"line":891,"column":51}},"446":{"start":{"line":894,"column":30},"end":{"line":894,"column":59}},"447":{"start":{"line":895,"column":4},"end":{"line":895,"column":50}},"448":{"start":{"line":897,"column":21},"end":{"line":897,"column":55}},"449":{"start":{"line":898,"column":4},"end":{"line":898,"column":43}},"450":{"start":{"line":899,"column":4},"end":{"line":899,"column":34}},"451":{"start":{"line":900,"column":4},"end":{"line":900,"column":44}},"452":{"start":{"line":902,"column":23},"end":{"line":902,"column":52}},"453":{"start":{"line":903,"column":4},"end":{"line":903,"column":44}},"454":{"start":{"line":905,"column":25},"end":{"line":905,"column":57}},"455":{"start":{"line":906,"column":4},"end":{"line":906,"column":40}},"456":{"start":{"line":907,"column":4},"end":{"line":907,"column":49}},"457":{"start":{"line":909,"column":25},"end":{"line":909,"column":57}},"458":{"start":{"line":910,"column":4},"end":{"line":910,"column":50}},"459":{"start":{"line":911,"column":4},"end":{"line":911,"column":49}},"460":{"start":{"line":913,"column":4},"end":{"line":913,"column":41}},"461":{"start":{"line":914,"column":4},"end":{"line":914,"column":41}},"462":{"start":{"line":915,"column":4},"end":{"line":915,"column":46}},"463":{"start":{"line":918,"column":4},"end":{"line":918,"column":34}},"464":{"start":{"line":919,"column":4},"end":{"line":919,"column":50}},"465":{"start":{"line":922,"column":4},"end":{"line":922,"column":21}},"466":{"start":{"line":925,"column":4},"end":{"line":927,"column":7}},"467":{"start":{"line":926,"column":8},"end":{"line":926,"column":50}},"468":{"start":{"line":930,"column":4},"end":{"line":967,"column":7}},"469":{"start":{"line":931,"column":27},"end":{"line":931,"column":41}},"470":{"start":{"line":933,"column":29},"end":{"line":933,"column":74}},"471":{"start":{"line":935,"column":8},"end":{"line":966,"column":9}},"472":{"start":{"line":936,"column":29},"end":{"line":944,"column":14}},"473":{"start":{"line":946,"column":12},"end":{"line":961,"column":13}},"474":{"start":{"line":948,"column":16},"end":{"line":948,"column":58}},"475":{"start":{"line":949,"column":16},"end":{"line":949,"column":67}},"476":{"start":{"line":951,"column":16},"end":{"line":960,"column":17}},"477":{"start":{"line":952,"column":20},"end":{"line":952,"column":62}},"478":{"start":{"line":953,"column":20},"end":{"line":953,"column":52}},"479":{"start":{"line":954,"column":23},"end":{"line":960,"column":17}},"480":{"start":{"line":955,"column":20},"end":{"line":955,"column":65}},"481":{"start":{"line":957,"column":20},"end":{"line":957,"column":80}},"482":{"start":{"line":958,"column":20},"end":{"line":958,"column":73}},"483":{"start":{"line":959,"column":20},"end":{"line":959,"column":62}},"484":{"start":{"line":963,"column":12},"end":{"line":963,"column":61}},"485":{"start":{"line":964,"column":12},"end":{"line":964,"column":76}},"486":{"start":{"line":965,"column":12},"end":{"line":965,"column":54}},"487":{"start":{"line":973,"column":25},"end":{"line":973,"column":95}},"488":{"start":{"line":974,"column":4},"end":{"line":974,"column":30}},"489":{"start":{"line":974,"column":23},"end":{"line":974,"column":30}},"490":{"start":{"line":976,"column":25},"end":{"line":976,"column":49}},"491":{"start":{"line":979,"column":30},"end":{"line":979,"column":59}},"492":{"start":{"line":980,"column":4},"end":{"line":980,"column":50}},"493":{"start":{"line":982,"column":21},"end":{"line":982,"column":55}},"494":{"start":{"line":983,"column":4},"end":{"line":983,"column":43}},"495":{"start":{"line":984,"column":4},"end":{"line":984,"column":34}},"496":{"start":{"line":985,"column":4},"end":{"line":985,"column":44}},"497":{"start":{"line":987,"column":23},"end":{"line":987,"column":52}},"498":{"start":{"line":988,"column":4},"end":{"line":988,"column":44}},"499":{"start":{"line":990,"column":25},"end":{"line":990,"column":57}},"500":{"start":{"line":991,"column":4},"end":{"line":991,"column":40}},"501":{"start":{"line":992,"column":4},"end":{"line":992,"column":49}},"502":{"start":{"line":994,"column":25},"end":{"line":994,"column":57}},"503":{"start":{"line":995,"column":4},"end":{"line":995,"column":50}},"504":{"start":{"line":996,"column":4},"end":{"line":996,"column":49}},"505":{"start":{"line":998,"column":4},"end":{"line":998,"column":41}},"506":{"start":{"line":999,"column":4},"end":{"line":999,"column":41}},"507":{"start":{"line":1000,"column":4},"end":{"line":1000,"column":46}},"508":{"start":{"line":1003,"column":4},"end":{"line":1003,"column":32}},"509":{"start":{"line":1004,"column":4},"end":{"line":1004,"column":48}},"510":{"start":{"line":1007,"column":4},"end":{"line":1007,"column":21}},"511":{"start":{"line":1010,"column":4},"end":{"line":1012,"column":7}},"512":{"start":{"line":1011,"column":8},"end":{"line":1011,"column":48}},"513":{"start":{"line":1015,"column":4},"end":{"line":1053,"column":7}},"514":{"start":{"line":1016,"column":27},"end":{"line":1016,"column":41}},"515":{"start":{"line":1019,"column":29},"end":{"line":1019,"column":74}},"516":{"start":{"line":1021,"column":8},"end":{"line":1052,"column":9}},"517":{"start":{"line":1022,"column":29},"end":{"line":1030,"column":14}},"518":{"start":{"line":1032,"column":12},"end":{"line":1047,"column":13}},"519":{"start":{"line":1034,"column":16},"end":{"line":1034,"column":56}},"520":{"start":{"line":1035,"column":16},"end":{"line":1035,"column":65}},"521":{"start":{"line":1037,"column":16},"end":{"line":1046,"column":17}},"522":{"start":{"line":1038,"column":20},"end":{"line":1038,"column":61}},"523":{"start":{"line":1039,"column":20},"end":{"line":1039,"column":52}},"524":{"start":{"line":1040,"column":23},"end":{"line":1046,"column":17}},"525":{"start":{"line":1041,"column":20},"end":{"line":1041,"column":64}},"526":{"start":{"line":1043,"column":20},"end":{"line":1043,"column":78}},"527":{"start":{"line":1044,"column":20},"end":{"line":1044,"column":71}},"528":{"start":{"line":1045,"column":20},"end":{"line":1045,"column":60}},"529":{"start":{"line":1049,"column":12},"end":{"line":1049,"column":59}},"530":{"start":{"line":1050,"column":12},"end":{"line":1050,"column":74}},"531":{"start":{"line":1051,"column":12},"end":{"line":1051,"column":52}},"532":{"start":{"line":1057,"column":0},"end":{"line":1140,"column":3}},"533":{"start":{"line":1058,"column":4},"end":{"line":1058,"column":19}},"534":{"start":{"line":1059,"column":4},"end":{"line":1059,"column":51}},"535":{"start":{"line":1062,"column":4},"end":{"line":1062,"column":26}},"536":{"start":{"line":1065,"column":27},"end":{"line":1065,"column":69}},"537":{"start":{"line":1066,"column":31},"end":{"line":1066,"column":78}},"538":{"start":{"line":1068,"column":4},"end":{"line":1070,"column":7}},"539":{"start":{"line":1069,"column":8},"end":{"line":1069,"column":46}},"540":{"start":{"line":1073,"column":28},"end":{"line":1073,"column":71}},"541":{"start":{"line":1074,"column":27},"end":{"line":1074,"column":69}},"542":{"start":{"line":1076,"column":4},"end":{"line":1082,"column":7}},"543":{"start":{"line":1077,"column":8},"end":{"line":1081,"column":9}},"544":{"start":{"line":1078,"column":12},"end":{"line":1078,"column":50}},"545":{"start":{"line":1080,"column":12},"end":{"line":1080,"column":50}},"546":{"start":{"line":1085,"column":24},"end":{"line":1085,"column":63}},"547":{"start":{"line":1086,"column":26},"end":{"line":1086,"column":67}},"548":{"start":{"line":1087,"column":28},"end":{"line":1087,"column":71}},"549":{"start":{"line":1088,"column":25},"end":{"line":1088,"column":65}},"550":{"start":{"line":1089,"column":32},"end":{"line":1089,"column":80}},"551":{"start":{"line":1091,"column":4},"end":{"line":1139,"column":75}},"552":{"start":{"line":1092,"column":26},"end":{"line":1092,"column":41}},"553":{"start":{"line":1094,"column":12},"end":{"line":1094,"column":53}},"554":{"start":{"line":1095,"column":12},"end":{"line":1137,"column":13}},"555":{"start":{"line":1097,"column":16},"end":{"line":1097,"column":61}},"556":{"start":{"line":1098,"column":16},"end":{"line":1098,"column":73}},"557":{"start":{"line":1101,"column":16},"end":{"line":1101,"column":68}},"558":{"start":{"line":1101,"column":33},"end":{"line":1101,"column":68}},"559":{"start":{"line":1102,"column":16},"end":{"line":1102,"column":80}},"560":{"start":{"line":1102,"column":35},"end":{"line":1102,"column":80}},"561":{"start":{"line":1105,"column":16},"end":{"line":1108,"column":17}},"562":{"start":{"line":1106,"column":20},"end":{"line":1106,"column":67}},"563":{"start":{"line":1107,"column":20},"end":{"line":1107,"column":80}},"564":{"start":{"line":1111,"column":16},"end":{"line":1114,"column":17}},"565":{"start":{"line":1112,"column":20},"end":{"line":1112,"column":81}},"566":{"start":{"line":1113,"column":20},"end":{"line":1113,"column":82}},"567":{"start":{"line":1117,"column":16},"end":{"line":1136,"column":23}},"568":{"start":{"line":1118,"column":38},"end":{"line":1118,"column":53}},"569":{"start":{"line":1120,"column":24},"end":{"line":1122,"column":25}},"570":{"start":{"line":1121,"column":28},"end":{"line":1121,"column":86}},"571":{"start":{"line":1124,"column":24},"end":{"line":1130,"column":25}},"572":{"start":{"line":1125,"column":28},"end":{"line":1129,"column":29}},"573":{"start":{"line":1126,"column":32},"end":{"line":1126,"column":74}},"574":{"start":{"line":1128,"column":32},"end":{"line":1128,"column":79}},"575":{"start":{"line":1133,"column":24},"end":{"line":1133,"column":99}},"576":{"start":{"line":1133,"column":45},"end":{"line":1133,"column":99}},"577":{"start":{"line":1134,"column":24},"end":{"line":1134,"column":91}},"578":{"start":{"line":1134,"column":42},"end":{"line":1134,"column":91}},"579":{"start":{"line":1135,"column":24},"end":{"line":1135,"column":77}},"580":{"start":{"line":1139,"column":24},"end":{"line":1139,"column":73}},"581":{"start":{"line":1142,"column":0},"end":{"line":1162,"column":1}},"582":{"start":{"line":1143,"column":2},"end":{"line":1161,"column":4}}},"fnMap":{"0":{"name":"(anonymous_0)","decl":{"start":{"line":9,"column":36},"end":{"line":9,"column":37}},"loc":{"start":{"line":9,"column":42},"end":{"line":11,"column":1}},"line":9},"1":{"name":"(anonymous_1)","decl":{"start":{"line":13,"column":35},"end":{"line":13,"column":36}},"loc":{"start":{"line":13,"column":41},"end":{"line":15,"column":1}},"line":13},"2":{"name":"estimateReadTime","decl":{"start":{"line":35,"column":9},"end":{"line":35,"column":25}},"loc":{"start":{"line":35,"column":37},"end":{"line":40,"column":1}},"line":35},"3":{"name":"fetchApiKey","decl":{"start":{"line":43,"column":15},"end":{"line":43,"column":26}},"loc":{"start":{"line":43,"column":29},"end":{"line":57,"column":1}},"line":43},"4":{"name":"fetchNYTData","decl":{"start":{"line":61,"column":15},"end":{"line":61,"column":27}},"loc":{"start":{"line":61,"column":38},"end":{"line":103,"column":1}},"line":61},"5":{"name":"displayArticles","decl":{"start":{"line":106,"column":15},"end":{"line":106,"column":30}},"loc":{"start":{"line":106,"column":64},"end":{"line":204,"column":1}},"line":106},"6":{"name":"(anonymous_6)","decl":{"start":{"line":195,"column":45},"end":{"line":195,"column":46}},"loc":{"start":{"line":195,"column":51},"end":{"line":199,"column":9}},"line":195},"7":{"name":"checkScroll","decl":{"start":{"line":208,"column":9},"end":{"line":208,"column":20}},"loc":{"start":{"line":208,"column":23},"end":{"line":225,"column":1}},"line":208},"8":{"name":"setupProfileSidebar","decl":{"start":{"line":228,"column":9},"end":{"line":228,"column":28}},"loc":{"start":{"line":228,"column":31},"end":{"line":277,"column":1}},"line":228},"9":{"name":"(anonymous_9)","decl":{"start":{"line":236,"column":48},"end":{"line":236,"column":49}},"loc":{"start":{"line":236,"column":54},"end":{"line":238,"column":9}},"line":236},"10":{"name":"(anonymous_10)","decl":{"start":{"line":243,"column":54},"end":{"line":243,"column":55}},"loc":{"start":{"line":243,"column":61},"end":{"line":261,"column":9}},"line":243},"11":{"name":"(anonymous_11)","decl":{"start":{"line":247,"column":22},"end":{"line":247,"column":23}},"loc":{"start":{"line":247,"column":34},"end":{"line":247,"column":49}},"line":247},"12":{"name":"(anonymous_12)","decl":{"start":{"line":248,"column":22},"end":{"line":248,"column":23}},"loc":{"start":{"line":248,"column":30},"end":{"line":256,"column":17}},"line":248},"13":{"name":"(anonymous_13)","decl":{"start":{"line":257,"column":23},"end":{"line":257,"column":24}},"loc":{"start":{"line":257,"column":32},"end":{"line":260,"column":17}},"line":257},"14":{"name":"(anonymous_14)","decl":{"start":{"line":266,"column":46},"end":{"line":266,"column":47}},"loc":{"start":{"line":266,"column":52},"end":{"line":268,"column":9}},"line":266},"15":{"name":"(anonymous_15)","decl":{"start":{"line":272,"column":37},"end":{"line":272,"column":38}},"loc":{"start":{"line":272,"column":48},"end":{"line":276,"column":5}},"line":272},"16":{"name":"openCommentSidebar","decl":{"start":{"line":283,"column":15},"end":{"line":283,"column":33}},"loc":{"start":{"line":283,"column":62},"end":{"line":315,"column":1}},"line":283},"17":{"name":"fetchComments","decl":{"start":{"line":318,"column":15},"end":{"line":318,"column":28}},"loc":{"start":{"line":318,"column":43},"end":{"line":338,"column":1}},"line":318},"18":{"name":"displayComments","decl":{"start":{"line":341,"column":9},"end":{"line":341,"column":24}},"loc":{"start":{"line":341,"column":39},"end":{"line":355,"column":1}},"line":341},"19":{"name":"(anonymous_19)","decl":{"start":{"line":351,"column":28},"end":{"line":351,"column":29}},"loc":{"start":{"line":351,"column":39},"end":{"line":354,"column":5}},"line":351},"20":{"name":"createCommentElement","decl":{"start":{"line":358,"column":9},"end":{"line":358,"column":29}},"loc":{"start":{"line":358,"column":73},"end":{"line":524,"column":1}},"line":358},"21":{"name":"(anonymous_21)","decl":{"start":{"line":399,"column":42},"end":{"line":399,"column":43}},"loc":{"start":{"line":399,"column":48},"end":{"line":407,"column":5}},"line":399},"22":{"name":"(anonymous_22)","decl":{"start":{"line":419,"column":51},"end":{"line":419,"column":52}},"loc":{"start":{"line":419,"column":57},"end":{"line":421,"column":13}},"line":419},"23":{"name":"(anonymous_23)","decl":{"start":{"line":423,"column":51},"end":{"line":423,"column":52}},"loc":{"start":{"line":423,"column":57},"end":{"line":425,"column":13}},"line":423},"24":{"name":"(anonymous_24)","decl":{"start":{"line":440,"column":51},"end":{"line":440,"column":52}},"loc":{"start":{"line":440,"column":57},"end":{"line":442,"column":13}},"line":440},"25":{"name":"(anonymous_25)","decl":{"start":{"line":444,"column":51},"end":{"line":444,"column":52}},"loc":{"start":{"line":444,"column":57},"end":{"line":446,"column":13}},"line":444},"26":{"name":"(anonymous_26)","decl":{"start":{"line":470,"column":43},"end":{"line":470,"column":44}},"loc":{"start":{"line":470,"column":49},"end":{"line":472,"column":5}},"line":470},"27":{"name":"(anonymous_27)","decl":{"start":{"line":477,"column":43},"end":{"line":477,"column":44}},"loc":{"start":{"line":477,"column":49},"end":{"line":489,"column":5}},"line":477},"28":{"name":"(anonymous_28)","decl":{"start":{"line":503,"column":32},"end":{"line":503,"column":33}},"loc":{"start":{"line":503,"column":41},"end":{"line":518,"column":9}},"line":503},"29":{"name":"processRedactedText","decl":{"start":{"line":526,"column":9},"end":{"line":526,"column":28}},"loc":{"start":{"line":526,"column":55},"end":{"line":551,"column":1}},"line":526},"30":{"name":"(anonymous_30)","decl":{"start":{"line":548,"column":29},"end":{"line":548,"column":30}},"loc":{"start":{"line":549,"column":8},"end":{"line":549,"column":56}},"line":549},"31":{"name":"toggleReplyForm","decl":{"start":{"line":554,"column":9},"end":{"line":554,"column":24}},"loc":{"start":{"line":554,"column":84},"end":{"line":572,"column":1}},"line":554},"32":{"name":"submitReply","decl":{"start":{"line":575,"column":15},"end":{"line":575,"column":26}},"loc":{"start":{"line":575,"column":43},"end":{"line":627,"column":1}},"line":575},"33":{"name":"submitNestedReply","decl":{"start":{"line":630,"column":15},"end":{"line":630,"column":32}},"loc":{"start":{"line":630,"column":65},"end":{"line":682,"column":1}},"line":630},"34":{"name":"setupCommentEventHandlers","decl":{"start":{"line":685,"column":9},"end":{"line":685,"column":34}},"loc":{"start":{"line":685,"column":49},"end":{"line":729,"column":1}},"line":685},"35":{"name":"(anonymous_35)","decl":{"start":{"line":698,"column":42},"end":{"line":698,"column":43}},"loc":{"start":{"line":698,"column":48},"end":{"line":700,"column":5}},"line":698},"36":{"name":"(anonymous_36)","decl":{"start":{"line":703,"column":39},"end":{"line":703,"column":40}},"loc":{"start":{"line":703,"column":45},"end":{"line":709,"column":5}},"line":703},"37":{"name":"(anonymous_37)","decl":{"start":{"line":712,"column":43},"end":{"line":712,"column":44}},"loc":{"start":{"line":712,"column":49},"end":{"line":720,"column":5}},"line":712},"38":{"name":"(anonymous_38)","decl":{"start":{"line":723,"column":43},"end":{"line":723,"column":44}},"loc":{"start":{"line":723,"column":49},"end":{"line":726,"column":5}},"line":723},"39":{"name":"submitComment","decl":{"start":{"line":732,"column":15},"end":{"line":732,"column":28}},"loc":{"start":{"line":732,"column":49},"end":{"line":782,"column":1}},"line":732},"40":{"name":"deleteComment","decl":{"start":{"line":785,"column":15},"end":{"line":785,"column":28}},"loc":{"start":{"line":785,"column":40},"end":{"line":843,"column":1}},"line":785},"41":{"name":"deleteReply","decl":{"start":{"line":846,"column":15},"end":{"line":846,"column":26}},"loc":{"start":{"line":846,"column":47},"end":{"line":883,"column":1}},"line":846},"42":{"name":"redactComment","decl":{"start":{"line":886,"column":15},"end":{"line":886,"column":28}},"loc":{"start":{"line":886,"column":40},"end":{"line":968,"column":1}},"line":886},"43":{"name":"(anonymous_43)","decl":{"start":{"line":925,"column":43},"end":{"line":925,"column":44}},"loc":{"start":{"line":925,"column":49},"end":{"line":927,"column":5}},"line":925},"44":{"name":"(anonymous_44)","decl":{"start":{"line":930,"column":43},"end":{"line":930,"column":44}},"loc":{"start":{"line":930,"column":55},"end":{"line":967,"column":5}},"line":930},"45":{"name":"redactReply","decl":{"start":{"line":971,"column":15},"end":{"line":971,"column":26}},"loc":{"start":{"line":971,"column":47},"end":{"line":1054,"column":1}},"line":971},"46":{"name":"(anonymous_46)","decl":{"start":{"line":1010,"column":43},"end":{"line":1010,"column":44}},"loc":{"start":{"line":1010,"column":49},"end":{"line":1012,"column":5}},"line":1010},"47":{"name":"(anonymous_47)","decl":{"start":{"line":1015,"column":43},"end":{"line":1015,"column":44}},"loc":{"start":{"line":1015,"column":55},"end":{"line":1053,"column":5}},"line":1015},"48":{"name":"(anonymous_48)","decl":{"start":{"line":1057,"column":46},"end":{"line":1057,"column":47}},"loc":{"start":{"line":1057,"column":52},"end":{"line":1140,"column":1}},"line":1057},"49":{"name":"(anonymous_49)","decl":{"start":{"line":1068,"column":49},"end":{"line":1068,"column":50}},"loc":{"start":{"line":1068,"column":55},"end":{"line":1070,"column":5}},"line":1068},"50":{"name":"(anonymous_50)","decl":{"start":{"line":1076,"column":46},"end":{"line":1076,"column":47}},"loc":{"start":{"line":1076,"column":52},"end":{"line":1082,"column":5}},"line":1076},"51":{"name":"(anonymous_51)","decl":{"start":{"line":1092,"column":14},"end":{"line":1092,"column":15}},"loc":{"start":{"line":1092,"column":26},"end":{"line":1092,"column":41}},"line":1092},"52":{"name":"(anonymous_52)","decl":{"start":{"line":1093,"column":14},"end":{"line":1093,"column":15}},"loc":{"start":{"line":1093,"column":22},"end":{"line":1138,"column":9}},"line":1093},"53":{"name":"(anonymous_53)","decl":{"start":{"line":1118,"column":26},"end":{"line":1118,"column":27}},"loc":{"start":{"line":1118,"column":38},"end":{"line":1118,"column":53}},"line":1118},"54":{"name":"(anonymous_54)","decl":{"start":{"line":1119,"column":26},"end":{"line":1119,"column":27}},"loc":{"start":{"line":1119,"column":38},"end":{"line":1131,"column":21}},"line":1119},"55":{"name":"(anonymous_55)","decl":{"start":{"line":1132,"column":27},"end":{"line":1132,"column":28}},"loc":{"start":{"line":1132,"column":36},"end":{"line":1136,"column":21}},"line":1132},"56":{"name":"(anonymous_56)","decl":{"start":{"line":1139,"column":15},"end":{"line":1139,"column":16}},"loc":{"start":{"line":1139,"column":24},"end":{"line":1139,"column":73}},"line":1139}},"branchMap":{"0":{"loc":{"start":{"line":46,"column":8},"end":{"line":52,"column":9}},"type":"if","locations":[{"start":{"line":46,"column":8},"end":{"line":52,"column":9}},{"start":{"line":49,"column":15},"end":{"line":52,"column":9}}],"line":46},"1":{"loc":{"start":{"line":61,"column":28},"end":{"line":61,"column":36}},"type":"default-arg","locations":[{"start":{"line":61,"column":35},"end":{"line":61,"column":36}}],"line":61},"2":{"loc":{"start":{"line":63,"column":4},"end":{"line":68,"column":5}},"type":"if","locations":[{"start":{"line":63,"column":4},"end":{"line":68,"column":5}},{"start":{},"end":{}}],"line":63},"3":{"loc":{"start":{"line":63,"column":8},"end":{"line":63,"column":62}},"type":"binary-expr","locations":[{"start":{"line":63,"column":8},"end":{"line":63,"column":18}},{"start":{"line":63,"column":22},"end":{"line":63,"column":38}},{"start":{"line":63,"column":42},"end":{"line":63,"column":62}}],"line":63},"4":{"loc":{"start":{"line":64,"column":8},"end":{"line":66,"column":9}},"type":"if","locations":[{"start":{"line":64,"column":8},"end":{"line":66,"column":9}},{"start":{},"end":{}}],"line":64},"5":{"loc":{"start":{"line":74,"column":8},"end":{"line":78,"column":9}},"type":"if","locations":[{"start":{"line":74,"column":8},"end":{"line":78,"column":9}},{"start":{},"end":{}}],"line":74},"6":{"loc":{"start":{"line":82,"column":8},"end":{"line":96,"column":9}},"type":"if","locations":[{"start":{"line":82,"column":8},"end":{"line":96,"column":9}},{"start":{"line":93,"column":15},"end":{"line":96,"column":9}}],"line":82},"7":{"loc":{"start":{"line":86,"column":12},"end":{"line":92,"column":13}},"type":"if","locations":[{"start":{"line":86,"column":12},"end":{"line":92,"column":13}},{"start":{"line":89,"column":19},"end":{"line":92,"column":13}}],"line":86},"8":{"loc":{"start":{"line":86,"column":16},"end":{"line":86,"column":67}},"type":"binary-expr","locations":[{"start":{"line":86,"column":16},"end":{"line":86,"column":34}},{"start":{"line":86,"column":38},"end":{"line":86,"column":67}}],"line":86},"9":{"loc":{"start":{"line":106,"column":41},"end":{"line":106,"column":62}},"type":"default-arg","locations":[{"start":{"line":106,"column":57},"end":{"line":106,"column":62}}],"line":106},"10":{"loc":{"start":{"line":110,"column":4},"end":{"line":112,"column":5}},"type":"if","locations":[{"start":{"line":110,"column":4},"end":{"line":112,"column":5}},{"start":{},"end":{}}],"line":110},"11":{"loc":{"start":{"line":125,"column":8},"end":{"line":133,"column":9}},"type":"if","locations":[{"start":{"line":125,"column":8},"end":{"line":133,"column":9}},{"start":{"line":129,"column":15},"end":{"line":133,"column":9}}],"line":125},"12":{"loc":{"start":{"line":125,"column":12},"end":{"line":125,"column":100}},"type":"binary-expr","locations":[{"start":{"line":125,"column":12},"end":{"line":125,"column":30}},{"start":{"line":125,"column":34},"end":{"line":125,"column":67}},{"start":{"line":125,"column":71},"end":{"line":125,"column":100}}],"line":125},"13":{"loc":{"start":{"line":129,"column":15},"end":{"line":133,"column":9}},"type":"if","locations":[{"start":{"line":129,"column":15},"end":{"line":133,"column":9}},{"start":{},"end":{}}],"line":129},"14":{"loc":{"start":{"line":129,"column":19},"end":{"line":129,"column":101}},"type":"binary-expr","locations":[{"start":{"line":129,"column":19},"end":{"line":129,"column":37}},{"start":{"line":129,"column":41},"end":{"line":129,"column":67}},{"start":{"line":129,"column":71},"end":{"line":129,"column":101}}],"line":129},"15":{"loc":{"start":{"line":136,"column":8},"end":{"line":141,"column":9}},"type":"if","locations":[{"start":{"line":136,"column":8},"end":{"line":141,"column":9}},{"start":{},"end":{}}],"line":136},"16":{"loc":{"start":{"line":152,"column":31},"end":{"line":152,"column":72}},"type":"binary-expr","locations":[{"start":{"line":152,"column":31},"end":{"line":152,"column":47}},{"start":{"line":152,"column":51},"end":{"line":152,"column":66}},{"start":{"line":152,"column":70},"end":{"line":152,"column":72}}],"line":152},"17":{"loc":{"start":{"line":158,"column":48},"end":{"line":158,"column":73}},"type":"binary-expr","locations":[{"start":{"line":158,"column":48},"end":{"line":158,"column":66}},{"start":{"line":158,"column":70},"end":{"line":158,"column":73}}],"line":158},"18":{"loc":{"start":{"line":176,"column":12},"end":{"line":180,"column":13}},"type":"if","locations":[{"start":{"line":176,"column":12},"end":{"line":180,"column":13}},{"start":{},"end":{}}],"line":176},"19":{"loc":{"start":{"line":210,"column":4},"end":{"line":213,"column":5}},"type":"if","locations":[{"start":{"line":210,"column":4},"end":{"line":213,"column":5}},{"start":{},"end":{}}],"line":210},"20":{"loc":{"start":{"line":217,"column":22},"end":{"line":217,"column":78}},"type":"binary-expr","locations":[{"start":{"line":217,"column":22},"end":{"line":217,"column":40}},{"start":{"line":217,"column":44},"end":{"line":217,"column":78}}],"line":217},"21":{"loc":{"start":{"line":220,"column":4},"end":{"line":224,"column":5}},"type":"if","locations":[{"start":{"line":220,"column":4},"end":{"line":224,"column":5}},{"start":{},"end":{}}],"line":220},"22":{"loc":{"start":{"line":221,"column":8},"end":{"line":223,"column":9}},"type":"if","locations":[{"start":{"line":221,"column":8},"end":{"line":223,"column":9}},{"start":{},"end":{}}],"line":221},"23":{"loc":{"start":{"line":221,"column":12},"end":{"line":221,"column":42}},"type":"binary-expr","locations":[{"start":{"line":221,"column":12},"end":{"line":221,"column":23}},{"start":{"line":221,"column":27},"end":{"line":221,"column":42}}],"line":221},"24":{"loc":{"start":{"line":235,"column":4},"end":{"line":239,"column":5}},"type":"if","locations":[{"start":{"line":235,"column":4},"end":{"line":239,"column":5}},{"start":{},"end":{}}],"line":235},"25":{"loc":{"start":{"line":242,"column":4},"end":{"line":262,"column":5}},"type":"if","locations":[{"start":{"line":242,"column":4},"end":{"line":262,"column":5}},{"start":{},"end":{}}],"line":242},"26":{"loc":{"start":{"line":249,"column":20},"end":{"line":255,"column":21}},"type":"if","locations":[{"start":{"line":249,"column":20},"end":{"line":255,"column":21}},{"start":{"line":252,"column":27},"end":{"line":255,"column":21}}],"line":249},"27":{"loc":{"start":{"line":265,"column":4},"end":{"line":269,"column":5}},"type":"if","locations":[{"start":{"line":265,"column":4},"end":{"line":269,"column":5}},{"start":{},"end":{}}],"line":265},"28":{"loc":{"start":{"line":273,"column":8},"end":{"line":275,"column":9}},"type":"if","locations":[{"start":{"line":273,"column":8},"end":{"line":275,"column":9}},{"start":{},"end":{}}],"line":273},"29":{"loc":{"start":{"line":295,"column":8},"end":{"line":301,"column":9}},"type":"if","locations":[{"start":{"line":295,"column":8},"end":{"line":301,"column":9}},{"start":{"line":298,"column":15},"end":{"line":301,"column":9}}],"line":295},"30":{"loc":{"start":{"line":323,"column":8},"end":{"line":332,"column":9}},"type":"if","locations":[{"start":{"line":323,"column":8},"end":{"line":332,"column":9}},{"start":{"line":327,"column":15},"end":{"line":332,"column":9}}],"line":323},"31":{"loc":{"start":{"line":348,"column":28},"end":{"line":348,"column":60}},"type":"binary-expr","locations":[{"start":{"line":348,"column":28},"end":{"line":348,"column":54}},{"start":{"line":348,"column":58},"end":{"line":348,"column":60}}],"line":348},"32":{"loc":{"start":{"line":358,"column":39},"end":{"line":358,"column":54}},"type":"default-arg","locations":[{"start":{"line":358,"column":49},"end":{"line":358,"column":54}}],"line":358},"33":{"loc":{"start":{"line":358,"column":56},"end":{"line":358,"column":71}},"type":"default-arg","locations":[{"start":{"line":358,"column":67},"end":{"line":358,"column":71}}],"line":358},"34":{"loc":{"start":{"line":363,"column":28},"end":{"line":363,"column":53}},"type":"binary-expr","locations":[{"start":{"line":363,"column":28},"end":{"line":363,"column":39}},{"start":{"line":363,"column":43},"end":{"line":363,"column":53}}],"line":363},"35":{"loc":{"start":{"line":400,"column":8},"end":{"line":406,"column":9}},"type":"if","locations":[{"start":{"line":400,"column":8},"end":{"line":406,"column":9}},{"start":{"line":403,"column":15},"end":{"line":406,"column":9}}],"line":400},"36":{"loc":{"start":{"line":402,"column":28},"end":{"line":402,"column":53}},"type":"binary-expr","locations":[{"start":{"line":402,"column":28},"end":{"line":402,"column":39}},{"start":{"line":402,"column":43},"end":{"line":402,"column":53}}],"line":402},"37":{"loc":{"start":{"line":405,"column":28},"end":{"line":405,"column":53}},"type":"binary-expr","locations":[{"start":{"line":405,"column":28},"end":{"line":405,"column":39}},{"start":{"line":405,"column":43},"end":{"line":405,"column":53}}],"line":405},"38":{"loc":{"start":{"line":412,"column":4},"end":{"line":429,"column":5}},"type":"if","locations":[{"start":{"line":412,"column":4},"end":{"line":429,"column":5}},{"start":{},"end":{}}],"line":412},"39":{"loc":{"start":{"line":418,"column":8},"end":{"line":426,"column":9}},"type":"if","locations":[{"start":{"line":418,"column":8},"end":{"line":426,"column":9}},{"start":{"line":422,"column":15},"end":{"line":426,"column":9}}],"line":418},"40":{"loc":{"start":{"line":418,"column":12},"end":{"line":418,"column":31}},"type":"binary-expr","locations":[{"start":{"line":418,"column":12},"end":{"line":418,"column":19}},{"start":{"line":418,"column":23},"end":{"line":418,"column":31}}],"line":418},"41":{"loc":{"start":{"line":420,"column":38},"end":{"line":420,"column":63}},"type":"binary-expr","locations":[{"start":{"line":420,"column":38},"end":{"line":420,"column":49}},{"start":{"line":420,"column":53},"end":{"line":420,"column":63}}],"line":420},"42":{"loc":{"start":{"line":424,"column":30},"end":{"line":424,"column":55}},"type":"binary-expr","locations":[{"start":{"line":424,"column":30},"end":{"line":424,"column":41}},{"start":{"line":424,"column":45},"end":{"line":424,"column":55}}],"line":424},"43":{"loc":{"start":{"line":432,"column":4},"end":{"line":450,"column":5}},"type":"if","locations":[{"start":{"line":432,"column":4},"end":{"line":450,"column":5}},{"start":{},"end":{}}],"line":432},"44":{"loc":{"start":{"line":439,"column":8},"end":{"line":447,"column":9}},"type":"if","locations":[{"start":{"line":439,"column":8},"end":{"line":447,"column":9}},{"start":{"line":443,"column":15},"end":{"line":447,"column":9}}],"line":439},"45":{"loc":{"start":{"line":439,"column":12},"end":{"line":439,"column":31}},"type":"binary-expr","locations":[{"start":{"line":439,"column":12},"end":{"line":439,"column":19}},{"start":{"line":439,"column":23},"end":{"line":439,"column":31}}],"line":439},"46":{"loc":{"start":{"line":441,"column":38},"end":{"line":441,"column":63}},"type":"binary-expr","locations":[{"start":{"line":441,"column":38},"end":{"line":441,"column":49}},{"start":{"line":441,"column":53},"end":{"line":441,"column":63}}],"line":441},"47":{"loc":{"start":{"line":445,"column":30},"end":{"line":445,"column":55}},"type":"binary-expr","locations":[{"start":{"line":445,"column":30},"end":{"line":445,"column":41}},{"start":{"line":445,"column":45},"end":{"line":445,"column":55}}],"line":445},"48":{"loc":{"start":{"line":457,"column":22},"end":{"line":457,"column":47}},"type":"binary-expr","locations":[{"start":{"line":457,"column":22},"end":{"line":457,"column":33}},{"start":{"line":457,"column":37},"end":{"line":457,"column":47}}],"line":457},"49":{"loc":{"start":{"line":482,"column":8},"end":{"line":488,"column":9}},"type":"if","locations":[{"start":{"line":482,"column":8},"end":{"line":488,"column":9}},{"start":{"line":485,"column":15},"end":{"line":488,"column":9}}],"line":482},"50":{"loc":{"start":{"line":482,"column":12},"end":{"line":482,"column":45}},"type":"binary-expr","locations":[{"start":{"line":482,"column":12},"end":{"line":482,"column":26}},{"start":{"line":482,"column":30},"end":{"line":482,"column":45}}],"line":482},"51":{"loc":{"start":{"line":499,"column":4},"end":{"line":521,"column":5}},"type":"if","locations":[{"start":{"line":499,"column":4},"end":{"line":521,"column":5}},{"start":{},"end":{}}],"line":499},"52":{"loc":{"start":{"line":499,"column":8},"end":{"line":499,"column":53}},"type":"binary-expr","locations":[{"start":{"line":499,"column":8},"end":{"line":499,"column":23}},{"start":{"line":499,"column":27},"end":{"line":499,"column":53}}],"line":499},"53":{"loc":{"start":{"line":508,"column":12},"end":{"line":515,"column":13}},"type":"if","locations":[{"start":{"line":508,"column":12},"end":{"line":515,"column":13}},{"start":{"line":512,"column":19},"end":{"line":515,"column":13}}],"line":508},"54":{"loc":{"start":{"line":510,"column":65},"end":{"line":510,"column":90}},"type":"binary-expr","locations":[{"start":{"line":510,"column":65},"end":{"line":510,"column":76}},{"start":{"line":510,"column":80},"end":{"line":510,"column":90}}],"line":510},"55":{"loc":{"start":{"line":514,"column":65},"end":{"line":514,"column":90}},"type":"binary-expr","locations":[{"start":{"line":514,"column":65},"end":{"line":514,"column":76}},{"start":{"line":514,"column":80},"end":{"line":514,"column":90}}],"line":514},"56":{"loc":{"start":{"line":528,"column":4},"end":{"line":530,"column":5}},"type":"if","locations":[{"start":{"line":528,"column":4},"end":{"line":530,"column":5}},{"start":{},"end":{}}],"line":528},"57":{"loc":{"start":{"line":541,"column":12},"end":{"line":545,"column":13}},"type":"if","locations":[{"start":{"line":541,"column":12},"end":{"line":545,"column":13}},{"start":{},"end":{}}],"line":541},"58":{"loc":{"start":{"line":541,"column":16},"end":{"line":541,"column":67}},"type":"binary-expr","locations":[{"start":{"line":541,"column":16},"end":{"line":541,"column":47}},{"start":{"line":541,"column":51},"end":{"line":541,"column":67}}],"line":541},"59":{"loc":{"start":{"line":549,"column":8},"end":{"line":549,"column":56}},"type":"cond-expr","locations":[{"start":{"line":549,"column":26},"end":{"line":549,"column":30}},{"start":{"line":549,"column":33},"end":{"line":549,"column":56}}],"line":549},"60":{"loc":{"start":{"line":554,"column":36},"end":{"line":554,"column":58}},"type":"default-arg","locations":[{"start":{"line":554,"column":53},"end":{"line":554,"column":58}}],"line":554},"61":{"loc":{"start":{"line":554,"column":60},"end":{"line":554,"column":82}},"type":"default-arg","locations":[{"start":{"line":554,"column":78},"end":{"line":554,"column":82}}],"line":554},"62":{"loc":{"start":{"line":557,"column":4},"end":{"line":571,"column":5}},"type":"if","locations":[{"start":{"line":557,"column":4},"end":{"line":571,"column":5}},{"start":{"line":559,"column":11},"end":{"line":571,"column":5}}],"line":557},"63":{"loc":{"start":{"line":564,"column":8},"end":{"line":566,"column":9}},"type":"if","locations":[{"start":{"line":564,"column":8},"end":{"line":566,"column":9}},{"start":{},"end":{}}],"line":564},"64":{"loc":{"start":{"line":576,"column":4},"end":{"line":576,"column":29}},"type":"if","locations":[{"start":{"line":576,"column":4},"end":{"line":576,"column":29}},{"start":{},"end":{}}],"line":576},"65":{"loc":{"start":{"line":590,"column":10},"end":{"line":622,"column":9}},"type":"if","locations":[{"start":{"line":590,"column":10},"end":{"line":622,"column":9}},{"start":{"line":614,"column":15},"end":{"line":622,"column":9}}],"line":590},"66":{"loc":{"start":{"line":600,"column":16},"end":{"line":604,"column":17}},"type":"if","locations":[{"start":{"line":600,"column":16},"end":{"line":604,"column":17}},{"start":{},"end":{}}],"line":600},"67":{"loc":{"start":{"line":611,"column":12},"end":{"line":613,"column":13}},"type":"if","locations":[{"start":{"line":611,"column":12},"end":{"line":613,"column":13}},{"start":{},"end":{}}],"line":611},"68":{"loc":{"start":{"line":615,"column":12},"end":{"line":621,"column":13}},"type":"if","locations":[{"start":{"line":615,"column":12},"end":{"line":621,"column":13}},{"start":{"line":618,"column":19},"end":{"line":621,"column":13}}],"line":615},"69":{"loc":{"start":{"line":631,"column":4},"end":{"line":631,"column":29}},"type":"if","locations":[{"start":{"line":631,"column":4},"end":{"line":631,"column":29}},{"start":{},"end":{}}],"line":631},"70":{"loc":{"start":{"line":644,"column":8},"end":{"line":677,"column":9}},"type":"if","locations":[{"start":{"line":644,"column":8},"end":{"line":677,"column":9}},{"start":{"line":669,"column":15},"end":{"line":677,"column":9}}],"line":644},"71":{"loc":{"start":{"line":651,"column":12},"end":{"line":653,"column":13}},"type":"if","locations":[{"start":{"line":651,"column":12},"end":{"line":653,"column":13}},{"start":{},"end":{}}],"line":651},"72":{"loc":{"start":{"line":658,"column":16},"end":{"line":665,"column":17}},"type":"if","locations":[{"start":{"line":658,"column":16},"end":{"line":665,"column":17}},{"start":{},"end":{}}],"line":658},"73":{"loc":{"start":{"line":670,"column":12},"end":{"line":676,"column":13}},"type":"if","locations":[{"start":{"line":670,"column":12},"end":{"line":676,"column":13}},{"start":{"line":673,"column":19},"end":{"line":676,"column":13}}],"line":670},"74":{"loc":{"start":{"line":693,"column":4},"end":{"line":695,"column":5}},"type":"if","locations":[{"start":{"line":693,"column":4},"end":{"line":695,"column":5}},{"start":{},"end":{}}],"line":693},"75":{"loc":{"start":{"line":693,"column":8},"end":{"line":693,"column":101}},"type":"binary-expr","locations":[{"start":{"line":693,"column":8},"end":{"line":693,"column":23}},{"start":{"line":693,"column":27},"end":{"line":693,"column":39}},{"start":{"line":693,"column":43},"end":{"line":693,"column":52}},{"start":{"line":693,"column":56},"end":{"line":693,"column":67}},{"start":{"line":693,"column":71},"end":{"line":693,"column":84}},{"start":{"line":693,"column":88},"end":{"line":693,"column":101}}],"line":693},"76":{"loc":{"start":{"line":704,"column":8},"end":{"line":708,"column":9}},"type":"if","locations":[{"start":{"line":704,"column":8},"end":{"line":708,"column":9}},{"start":{"line":706,"column":15},"end":{"line":708,"column":9}}],"line":704},"77":{"loc":{"start":{"line":715,"column":8},"end":{"line":719,"column":9}},"type":"if","locations":[{"start":{"line":715,"column":8},"end":{"line":719,"column":9}},{"start":{},"end":{}}],"line":715},"78":{"loc":{"start":{"line":733,"column":4},"end":{"line":733,"column":29}},"type":"if","locations":[{"start":{"line":733,"column":4},"end":{"line":733,"column":29}},{"start":{},"end":{}}],"line":733},"79":{"loc":{"start":{"line":751,"column":8},"end":{"line":777,"column":9}},"type":"if","locations":[{"start":{"line":751,"column":8},"end":{"line":777,"column":9}},{"start":{"line":769,"column":15},"end":{"line":777,"column":9}}],"line":751},"80":{"loc":{"start":{"line":761,"column":16},"end":{"line":765,"column":17}},"type":"if","locations":[{"start":{"line":761,"column":16},"end":{"line":765,"column":17}},{"start":{},"end":{}}],"line":761},"81":{"loc":{"start":{"line":770,"column":12},"end":{"line":776,"column":13}},"type":"if","locations":[{"start":{"line":770,"column":12},"end":{"line":776,"column":13}},{"start":{"line":773,"column":19},"end":{"line":776,"column":13}}],"line":770},"82":{"loc":{"start":{"line":786,"column":4},"end":{"line":788,"column":5}},"type":"if","locations":[{"start":{"line":786,"column":4},"end":{"line":788,"column":5}},{"start":{},"end":{}}],"line":786},"83":{"loc":{"start":{"line":798,"column":8},"end":{"line":833,"column":9}},"type":"if","locations":[{"start":{"line":798,"column":8},"end":{"line":833,"column":9}},{"start":{"line":827,"column":15},"end":{"line":833,"column":9}}],"line":798},"84":{"loc":{"start":{"line":801,"column":12},"end":{"line":805,"column":13}},"type":"if","locations":[{"start":{"line":801,"column":12},"end":{"line":805,"column":13}},{"start":{},"end":{}}],"line":801},"85":{"loc":{"start":{"line":814,"column":16},"end":{"line":821,"column":17}},"type":"if","locations":[{"start":{"line":814,"column":16},"end":{"line":821,"column":17}},{"start":{},"end":{}}],"line":814},"86":{"loc":{"start":{"line":847,"column":4},"end":{"line":849,"column":5}},"type":"if","locations":[{"start":{"line":847,"column":4},"end":{"line":849,"column":5}},{"start":{},"end":{}}],"line":847},"87":{"loc":{"start":{"line":859,"column":8},"end":{"line":878,"column":9}},"type":"if","locations":[{"start":{"line":859,"column":8},"end":{"line":878,"column":9}},{"start":{"line":867,"column":15},"end":{"line":878,"column":9}}],"line":859},"88":{"loc":{"start":{"line":862,"column":12},"end":{"line":866,"column":13}},"type":"if","locations":[{"start":{"line":862,"column":12},"end":{"line":866,"column":13}},{"start":{},"end":{}}],"line":862},"89":{"loc":{"start":{"line":869,"column":12},"end":{"line":877,"column":13}},"type":"if","locations":[{"start":{"line":869,"column":12},"end":{"line":877,"column":13}},{"start":{"line":872,"column":19},"end":{"line":877,"column":13}}],"line":869},"90":{"loc":{"start":{"line":872,"column":19},"end":{"line":877,"column":13}},"type":"if","locations":[{"start":{"line":872,"column":19},"end":{"line":877,"column":13}},{"start":{"line":874,"column":19},"end":{"line":877,"column":13}}],"line":872},"91":{"loc":{"start":{"line":889,"column":4},"end":{"line":889,"column":32}},"type":"if","locations":[{"start":{"line":889,"column":4},"end":{"line":889,"column":32}},{"start":{},"end":{}}],"line":889},"92":{"loc":{"start":{"line":946,"column":12},"end":{"line":961,"column":13}},"type":"if","locations":[{"start":{"line":946,"column":12},"end":{"line":961,"column":13}},{"start":{"line":950,"column":19},"end":{"line":961,"column":13}}],"line":946},"93":{"loc":{"start":{"line":951,"column":16},"end":{"line":960,"column":17}},"type":"if","locations":[{"start":{"line":951,"column":16},"end":{"line":960,"column":17}},{"start":{"line":954,"column":23},"end":{"line":960,"column":17}}],"line":951},"94":{"loc":{"start":{"line":954,"column":23},"end":{"line":960,"column":17}},"type":"if","locations":[{"start":{"line":954,"column":23},"end":{"line":960,"column":17}},{"start":{"line":956,"column":23},"end":{"line":960,"column":17}}],"line":954},"95":{"loc":{"start":{"line":974,"column":4},"end":{"line":974,"column":30}},"type":"if","locations":[{"start":{"line":974,"column":4},"end":{"line":974,"column":30}},{"start":{},"end":{}}],"line":974},"96":{"loc":{"start":{"line":1032,"column":12},"end":{"line":1047,"column":13}},"type":"if","locations":[{"start":{"line":1032,"column":12},"end":{"line":1047,"column":13}},{"start":{"line":1036,"column":19},"end":{"line":1047,"column":13}}],"line":1032},"97":{"loc":{"start":{"line":1037,"column":16},"end":{"line":1046,"column":17}},"type":"if","locations":[{"start":{"line":1037,"column":16},"end":{"line":1046,"column":17}},{"start":{"line":1040,"column":23},"end":{"line":1046,"column":17}}],"line":1037},"98":{"loc":{"start":{"line":1040,"column":23},"end":{"line":1046,"column":17}},"type":"if","locations":[{"start":{"line":1040,"column":23},"end":{"line":1046,"column":17}},{"start":{"line":1042,"column":23},"end":{"line":1046,"column":17}}],"line":1040},"99":{"loc":{"start":{"line":1077,"column":8},"end":{"line":1081,"column":9}},"type":"if","locations":[{"start":{"line":1077,"column":8},"end":{"line":1081,"column":9}},{"start":{"line":1079,"column":15},"end":{"line":1081,"column":9}}],"line":1077},"100":{"loc":{"start":{"line":1095,"column":12},"end":{"line":1137,"column":13}},"type":"if","locations":[{"start":{"line":1095,"column":12},"end":{"line":1137,"column":13}},{"start":{},"end":{}}],"line":1095},"101":{"loc":{"start":{"line":1101,"column":16},"end":{"line":1101,"column":68}},"type":"if","locations":[{"start":{"line":1101,"column":16},"end":{"line":1101,"column":68}},{"start":{},"end":{}}],"line":1101},"102":{"loc":{"start":{"line":1102,"column":16},"end":{"line":1102,"column":80}},"type":"if","locations":[{"start":{"line":1102,"column":16},"end":{"line":1102,"column":80}},{"start":{},"end":{}}],"line":1102},"103":{"loc":{"start":{"line":1105,"column":16},"end":{"line":1108,"column":17}},"type":"if","locations":[{"start":{"line":1105,"column":16},"end":{"line":1108,"column":17}},{"start":{},"end":{}}],"line":1105},"104":{"loc":{"start":{"line":1111,"column":16},"end":{"line":1114,"column":17}},"type":"if","locations":[{"start":{"line":1111,"column":16},"end":{"line":1114,"column":17}},{"start":{},"end":{}}],"line":1111},"105":{"loc":{"start":{"line":1111,"column":20},"end":{"line":1111,"column":54}},"type":"binary-expr","locations":[{"start":{"line":1111,"column":20},"end":{"line":1111,"column":35}},{"start":{"line":1111,"column":39},"end":{"line":1111,"column":54}}],"line":1111},"106":{"loc":{"start":{"line":1120,"column":24},"end":{"line":1122,"column":25}},"type":"if","locations":[{"start":{"line":1120,"column":24},"end":{"line":1122,"column":25}},{"start":{},"end":{}}],"line":1120},"107":{"loc":{"start":{"line":1121,"column":58},"end":{"line":1121,"column":85}},"type":"binary-expr","locations":[{"start":{"line":1121,"column":58},"end":{"line":1121,"column":75}},{"start":{"line":1121,"column":79},"end":{"line":1121,"column":85}}],"line":1121},"108":{"loc":{"start":{"line":1124,"column":24},"end":{"line":1130,"column":25}},"type":"if","locations":[{"start":{"line":1124,"column":24},"end":{"line":1130,"column":25}},{"start":{},"end":{}}],"line":1124},"109":{"loc":{"start":{"line":1125,"column":28},"end":{"line":1129,"column":29}},"type":"if","locations":[{"start":{"line":1125,"column":28},"end":{"line":1129,"column":29}},{"start":{"line":1127,"column":35},"end":{"line":1129,"column":29}}],"line":1125},"110":{"loc":{"start":{"line":1133,"column":24},"end":{"line":1133,"column":99}},"type":"if","locations":[{"start":{"line":1133,"column":24},"end":{"line":1133,"column":99}},{"start":{},"end":{}}],"line":1133},"111":{"loc":{"start":{"line":1133,"column":75},"end":{"line":1133,"column":98}},"type":"binary-expr","locations":[{"start":{"line":1133,"column":75},"end":{"line":1133,"column":88}},{"start":{"line":1133,"column":92},"end":{"line":1133,"column":98}}],"line":1133},"112":{"loc":{"start":{"line":1134,"column":24},"end":{"line":1134,"column":91}},"type":"if","locations":[{"start":{"line":1134,"column":24},"end":{"line":1134,"column":91}},{"start":{},"end":{}}],"line":1134},"113":{"loc":{"start":{"line":1142,"column":0},"end":{"line":1162,"column":1}},"type":"if","locations":[{"start":{"line":1142,"column":0},"end":{"line":1162,"column":1}},{"start":{},"end":{}}],"line":1142},"114":{"loc":{"start":{"line":1142,"column":4},"end":{"line":1142,"column":51}},"type":"binary-expr","locations":[{"start":{"line":1142,"column":4},"end":{"line":1142,"column":33}},{"start":{"line":1142,"column":37},"end":{"line":1142,"column":51}}],"line":1142}},"s":{"0":1,"1":1,"2":1,"3":1,"4":1,"5":1,"6":1,"7":1,"8":1,"9":1,"10":1,"11":1,"12":1,"13":1,"14":1,"15":1,"16":1,"17":1,"18":1,"19":4,"20":4,"21":4,"22":3,"23":3,"24":3,"25":2,"26":2,"27":1,"28":1,"29":0,"30":0,"31":1,"32":0,"33":0,"34":0,"35":1,"36":1,"37":1,"38":1,"39":0,"40":0,"41":0,"42":1,"43":1,"44":1,"45":1,"46":1,"47":1,"48":0,"49":0,"50":0,"51":0,"52":0,"53":1,"54":1,"55":1,"56":1,"57":1,"58":1,"59":1,"60":1,"61":1,"62":1,"63":1,"64":1,"65":1,"66":0,"67":0,"68":0,"69":1,"70":1,"71":1,"72":1,"73":1,"74":1,"75":1,"76":1,"77":1,"78":1,"79":1,"80":1,"81":1,"82":1,"83":1,"84":1,"85":1,"86":1,"87":1,"88":1,"89":1,"90":1,"91":1,"92":1,"93":1,"94":1,"95":1,"96":1,"97":1,"98":0,"99":0,"100":1,"101":1,"102":1,"103":1,"104":1,"105":1,"106":0,"107":0,"108":0,"109":1,"110":0,"111":0,"112":0,"113":0,"114":0,"115":0,"116":0,"117":0,"118":0,"119":1,"120":1,"121":1,"122":1,"123":1,"124":1,"125":1,"126":1,"127":1,"128":0,"129":0,"130":0,"131":0,"132":0,"133":0,"134":0,"135":0,"136":0,"137":1,"138":1,"139":1,"140":1,"141":3,"142":0,"143":1,"144":0,"145":0,"146":0,"147":0,"148":0,"149":0,"150":0,"151":0,"152":0,"153":0,"154":0,"155":0,"156":0,"157":0,"158":0,"159":0,"160":2,"161":2,"162":2,"163":2,"164":0,"165":0,"166":0,"167":2,"168":2,"169":2,"170":0,"171":0,"172":0,"173":2,"174":2,"175":2,"176":2,"177":0,"178":0,"179":0,"180":0,"181":0,"182":0,"183":0,"184":0,"185":0,"186":0,"187":0,"188":0,"189":0,"190":0,"191":0,"192":0,"193":0,"194":0,"195":0,"196":0,"197":0,"198":0,"199":0,"200":0,"201":0,"202":0,"203":0,"204":0,"205":0,"206":0,"207":0,"208":0,"209":0,"210":0,"211":0,"212":0,"213":0,"214":0,"215":0,"216":0,"217":0,"218":0,"219":0,"220":0,"221":0,"222":0,"223":0,"224":0,"225":0,"226":0,"227":0,"228":0,"229":0,"230":0,"231":0,"232":0,"233":0,"234":0,"235":0,"236":0,"237":0,"238":0,"239":0,"240":0,"241":0,"242":0,"243":0,"244":0,"245":0,"246":0,"247":0,"248":0,"249":0,"250":0,"251":0,"252":0,"253":0,"254":0,"255":0,"256":0,"257":0,"258":0,"259":0,"260":0,"261":0,"262":0,"263":0,"264":0,"265":0,"266":0,"267":0,"268":0,"269":0,"270":0,"271":0,"272":0,"273":0,"274":4,"275":1,"276":3,"277":3,"278":3,"279":3,"280":3,"281":6,"282":6,"283":10,"284":5,"285":5,"286":5,"287":3,"288":10,"289":2,"290":2,"291":1,"292":1,"293":1,"294":1,"295":0,"296":1,"297":1,"298":0,"299":0,"300":0,"301":0,"302":0,"303":0,"304":0,"305":0,"306":0,"307":0,"308":0,"309":0,"310":0,"311":0,"312":0,"313":0,"314":0,"315":0,"316":0,"317":0,"318":0,"319":0,"320":0,"321":0,"322":0,"323":0,"324":0,"325":0,"326":0,"327":0,"328":0,"329":0,"330":0,"331":0,"332":0,"333":0,"334":0,"335":0,"336":0,"337":0,"338":0,"339":0,"340":0,"341":0,"342":0,"343":0,"344":0,"345":0,"346":0,"347":0,"348":0,"349":0,"350":1,"351":1,"352":1,"353":1,"354":1,"355":1,"356":1,"357":0,"358":1,"359":0,"360":1,"361":1,"362":1,"363":0,"364":1,"365":0,"366":0,"367":0,"368":0,"369":0,"370":1,"371":1,"372":1,"373":1,"374":1,"375":0,"376":1,"377":1,"378":1,"379":1,"380":1,"381":1,"382":1,"383":1,"384":1,"385":1,"386":1,"387":1,"388":1,"389":1,"390":0,"391":0,"392":0,"393":0,"394":0,"395":0,"396":0,"397":0,"398":1,"399":0,"400":1,"401":1,"402":1,"403":1,"404":1,"405":1,"406":1,"407":1,"408":1,"409":1,"410":1,"411":1,"412":1,"413":1,"414":1,"415":1,"416":1,"417":0,"418":1,"419":0,"420":0,"421":0,"422":0,"423":0,"424":0,"425":0,"426":0,"427":0,"428":0,"429":0,"430":0,"431":0,"432":0,"433":0,"434":0,"435":0,"436":0,"437":0,"438":0,"439":0,"440":0,"441":0,"442":0,"443":0,"444":0,"445":0,"446":0,"447":0,"448":0,"449":0,"450":0,"451":0,"452":0,"453":0,"454":0,"455":0,"456":0,"457":0,"458":0,"459":0,"460":0,"461":0,"462":0,"463":0,"464":0,"465":0,"466":0,"467":0,"468":0,"469":0,"470":0,"471":0,"472":0,"473":0,"474":0,"475":0,"476":0,"477":0,"478":0,"479":0,"480":0,"481":0,"482":0,"483":0,"484":0,"485":0,"486":0,"487":0,"488":0,"489":0,"490":0,"491":0,"492":0,"493":0,"494":0,"495":0,"496":0,"497":0,"498":0,"499":0,"500":0,"501":0,"502":0,"503":0,"504":0,"505":0,"506":0,"507":0,"508":0,"509":0,"510":0,"511":0,"512":0,"513":0,"514":0,"515":0,"516":0,"517":0,"518":0,"519":0,"520":0,"521":0,"522":0,"523":0,"524":0,"525":0,"526":0,"527":0,"528":0,"529":0,"530":0,"531":0,"532":1,"533":0,"534":0,"535":0,"536":0,"537":0,"538":0,"539":0,"540":0,"541":0,"542":0,"543":0,"544":0,"545":0,"546":0,"547":0,"548":0,"549":0,"550":0,"551":0,"552":0,"553":0,"554":0,"555":0,"556":0,"557":0,"558":0,"559":0,"560":0,"561":0,"562":0,"563":0,"564":0,"565":0,"566":0,"567":0,"568":0,"569":0,"570":0,"571":0,"572":0,"573":0,"574":0,"575":0,"576":0,"577":0,"578":0,"579":0,"580":0,"581":1,"582":1},"f":{"0":1,"1":1,"2":4,"3":3,"4":1,"5":1,"6":0,"7":0,"8":1,"9":1,"10":0,"11":0,"12":0,"13":0,"14":1,"15":3,"16":0,"17":2,"18":2,"19":0,"20":0,"21":0,"22":0,"23":0,"24":0,"25":0,"26":0,"27":0,"28":0,"29":4,"30":10,"31":2,"32":0,"33":0,"34":1,"35":0,"36":1,"37":0,"38":1,"39":1,"40":1,"41":0,"42":0,"43":0,"44":0,"45":0,"46":0,"47":0,"48":0,"49":0,"50":0,"51":0,"52":0,"53":0,"54":0,"55":0,"56":0},"b":{"0":[2,1],"1":[0],"2":[0,1],"3":[1,1,1],"4":[0,0],"5":[0,1],"6":[1,0],"7":[1,0],"8":[1,1],"9":[0],"10":[1,0],"11":[1,0],"12":[1,1,1],"13":[0,0],"14":[0,0,0],"15":[1,0],"16":[1,0,0],"17":[1,0],"18":[1,0],"19":[0,0],"20":[0,0],"21":[0,0],"22":[0,0],"23":[0,0],"24":[1,0],"25":[1,0],"26":[0,0],"27":[1,0],"28":[0,3],"29":[0,0],"30":[0,2],"31":[2,0],"32":[0],"33":[0],"34":[0,0],"35":[0,0],"36":[0,0],"37":[0,0],"38":[0,0],"39":[0,0],"40":[0,0],"41":[0,0],"42":[0,0],"43":[0,0],"44":[0,0],"45":[0,0],"46":[0,0],"47":[0,0],"48":[0,0],"49":[0,0],"50":[0,0],"51":[0,0],"52":[0,0],"53":[0,0],"54":[0,0],"55":[0,0],"56":[1,3],"57":[5,5],"58":[10,5],"59":[5,5],"60":[2],"61":[2],"62":[1,1],"63":[0,1],"64":[0,0],"65":[0,0],"66":[0,0],"67":[0,0],"68":[0,0],"69":[0,0],"70":[0,0],"71":[0,0],"72":[0,0],"73":[0,0],"74":[0,1],"75":[1,1,1,1,1,1],"76":[1,0],"77":[0,0],"78":[0,1],"79":[1,0],"80":[1,0],"81":[0,0],"82":[0,1],"83":[1,0],"84":[1,0],"85":[1,0],"86":[0,0],"87":[0,0],"88":[0,0],"89":[0,0],"90":[0,0],"91":[0,0],"92":[0,0],"93":[0,0],"94":[0,0],"95":[0,0],"96":[0,0],"97":[0,0],"98":[0,0],"99":[0,0],"100":[0,0],"101":[0,0],"102":[0,0],"103":[0,0],"104":[0,0],"105":[0,0],"106":[0,0],"107":[0,0],"108":[0,0],"109":[0,0],"110":[0,0],"111":[0,0],"112":[0,0],"113":[1,0],"114":[1,1]},"_coverageSchema":"1a1c01bbd47fc00a2c39e90264f33305004495a9","hash":"8c2e41adc649c416872361211f2a1e697e7d958c"}
}
