{"/Users/duy/Documents/UCD/ECS160 Web Programming/New_HW3/frontend/script.js": {"path":"/Users/duy/Documents/UCD/ECS160 Web Programming/New_HW3/frontend/script.js","statementMap":{"0":{"start":{"line":2,"column":14},"end":{"line":2,"column":32}},"1":{"start":{"line":5,"column":18},"end":{"line":5,"column":54}},"2":{"start":{"line":6,"column":16},"end":{"line":6,"column":50}},"3":{"start":{"line":7,"column":17},"end":{"line":7,"column":56}},"4":{"start":{"line":9,"column":0},"end":{"line":11,"column":3}},"5":{"start":{"line":10,"column":4},"end":{"line":10,"column":36}},"6":{"start":{"line":13,"column":0},"end":{"line":15,"column":3}},"7":{"start":{"line":14,"column":4},"end":{"line":14,"column":35}},"8":{"start":{"line":18,"column":19},"end":{"line":18,"column":57}},"9":{"start":{"line":19,"column":20},"end":{"line":19,"column":60}},"10":{"start":{"line":20,"column":15},"end":{"line":20,"column":82}},"11":{"start":{"line":21,"column":14},"end":{"line":21,"column":24}},"12":{"start":{"line":22,"column":0},"end":{"line":22,"column":67}},"13":{"start":{"line":23,"column":0},"end":{"line":23,"column":68}},"14":{"start":{"line":26,"column":15},"end":{"line":26,"column":16}},"15":{"start":{"line":27,"column":17},"end":{"line":27,"column":22}},"16":{"start":{"line":28,"column":22},"end":{"line":28,"column":26}},"17":{"start":{"line":29,"column":21},"end":{"line":29,"column":22}},"18":{"start":{"line":32,"column":22},"end":{"line":32,"column":27}},"19":{"start":{"line":37,"column":27},"end":{"line":37,"column":30}},"20":{"start":{"line":38,"column":20},"end":{"line":38,"column":58}},"21":{"start":{"line":39,"column":4},"end":{"line":39,"column":33}},"22":{"start":{"line":48,"column":4},"end":{"line":53,"column":5}},"23":{"start":{"line":49,"column":8},"end":{"line":51,"column":9}},"24":{"start":{"line":50,"column":12},"end":{"line":50,"column":36}},"25":{"start":{"line":52,"column":8},"end":{"line":52,"column":15}},"26":{"start":{"line":55,"column":4},"end":{"line":55,"column":22}},"27":{"start":{"line":57,"column":4},"end":{"line":80,"column":5}},"28":{"start":{"line":59,"column":25},"end":{"line":59,"column":77}},"29":{"start":{"line":60,"column":8},"end":{"line":74,"column":9}},"30":{"start":{"line":61,"column":25},"end":{"line":61,"column":46}},"31":{"start":{"line":64,"column":12},"end":{"line":70,"column":13}},"32":{"start":{"line":65,"column":16},"end":{"line":65,"column":64}},"33":{"start":{"line":66,"column":16},"end":{"line":66,"column":32}},"34":{"start":{"line":69,"column":16},"end":{"line":69,"column":40}},"35":{"start":{"line":72,"column":12},"end":{"line":72,"column":72}},"36":{"start":{"line":73,"column":12},"end":{"line":73,"column":36}},"37":{"start":{"line":76,"column":8},"end":{"line":76,"column":57}},"38":{"start":{"line":77,"column":8},"end":{"line":77,"column":32}},"39":{"start":{"line":79,"column":8},"end":{"line":79,"column":27}},"40":{"start":{"line":85,"column":26},"end":{"line":85,"column":67}},"41":{"start":{"line":88,"column":4},"end":{"line":90,"column":5}},"42":{"start":{"line":89,"column":8},"end":{"line":89,"column":37}},"43":{"start":{"line":93,"column":4},"end":{"line":181,"column":5}},"44":{"start":{"line":93,"column":17},"end":{"line":93,"column":18}},"45":{"start":{"line":94,"column":24},"end":{"line":94,"column":35}},"46":{"start":{"line":97,"column":27},"end":{"line":97,"column":56}},"47":{"start":{"line":100,"column":23},"end":{"line":100,"column":28}},"48":{"start":{"line":101,"column":21},"end":{"line":101,"column":38}},"49":{"start":{"line":103,"column":8},"end":{"line":111,"column":9}},"50":{"start":{"line":105,"column":12},"end":{"line":105,"column":76}},"51":{"start":{"line":106,"column":12},"end":{"line":106,"column":28}},"52":{"start":{"line":107,"column":15},"end":{"line":111,"column":9}},"53":{"start":{"line":109,"column":12},"end":{"line":109,"column":52}},"54":{"start":{"line":110,"column":12},"end":{"line":110,"column":28}},"55":{"start":{"line":114,"column":8},"end":{"line":119,"column":9}},"56":{"start":{"line":115,"column":26},"end":{"line":115,"column":55}},"57":{"start":{"line":116,"column":12},"end":{"line":116,"column":31}},"58":{"start":{"line":117,"column":12},"end":{"line":117,"column":35}},"59":{"start":{"line":118,"column":12},"end":{"line":118,"column":42}},"60":{"start":{"line":122,"column":26},"end":{"line":122,"column":54}},"61":{"start":{"line":123,"column":8},"end":{"line":123,"column":43}},"62":{"start":{"line":124,"column":8},"end":{"line":124,"column":54}},"63":{"start":{"line":125,"column":8},"end":{"line":125,"column":42}},"64":{"start":{"line":128,"column":25},"end":{"line":128,"column":52}},"65":{"start":{"line":129,"column":8},"end":{"line":129,"column":41}},"66":{"start":{"line":130,"column":8},"end":{"line":130,"column":73}},"67":{"start":{"line":131,"column":8},"end":{"line":131,"column":41}},"68":{"start":{"line":134,"column":25},"end":{"line":134,"column":52}},"69":{"start":{"line":135,"column":8},"end":{"line":135,"column":41}},"70":{"start":{"line":136,"column":8},"end":{"line":136,"column":75}},"71":{"start":{"line":139,"column":27},"end":{"line":139,"column":54}},"72":{"start":{"line":140,"column":8},"end":{"line":140,"column":45}},"73":{"start":{"line":143,"column":28},"end":{"line":143,"column":55}},"74":{"start":{"line":144,"column":8},"end":{"line":144,"column":49}},"75":{"start":{"line":145,"column":8},"end":{"line":145,"column":44}},"76":{"start":{"line":146,"column":8},"end":{"line":146,"column":44}},"77":{"start":{"line":149,"column":28},"end":{"line":149,"column":29}},"78":{"start":{"line":151,"column":8},"end":{"line":163,"column":9}},"79":{"start":{"line":153,"column":34},"end":{"line":153,"column":112}},"80":{"start":{"line":154,"column":12},"end":{"line":158,"column":13}},"81":{"start":{"line":155,"column":29},"end":{"line":155,"column":55}},"82":{"start":{"line":156,"column":16},"end":{"line":156,"column":43}},"83":{"start":{"line":157,"column":16},"end":{"line":157,"column":85}},"84":{"start":{"line":160,"column":12},"end":{"line":160,"column":66}},"85":{"start":{"line":162,"column":12},"end":{"line":162,"column":66}},"86":{"start":{"line":166,"column":30},"end":{"line":166,"column":59}},"87":{"start":{"line":167,"column":8},"end":{"line":167,"column":51}},"88":{"start":{"line":168,"column":8},"end":{"line":168,"column":44}},"89":{"start":{"line":169,"column":8},"end":{"line":169,"column":46}},"90":{"start":{"line":170,"column":8},"end":{"line":170,"column":46}},"91":{"start":{"line":173,"column":8},"end":{"line":177,"column":11}},"92":{"start":{"line":174,"column":12},"end":{"line":174,"column":69}},"93":{"start":{"line":175,"column":12},"end":{"line":175,"column":86}},"94":{"start":{"line":176,"column":12},"end":{"line":176,"column":58}},"95":{"start":{"line":180,"column":8},"end":{"line":180,"column":46}},"96":{"start":{"line":188,"column":4},"end":{"line":191,"column":5}},"97":{"start":{"line":189,"column":8},"end":{"line":189,"column":58}},"98":{"start":{"line":190,"column":8},"end":{"line":190,"column":15}},"99":{"start":{"line":193,"column":25},"end":{"line":193,"column":43}},"100":{"start":{"line":194,"column":27},"end":{"line":194,"column":64}},"101":{"start":{"line":195,"column":22},"end":{"line":195,"column":78}},"102":{"start":{"line":198,"column":4},"end":{"line":202,"column":5}},"103":{"start":{"line":199,"column":8},"end":{"line":201,"column":9}},"104":{"start":{"line":200,"column":12},"end":{"line":200,"column":39}},"105":{"start":{"line":207,"column":27},"end":{"line":207,"column":69}},"106":{"start":{"line":208,"column":26},"end":{"line":208,"column":67}},"107":{"start":{"line":209,"column":32},"end":{"line":209,"column":80}},"108":{"start":{"line":210,"column":24},"end":{"line":210,"column":71}},"109":{"start":{"line":213,"column":4},"end":{"line":217,"column":5}},"110":{"start":{"line":214,"column":8},"end":{"line":216,"column":11}},"111":{"start":{"line":215,"column":12},"end":{"line":215,"column":50}},"112":{"start":{"line":220,"column":4},"end":{"line":240,"column":5}},"113":{"start":{"line":221,"column":8},"end":{"line":239,"column":11}},"114":{"start":{"line":222,"column":12},"end":{"line":222,"column":31}},"115":{"start":{"line":223,"column":12},"end":{"line":223,"column":32}},"116":{"start":{"line":224,"column":12},"end":{"line":238,"column":19}},"117":{"start":{"line":225,"column":34},"end":{"line":225,"column":49}},"118":{"start":{"line":227,"column":20},"end":{"line":233,"column":21}},"119":{"start":{"line":229,"column":24},"end":{"line":229,"column":62}},"120":{"start":{"line":232,"column":24},"end":{"line":232,"column":56}},"121":{"start":{"line":236,"column":20},"end":{"line":236,"column":73}},"122":{"start":{"line":237,"column":20},"end":{"line":237,"column":52}},"123":{"start":{"line":243,"column":4},"end":{"line":247,"column":5}},"124":{"start":{"line":244,"column":8},"end":{"line":246,"column":11}},"125":{"start":{"line":245,"column":12},"end":{"line":245,"column":50}},"126":{"start":{"line":250,"column":4},"end":{"line":254,"column":7}},"127":{"start":{"line":251,"column":8},"end":{"line":253,"column":9}},"128":{"start":{"line":252,"column":12},"end":{"line":252,"column":50}},"129":{"start":{"line":258,"column":19},"end":{"line":258,"column":21}},"130":{"start":{"line":262,"column":27},"end":{"line":262,"column":69}},"131":{"start":{"line":263,"column":29},"end":{"line":263,"column":77}},"132":{"start":{"line":264,"column":29},"end":{"line":264,"column":69}},"133":{"start":{"line":265,"column":30},"end":{"line":265,"column":75}},"134":{"start":{"line":268,"column":4},"end":{"line":268,"column":48}},"135":{"start":{"line":270,"column":4},"end":{"line":283,"column":5}},"136":{"start":{"line":272,"column":30},"end":{"line":272,"column":99}},"137":{"start":{"line":273,"column":8},"end":{"line":279,"column":9}},"138":{"start":{"line":274,"column":25},"end":{"line":274,"column":51}},"139":{"start":{"line":275,"column":12},"end":{"line":275,"column":61}},"140":{"start":{"line":278,"column":12},"end":{"line":278,"column":56}},"141":{"start":{"line":281,"column":8},"end":{"line":281,"column":61}},"142":{"start":{"line":282,"column":8},"end":{"line":282,"column":52}},"143":{"start":{"line":286,"column":4},"end":{"line":286,"column":42}},"144":{"start":{"line":289,"column":4},"end":{"line":289,"column":38}},"145":{"start":{"line":292,"column":4},"end":{"line":292,"column":44}},"146":{"start":{"line":297,"column":4},"end":{"line":315,"column":5}},"147":{"start":{"line":298,"column":8},"end":{"line":298,"column":80}},"148":{"start":{"line":299,"column":25},"end":{"line":299,"column":89}},"149":{"start":{"line":301,"column":8},"end":{"line":310,"column":9}},"150":{"start":{"line":302,"column":29},"end":{"line":302,"column":50}},"151":{"start":{"line":303,"column":12},"end":{"line":303,"column":50}},"152":{"start":{"line":304,"column":12},"end":{"line":304,"column":42}},"153":{"start":{"line":306,"column":12},"end":{"line":306,"column":72}},"154":{"start":{"line":308,"column":12},"end":{"line":308,"column":44}},"155":{"start":{"line":309,"column":12},"end":{"line":309,"column":42}},"156":{"start":{"line":312,"column":8},"end":{"line":312,"column":57}},"157":{"start":{"line":313,"column":8},"end":{"line":313,"column":40}},"158":{"start":{"line":314,"column":8},"end":{"line":314,"column":38}},"159":{"start":{"line":320,"column":30},"end":{"line":320,"column":75}},"160":{"start":{"line":323,"column":4},"end":{"line":323,"column":37}},"161":{"start":{"line":326,"column":28},"end":{"line":326,"column":60}},"162":{"start":{"line":329,"column":4},"end":{"line":332,"column":7}},"163":{"start":{"line":330,"column":31},"end":{"line":330,"column":60}},"164":{"start":{"line":331,"column":8},"end":{"line":331,"column":54}},"165":{"start":{"line":337,"column":4},"end":{"line":337,"column":80}},"166":{"start":{"line":339,"column":23},"end":{"line":339,"column":52}},"167":{"start":{"line":340,"column":4},"end":{"line":340,"column":37}},"168":{"start":{"line":341,"column":4},"end":{"line":341,"column":54}},"169":{"start":{"line":344,"column":22},"end":{"line":344,"column":51}},"170":{"start":{"line":345,"column":4},"end":{"line":345,"column":43}},"171":{"start":{"line":347,"column":22},"end":{"line":347,"column":51}},"172":{"start":{"line":348,"column":4},"end":{"line":348,"column":43}},"173":{"start":{"line":350,"column":23},"end":{"line":350,"column":50}},"174":{"start":{"line":351,"column":4},"end":{"line":351,"column":44}},"175":{"start":{"line":352,"column":4},"end":{"line":352,"column":38}},"176":{"start":{"line":353,"column":4},"end":{"line":353,"column":38}},"177":{"start":{"line":355,"column":25},"end":{"line":355,"column":55}},"178":{"start":{"line":356,"column":4},"end":{"line":356,"column":48}},"179":{"start":{"line":357,"column":4},"end":{"line":357,"column":48}},"180":{"start":{"line":359,"column":4},"end":{"line":359,"column":37}},"181":{"start":{"line":360,"column":4},"end":{"line":360,"column":40}},"182":{"start":{"line":361,"column":4},"end":{"line":361,"column":38}},"183":{"start":{"line":364,"column":24},"end":{"line":364,"column":51}},"184":{"start":{"line":365,"column":4},"end":{"line":365,"column":43}},"185":{"start":{"line":366,"column":4},"end":{"line":366,"column":43}},"186":{"start":{"line":367,"column":4},"end":{"line":367,"column":40}},"187":{"start":{"line":370,"column":23},"end":{"line":370,"column":52}},"188":{"start":{"line":371,"column":4},"end":{"line":371,"column":45}},"189":{"start":{"line":374,"column":24},"end":{"line":374,"column":56}},"190":{"start":{"line":375,"column":4},"end":{"line":375,"column":43}},"191":{"start":{"line":376,"column":4},"end":{"line":376,"column":38}},"192":{"start":{"line":377,"column":4},"end":{"line":385,"column":7}},"193":{"start":{"line":378,"column":8},"end":{"line":384,"column":9}},"194":{"start":{"line":380,"column":12},"end":{"line":380,"column":71}},"195":{"start":{"line":383,"column":12},"end":{"line":383,"column":55}},"196":{"start":{"line":387,"column":4},"end":{"line":387,"column":40}},"197":{"start":{"line":390,"column":4},"end":{"line":407,"column":5}},"198":{"start":{"line":391,"column":29},"end":{"line":391,"column":61}},"199":{"start":{"line":392,"column":8},"end":{"line":392,"column":49}},"200":{"start":{"line":393,"column":8},"end":{"line":393,"column":44}},"201":{"start":{"line":396,"column":8},"end":{"line":404,"column":9}},"202":{"start":{"line":397,"column":12},"end":{"line":399,"column":15}},"203":{"start":{"line":398,"column":16},"end":{"line":398,"column":65}},"204":{"start":{"line":401,"column":12},"end":{"line":403,"column":15}},"205":{"start":{"line":402,"column":16},"end":{"line":402,"column":57}},"206":{"start":{"line":406,"column":8},"end":{"line":406,"column":45}},"207":{"start":{"line":410,"column":4},"end":{"line":428,"column":5}},"208":{"start":{"line":411,"column":29},"end":{"line":411,"column":61}},"209":{"start":{"line":412,"column":8},"end":{"line":412,"column":49}},"210":{"start":{"line":413,"column":8},"end":{"line":413,"column":44}},"211":{"start":{"line":414,"column":8},"end":{"line":414,"column":47}},"212":{"start":{"line":417,"column":8},"end":{"line":425,"column":9}},"213":{"start":{"line":418,"column":12},"end":{"line":420,"column":15}},"214":{"start":{"line":419,"column":16},"end":{"line":419,"column":65}},"215":{"start":{"line":422,"column":12},"end":{"line":424,"column":15}},"216":{"start":{"line":423,"column":16},"end":{"line":423,"column":57}},"217":{"start":{"line":427,"column":8},"end":{"line":427,"column":45}},"218":{"start":{"line":430,"column":4},"end":{"line":430,"column":39}},"219":{"start":{"line":433,"column":25},"end":{"line":433,"column":54}},"220":{"start":{"line":434,"column":4},"end":{"line":434,"column":53}},"221":{"start":{"line":435,"column":22},"end":{"line":435,"column":47}},"222":{"start":{"line":436,"column":4},"end":{"line":436,"column":48}},"223":{"start":{"line":438,"column":26},"end":{"line":438,"column":60}},"224":{"start":{"line":439,"column":4},"end":{"line":439,"column":47}},"225":{"start":{"line":440,"column":4},"end":{"line":440,"column":51}},"226":{"start":{"line":442,"column":22},"end":{"line":442,"column":51}},"227":{"start":{"line":443,"column":4},"end":{"line":443,"column":42}},"228":{"start":{"line":445,"column":25},"end":{"line":445,"column":57}},"229":{"start":{"line":446,"column":4},"end":{"line":446,"column":46}},"230":{"start":{"line":447,"column":4},"end":{"line":447,"column":40}},"231":{"start":{"line":448,"column":4},"end":{"line":450,"column":7}},"232":{"start":{"line":449,"column":8},"end":{"line":449,"column":35}},"233":{"start":{"line":452,"column":25},"end":{"line":452,"column":57}},"234":{"start":{"line":453,"column":4},"end":{"line":453,"column":46}},"235":{"start":{"line":454,"column":4},"end":{"line":454,"column":39}},"236":{"start":{"line":455,"column":4},"end":{"line":467,"column":7}},"237":{"start":{"line":456,"column":21},"end":{"line":456,"column":33}},"238":{"start":{"line":457,"column":31},"end":{"line":457,"column":69}},"239":{"start":{"line":458,"column":32},"end":{"line":458,"column":60}},"240":{"start":{"line":460,"column":8},"end":{"line":466,"column":9}},"241":{"start":{"line":462,"column":12},"end":{"line":462,"column":79}},"242":{"start":{"line":465,"column":12},"end":{"line":465,"column":56}},"243":{"start":{"line":469,"column":4},"end":{"line":469,"column":40}},"244":{"start":{"line":470,"column":4},"end":{"line":470,"column":40}},"245":{"start":{"line":472,"column":4},"end":{"line":472,"column":44}},"246":{"start":{"line":473,"column":4},"end":{"line":473,"column":40}},"247":{"start":{"line":474,"column":4},"end":{"line":474,"column":41}},"248":{"start":{"line":477,"column":4},"end":{"line":499,"column":5}},"249":{"start":{"line":478,"column":27},"end":{"line":478,"column":56}},"250":{"start":{"line":479,"column":8},"end":{"line":479,"column":41}},"251":{"start":{"line":481,"column":8},"end":{"line":496,"column":11}},"252":{"start":{"line":483,"column":29},"end":{"line":483,"column":64}},"253":{"start":{"line":486,"column":12},"end":{"line":493,"column":13}},"254":{"start":{"line":488,"column":16},"end":{"line":488,"column":92}},"255":{"start":{"line":489,"column":16},"end":{"line":489,"column":59}},"256":{"start":{"line":492,"column":16},"end":{"line":492,"column":92}},"257":{"start":{"line":495,"column":12},"end":{"line":495,"column":49}},"258":{"start":{"line":498,"column":8},"end":{"line":498,"column":43}},"259":{"start":{"line":501,"column":4},"end":{"line":501,"column":22}},"260":{"start":{"line":506,"column":4},"end":{"line":508,"column":5}},"261":{"start":{"line":507,"column":8},"end":{"line":507,"column":28}},"262":{"start":{"line":510,"column":26},"end":{"line":510,"column":51}},"263":{"start":{"line":511,"column":24},"end":{"line":511,"column":47}},"264":{"start":{"line":513,"column":25},"end":{"line":513,"column":64}},"265":{"start":{"line":515,"column":25},"end":{"line":515,"column":27}},"266":{"start":{"line":517,"column":4},"end":{"line":525,"column":5}},"267":{"start":{"line":518,"column":8},"end":{"line":524,"column":9}},"268":{"start":{"line":518,"column":21},"end":{"line":518,"column":39}},"269":{"start":{"line":519,"column":12},"end":{"line":523,"column":13}},"270":{"start":{"line":520,"column":16},"end":{"line":520,"column":39}},"271":{"start":{"line":521,"column":16},"end":{"line":521,"column":35}},"272":{"start":{"line":522,"column":16},"end":{"line":522,"column":22}},"273":{"start":{"line":526,"column":4},"end":{"line":528,"column":16}},"274":{"start":{"line":527,"column":8},"end":{"line":527,"column":56}},"275":{"start":{"line":533,"column":22},"end":{"line":533,"column":72}},"276":{"start":{"line":535,"column":4},"end":{"line":549,"column":5}},"277":{"start":{"line":536,"column":8},"end":{"line":536,"column":41}},"278":{"start":{"line":538,"column":8},"end":{"line":538,"column":42}},"279":{"start":{"line":541,"column":8},"end":{"line":541,"column":58}},"280":{"start":{"line":542,"column":8},"end":{"line":544,"column":9}},"281":{"start":{"line":543,"column":12},"end":{"line":543,"column":64}},"282":{"start":{"line":547,"column":25},"end":{"line":547,"column":67}},"283":{"start":{"line":548,"column":8},"end":{"line":548,"column":25}},"284":{"start":{"line":554,"column":4},"end":{"line":554,"column":29}},"285":{"start":{"line":554,"column":22},"end":{"line":554,"column":29}},"286":{"start":{"line":556,"column":25},"end":{"line":556,"column":85}},"287":{"start":{"line":558,"column":4},"end":{"line":604,"column":5}},"288":{"start":{"line":559,"column":25},"end":{"line":567,"column":10}},"289":{"start":{"line":568,"column":10},"end":{"line":600,"column":9}},"290":{"start":{"line":569,"column":27},"end":{"line":569,"column":48}},"291":{"start":{"line":570,"column":12},"end":{"line":570,"column":61}},"292":{"start":{"line":572,"column":40},"end":{"line":572,"column":100}},"293":{"start":{"line":573,"column":12},"end":{"line":573,"column":53}},"294":{"start":{"line":576,"column":12},"end":{"line":585,"column":13}},"295":{"start":{"line":577,"column":38},"end":{"line":577,"column":114}},"296":{"start":{"line":578,"column":16},"end":{"line":582,"column":17}},"297":{"start":{"line":579,"column":33},"end":{"line":579,"column":59}},"298":{"start":{"line":580,"column":45},"end":{"line":580,"column":85}},"299":{"start":{"line":581,"column":20},"end":{"line":581,"column":69}},"300":{"start":{"line":584,"column":16},"end":{"line":584,"column":70}},"301":{"start":{"line":588,"column":30},"end":{"line":588,"column":79}},"302":{"start":{"line":589,"column":12},"end":{"line":591,"column":13}},"303":{"start":{"line":590,"column":16},"end":{"line":590,"column":49}},"304":{"start":{"line":593,"column":12},"end":{"line":599,"column":13}},"305":{"start":{"line":594,"column":16},"end":{"line":594,"column":54}},"306":{"start":{"line":595,"column":16},"end":{"line":595,"column":48}},"307":{"start":{"line":597,"column":16},"end":{"line":597,"column":74}},"308":{"start":{"line":598,"column":16},"end":{"line":598,"column":64}},"309":{"start":{"line":602,"column":8},"end":{"line":602,"column":56}},"310":{"start":{"line":603,"column":8},"end":{"line":603,"column":67}},"311":{"start":{"line":609,"column":4},"end":{"line":609,"column":29}},"312":{"start":{"line":609,"column":22},"end":{"line":609,"column":29}},"313":{"start":{"line":611,"column":4},"end":{"line":659,"column":5}},"314":{"start":{"line":612,"column":25},"end":{"line":620,"column":10}},"315":{"start":{"line":622,"column":8},"end":{"line":655,"column":9}},"316":{"start":{"line":624,"column":40},"end":{"line":624,"column":100}},"317":{"start":{"line":625,"column":12},"end":{"line":625,"column":53}},"318":{"start":{"line":628,"column":30},"end":{"line":628,"column":78}},"319":{"start":{"line":629,"column":12},"end":{"line":631,"column":13}},"320":{"start":{"line":630,"column":16},"end":{"line":630,"column":49}},"321":{"start":{"line":634,"column":12},"end":{"line":646,"column":13}},"322":{"start":{"line":635,"column":38},"end":{"line":635,"column":114}},"323":{"start":{"line":636,"column":16},"end":{"line":643,"column":17}},"324":{"start":{"line":637,"column":33},"end":{"line":637,"column":59}},"325":{"start":{"line":638,"column":45},"end":{"line":638,"column":85}},"326":{"start":{"line":639,"column":20},"end":{"line":639,"column":69}},"327":{"start":{"line":642,"column":20},"end":{"line":642,"column":80}},"328":{"start":{"line":645,"column":16},"end":{"line":645,"column":70}},"329":{"start":{"line":648,"column":12},"end":{"line":654,"column":13}},"330":{"start":{"line":649,"column":16},"end":{"line":649,"column":48}},"331":{"start":{"line":650,"column":16},"end":{"line":650,"column":48}},"332":{"start":{"line":652,"column":16},"end":{"line":652,"column":81}},"333":{"start":{"line":653,"column":16},"end":{"line":653,"column":64}},"334":{"start":{"line":657,"column":8},"end":{"line":657,"column":63}},"335":{"start":{"line":658,"column":8},"end":{"line":658,"column":67}},"336":{"start":{"line":664,"column":27},"end":{"line":664,"column":69}},"337":{"start":{"line":665,"column":24},"end":{"line":665,"column":77}},"338":{"start":{"line":666,"column":21},"end":{"line":666,"column":64}},"339":{"start":{"line":667,"column":23},"end":{"line":667,"column":65}},"340":{"start":{"line":668,"column":25},"end":{"line":668,"column":66}},"341":{"start":{"line":669,"column":25},"end":{"line":669,"column":66}},"342":{"start":{"line":671,"column":4},"end":{"line":673,"column":5}},"343":{"start":{"line":672,"column":8},"end":{"line":672,"column":62}},"344":{"start":{"line":676,"column":4},"end":{"line":678,"column":7}},"345":{"start":{"line":677,"column":8},"end":{"line":677,"column":46}},"346":{"start":{"line":681,"column":4},"end":{"line":687,"column":7}},"347":{"start":{"line":682,"column":8},"end":{"line":686,"column":9}},"348":{"start":{"line":683,"column":12},"end":{"line":683,"column":46}},"349":{"start":{"line":685,"column":12},"end":{"line":685,"column":46}},"350":{"start":{"line":690,"column":4},"end":{"line":698,"column":7}},"351":{"start":{"line":691,"column":28},"end":{"line":691,"column":49}},"352":{"start":{"line":693,"column":8},"end":{"line":697,"column":9}},"353":{"start":{"line":694,"column":12},"end":{"line":694,"column":53}},"354":{"start":{"line":695,"column":12},"end":{"line":695,"column":32}},"355":{"start":{"line":696,"column":12},"end":{"line":696,"column":46}},"356":{"start":{"line":701,"column":4},"end":{"line":704,"column":7}},"357":{"start":{"line":702,"column":8},"end":{"line":702,"column":28}},"358":{"start":{"line":703,"column":8},"end":{"line":703,"column":42}},"359":{"start":{"line":706,"column":4},"end":{"line":706,"column":79}},"360":{"start":{"line":711,"column":4},"end":{"line":711,"column":29}},"361":{"start":{"line":711,"column":22},"end":{"line":711,"column":29}},"362":{"start":{"line":713,"column":4},"end":{"line":759,"column":5}},"363":{"start":{"line":715,"column":36},"end":{"line":715,"column":96}},"364":{"start":{"line":717,"column":25},"end":{"line":727,"column":10}},"365":{"start":{"line":729,"column":8},"end":{"line":755,"column":9}},"366":{"start":{"line":730,"column":27},"end":{"line":730,"column":48}},"367":{"start":{"line":731,"column":12},"end":{"line":731,"column":63}},"368":{"start":{"line":733,"column":40},"end":{"line":733,"column":100}},"369":{"start":{"line":734,"column":12},"end":{"line":734,"column":53}},"370":{"start":{"line":737,"column":12},"end":{"line":746,"column":13}},"371":{"start":{"line":738,"column":38},"end":{"line":738,"column":114}},"372":{"start":{"line":739,"column":16},"end":{"line":743,"column":17}},"373":{"start":{"line":740,"column":33},"end":{"line":740,"column":59}},"374":{"start":{"line":741,"column":45},"end":{"line":741,"column":85}},"375":{"start":{"line":742,"column":20},"end":{"line":742,"column":69}},"376":{"start":{"line":745,"column":16},"end":{"line":745,"column":70}},"377":{"start":{"line":748,"column":12},"end":{"line":754,"column":13}},"378":{"start":{"line":749,"column":16},"end":{"line":749,"column":50}},"379":{"start":{"line":750,"column":16},"end":{"line":750,"column":48}},"380":{"start":{"line":752,"column":16},"end":{"line":752,"column":76}},"381":{"start":{"line":753,"column":16},"end":{"line":753,"column":66}},"382":{"start":{"line":757,"column":8},"end":{"line":757,"column":58}},"383":{"start":{"line":758,"column":8},"end":{"line":758,"column":69}},"384":{"start":{"line":764,"column":4},"end":{"line":766,"column":5}},"385":{"start":{"line":765,"column":8},"end":{"line":765,"column":55}},"386":{"start":{"line":768,"column":4},"end":{"line":820,"column":5}},"387":{"start":{"line":769,"column":25},"end":{"line":774,"column":10}},"388":{"start":{"line":776,"column":8},"end":{"line":811,"column":9}},"389":{"start":{"line":778,"column":35},"end":{"line":778,"column":107}},"390":{"start":{"line":779,"column":12},"end":{"line":783,"column":13}},"391":{"start":{"line":780,"column":16},"end":{"line":780,"column":80}},"392":{"start":{"line":781,"column":16},"end":{"line":781,"column":57}},"393":{"start":{"line":782,"column":16},"end":{"line":782,"column":56}},"394":{"start":{"line":785,"column":40},"end":{"line":785,"column":100}},"395":{"start":{"line":787,"column":12},"end":{"line":787,"column":53}},"396":{"start":{"line":790,"column":12},"end":{"line":802,"column":13}},"397":{"start":{"line":791,"column":38},"end":{"line":791,"column":114}},"398":{"start":{"line":792,"column":16},"end":{"line":799,"column":17}},"399":{"start":{"line":793,"column":33},"end":{"line":793,"column":59}},"400":{"start":{"line":794,"column":45},"end":{"line":794,"column":85}},"401":{"start":{"line":795,"column":20},"end":{"line":795,"column":69}},"402":{"start":{"line":798,"column":20},"end":{"line":798,"column":80}},"403":{"start":{"line":801,"column":16},"end":{"line":801,"column":70}},"404":{"start":{"line":804,"column":12},"end":{"line":804,"column":37}},"405":{"start":{"line":806,"column":12},"end":{"line":810,"column":14}},"406":{"start":{"line":813,"column":8},"end":{"line":813,"column":56}},"407":{"start":{"line":814,"column":8},"end":{"line":814,"column":71}},"408":{"start":{"line":815,"column":8},"end":{"line":819,"column":10}},"409":{"start":{"line":825,"column":4},"end":{"line":827,"column":5}},"410":{"start":{"line":826,"column":8},"end":{"line":826,"column":15}},"411":{"start":{"line":829,"column":4},"end":{"line":860,"column":5}},"412":{"start":{"line":830,"column":25},"end":{"line":835,"column":10}},"413":{"start":{"line":837,"column":8},"end":{"line":856,"column":9}},"414":{"start":{"line":839,"column":33},"end":{"line":839,"column":103}},"415":{"start":{"line":840,"column":12},"end":{"line":844,"column":13}},"416":{"start":{"line":841,"column":16},"end":{"line":841,"column":78}},"417":{"start":{"line":842,"column":16},"end":{"line":842,"column":55}},"418":{"start":{"line":843,"column":16},"end":{"line":843,"column":54}},"419":{"start":{"line":847,"column":12},"end":{"line":855,"column":13}},"420":{"start":{"line":848,"column":16},"end":{"line":848,"column":57}},"421":{"start":{"line":849,"column":16},"end":{"line":849,"column":48}},"422":{"start":{"line":850,"column":19},"end":{"line":855,"column":13}},"423":{"start":{"line":851,"column":16},"end":{"line":851,"column":60}},"424":{"start":{"line":853,"column":16},"end":{"line":853,"column":74}},"425":{"start":{"line":854,"column":16},"end":{"line":854,"column":67}},"426":{"start":{"line":858,"column":8},"end":{"line":858,"column":54}},"427":{"start":{"line":859,"column":8},"end":{"line":859,"column":69}},"428":{"start":{"line":866,"column":27},"end":{"line":866,"column":99}},"429":{"start":{"line":867,"column":4},"end":{"line":867,"column":32}},"430":{"start":{"line":867,"column":25},"end":{"line":867,"column":32}},"431":{"start":{"line":869,"column":25},"end":{"line":869,"column":51}},"432":{"start":{"line":872,"column":30},"end":{"line":872,"column":59}},"433":{"start":{"line":873,"column":4},"end":{"line":873,"column":50}},"434":{"start":{"line":875,"column":21},"end":{"line":875,"column":55}},"435":{"start":{"line":876,"column":4},"end":{"line":876,"column":43}},"436":{"start":{"line":877,"column":4},"end":{"line":877,"column":34}},"437":{"start":{"line":878,"column":4},"end":{"line":878,"column":44}},"438":{"start":{"line":880,"column":23},"end":{"line":880,"column":52}},"439":{"start":{"line":881,"column":4},"end":{"line":881,"column":44}},"440":{"start":{"line":883,"column":25},"end":{"line":883,"column":57}},"441":{"start":{"line":884,"column":4},"end":{"line":884,"column":40}},"442":{"start":{"line":885,"column":4},"end":{"line":885,"column":49}},"443":{"start":{"line":887,"column":25},"end":{"line":887,"column":57}},"444":{"start":{"line":888,"column":4},"end":{"line":888,"column":50}},"445":{"start":{"line":889,"column":4},"end":{"line":889,"column":49}},"446":{"start":{"line":891,"column":4},"end":{"line":891,"column":41}},"447":{"start":{"line":892,"column":4},"end":{"line":892,"column":41}},"448":{"start":{"line":893,"column":4},"end":{"line":893,"column":46}},"449":{"start":{"line":896,"column":4},"end":{"line":896,"column":34}},"450":{"start":{"line":897,"column":4},"end":{"line":897,"column":50}},"451":{"start":{"line":900,"column":4},"end":{"line":900,"column":21}},"452":{"start":{"line":903,"column":4},"end":{"line":905,"column":7}},"453":{"start":{"line":904,"column":8},"end":{"line":904,"column":50}},"454":{"start":{"line":908,"column":4},"end":{"line":945,"column":7}},"455":{"start":{"line":909,"column":27},"end":{"line":909,"column":41}},"456":{"start":{"line":911,"column":29},"end":{"line":911,"column":74}},"457":{"start":{"line":913,"column":8},"end":{"line":944,"column":9}},"458":{"start":{"line":914,"column":29},"end":{"line":922,"column":14}},"459":{"start":{"line":924,"column":12},"end":{"line":939,"column":13}},"460":{"start":{"line":926,"column":16},"end":{"line":926,"column":58}},"461":{"start":{"line":927,"column":16},"end":{"line":927,"column":67}},"462":{"start":{"line":929,"column":16},"end":{"line":938,"column":17}},"463":{"start":{"line":930,"column":20},"end":{"line":930,"column":62}},"464":{"start":{"line":931,"column":20},"end":{"line":931,"column":52}},"465":{"start":{"line":932,"column":23},"end":{"line":938,"column":17}},"466":{"start":{"line":933,"column":20},"end":{"line":933,"column":65}},"467":{"start":{"line":935,"column":20},"end":{"line":935,"column":80}},"468":{"start":{"line":936,"column":20},"end":{"line":936,"column":73}},"469":{"start":{"line":937,"column":20},"end":{"line":937,"column":62}},"470":{"start":{"line":941,"column":12},"end":{"line":941,"column":61}},"471":{"start":{"line":942,"column":12},"end":{"line":942,"column":76}},"472":{"start":{"line":943,"column":12},"end":{"line":943,"column":54}},"473":{"start":{"line":951,"column":25},"end":{"line":951,"column":95}},"474":{"start":{"line":952,"column":4},"end":{"line":952,"column":30}},"475":{"start":{"line":952,"column":23},"end":{"line":952,"column":30}},"476":{"start":{"line":954,"column":25},"end":{"line":954,"column":49}},"477":{"start":{"line":957,"column":30},"end":{"line":957,"column":59}},"478":{"start":{"line":958,"column":4},"end":{"line":958,"column":50}},"479":{"start":{"line":960,"column":21},"end":{"line":960,"column":55}},"480":{"start":{"line":961,"column":4},"end":{"line":961,"column":43}},"481":{"start":{"line":962,"column":4},"end":{"line":962,"column":34}},"482":{"start":{"line":963,"column":4},"end":{"line":963,"column":44}},"483":{"start":{"line":965,"column":23},"end":{"line":965,"column":52}},"484":{"start":{"line":966,"column":4},"end":{"line":966,"column":44}},"485":{"start":{"line":968,"column":25},"end":{"line":968,"column":57}},"486":{"start":{"line":969,"column":4},"end":{"line":969,"column":40}},"487":{"start":{"line":970,"column":4},"end":{"line":970,"column":49}},"488":{"start":{"line":972,"column":25},"end":{"line":972,"column":57}},"489":{"start":{"line":973,"column":4},"end":{"line":973,"column":50}},"490":{"start":{"line":974,"column":4},"end":{"line":974,"column":49}},"491":{"start":{"line":976,"column":4},"end":{"line":976,"column":41}},"492":{"start":{"line":977,"column":4},"end":{"line":977,"column":41}},"493":{"start":{"line":978,"column":4},"end":{"line":978,"column":46}},"494":{"start":{"line":981,"column":4},"end":{"line":981,"column":32}},"495":{"start":{"line":982,"column":4},"end":{"line":982,"column":48}},"496":{"start":{"line":985,"column":4},"end":{"line":985,"column":21}},"497":{"start":{"line":988,"column":4},"end":{"line":990,"column":7}},"498":{"start":{"line":989,"column":8},"end":{"line":989,"column":48}},"499":{"start":{"line":993,"column":4},"end":{"line":1031,"column":7}},"500":{"start":{"line":994,"column":27},"end":{"line":994,"column":41}},"501":{"start":{"line":997,"column":29},"end":{"line":997,"column":74}},"502":{"start":{"line":999,"column":8},"end":{"line":1030,"column":9}},"503":{"start":{"line":1000,"column":29},"end":{"line":1008,"column":14}},"504":{"start":{"line":1010,"column":12},"end":{"line":1025,"column":13}},"505":{"start":{"line":1012,"column":16},"end":{"line":1012,"column":56}},"506":{"start":{"line":1013,"column":16},"end":{"line":1013,"column":65}},"507":{"start":{"line":1015,"column":16},"end":{"line":1024,"column":17}},"508":{"start":{"line":1016,"column":20},"end":{"line":1016,"column":61}},"509":{"start":{"line":1017,"column":20},"end":{"line":1017,"column":52}},"510":{"start":{"line":1018,"column":23},"end":{"line":1024,"column":17}},"511":{"start":{"line":1019,"column":20},"end":{"line":1019,"column":64}},"512":{"start":{"line":1021,"column":20},"end":{"line":1021,"column":78}},"513":{"start":{"line":1022,"column":20},"end":{"line":1022,"column":71}},"514":{"start":{"line":1023,"column":20},"end":{"line":1023,"column":60}},"515":{"start":{"line":1027,"column":12},"end":{"line":1027,"column":59}},"516":{"start":{"line":1028,"column":12},"end":{"line":1028,"column":74}},"517":{"start":{"line":1029,"column":12},"end":{"line":1029,"column":52}},"518":{"start":{"line":1035,"column":0},"end":{"line":1118,"column":3}},"519":{"start":{"line":1036,"column":4},"end":{"line":1036,"column":19}},"520":{"start":{"line":1037,"column":4},"end":{"line":1037,"column":51}},"521":{"start":{"line":1040,"column":4},"end":{"line":1040,"column":26}},"522":{"start":{"line":1043,"column":27},"end":{"line":1043,"column":69}},"523":{"start":{"line":1044,"column":31},"end":{"line":1044,"column":78}},"524":{"start":{"line":1046,"column":4},"end":{"line":1048,"column":7}},"525":{"start":{"line":1047,"column":8},"end":{"line":1047,"column":46}},"526":{"start":{"line":1051,"column":28},"end":{"line":1051,"column":71}},"527":{"start":{"line":1052,"column":27},"end":{"line":1052,"column":69}},"528":{"start":{"line":1054,"column":4},"end":{"line":1060,"column":7}},"529":{"start":{"line":1055,"column":8},"end":{"line":1059,"column":9}},"530":{"start":{"line":1056,"column":12},"end":{"line":1056,"column":50}},"531":{"start":{"line":1058,"column":12},"end":{"line":1058,"column":50}},"532":{"start":{"line":1063,"column":24},"end":{"line":1063,"column":63}},"533":{"start":{"line":1064,"column":26},"end":{"line":1064,"column":67}},"534":{"start":{"line":1065,"column":28},"end":{"line":1065,"column":71}},"535":{"start":{"line":1066,"column":25},"end":{"line":1066,"column":65}},"536":{"start":{"line":1067,"column":32},"end":{"line":1067,"column":80}},"537":{"start":{"line":1069,"column":4},"end":{"line":1117,"column":75}},"538":{"start":{"line":1070,"column":26},"end":{"line":1070,"column":41}},"539":{"start":{"line":1072,"column":12},"end":{"line":1072,"column":53}},"540":{"start":{"line":1073,"column":12},"end":{"line":1115,"column":13}},"541":{"start":{"line":1075,"column":16},"end":{"line":1075,"column":61}},"542":{"start":{"line":1076,"column":16},"end":{"line":1076,"column":73}},"543":{"start":{"line":1079,"column":16},"end":{"line":1079,"column":68}},"544":{"start":{"line":1079,"column":33},"end":{"line":1079,"column":68}},"545":{"start":{"line":1080,"column":16},"end":{"line":1080,"column":80}},"546":{"start":{"line":1080,"column":35},"end":{"line":1080,"column":80}},"547":{"start":{"line":1083,"column":16},"end":{"line":1086,"column":17}},"548":{"start":{"line":1084,"column":20},"end":{"line":1084,"column":67}},"549":{"start":{"line":1085,"column":20},"end":{"line":1085,"column":80}},"550":{"start":{"line":1089,"column":16},"end":{"line":1092,"column":17}},"551":{"start":{"line":1090,"column":20},"end":{"line":1090,"column":81}},"552":{"start":{"line":1091,"column":20},"end":{"line":1091,"column":82}},"553":{"start":{"line":1095,"column":16},"end":{"line":1114,"column":23}},"554":{"start":{"line":1096,"column":38},"end":{"line":1096,"column":53}},"555":{"start":{"line":1098,"column":24},"end":{"line":1100,"column":25}},"556":{"start":{"line":1099,"column":28},"end":{"line":1099,"column":86}},"557":{"start":{"line":1102,"column":24},"end":{"line":1108,"column":25}},"558":{"start":{"line":1103,"column":28},"end":{"line":1107,"column":29}},"559":{"start":{"line":1104,"column":32},"end":{"line":1104,"column":74}},"560":{"start":{"line":1106,"column":32},"end":{"line":1106,"column":79}},"561":{"start":{"line":1111,"column":24},"end":{"line":1111,"column":99}},"562":{"start":{"line":1111,"column":45},"end":{"line":1111,"column":99}},"563":{"start":{"line":1112,"column":24},"end":{"line":1112,"column":91}},"564":{"start":{"line":1112,"column":42},"end":{"line":1112,"column":91}},"565":{"start":{"line":1113,"column":24},"end":{"line":1113,"column":77}},"566":{"start":{"line":1117,"column":24},"end":{"line":1117,"column":73}},"567":{"start":{"line":1120,"column":0},"end":{"line":1139,"column":1}},"568":{"start":{"line":1121,"column":2},"end":{"line":1138,"column":4}}},"fnMap":{"0":{"name":"(anonymous_0)","decl":{"start":{"line":9,"column":36},"end":{"line":9,"column":37}},"loc":{"start":{"line":9,"column":42},"end":{"line":11,"column":1}},"line":9},"1":{"name":"(anonymous_1)","decl":{"start":{"line":13,"column":35},"end":{"line":13,"column":36}},"loc":{"start":{"line":13,"column":41},"end":{"line":15,"column":1}},"line":13},"2":{"name":"estimateReadTime","decl":{"start":{"line":35,"column":9},"end":{"line":35,"column":25}},"loc":{"start":{"line":35,"column":37},"end":{"line":40,"column":1}},"line":35},"3":{"name":"fetchNYTData","decl":{"start":{"line":46,"column":15},"end":{"line":46,"column":27}},"loc":{"start":{"line":46,"column":38},"end":{"line":81,"column":1}},"line":46},"4":{"name":"displayArticles","decl":{"start":{"line":84,"column":15},"end":{"line":84,"column":30}},"loc":{"start":{"line":84,"column":64},"end":{"line":182,"column":1}},"line":84},"5":{"name":"(anonymous_5)","decl":{"start":{"line":173,"column":45},"end":{"line":173,"column":46}},"loc":{"start":{"line":173,"column":51},"end":{"line":177,"column":9}},"line":173},"6":{"name":"checkScroll","decl":{"start":{"line":186,"column":9},"end":{"line":186,"column":20}},"loc":{"start":{"line":186,"column":23},"end":{"line":203,"column":1}},"line":186},"7":{"name":"setupProfileSidebar","decl":{"start":{"line":206,"column":9},"end":{"line":206,"column":28}},"loc":{"start":{"line":206,"column":31},"end":{"line":255,"column":1}},"line":206},"8":{"name":"(anonymous_8)","decl":{"start":{"line":214,"column":48},"end":{"line":214,"column":49}},"loc":{"start":{"line":214,"column":54},"end":{"line":216,"column":9}},"line":214},"9":{"name":"(anonymous_9)","decl":{"start":{"line":221,"column":54},"end":{"line":221,"column":55}},"loc":{"start":{"line":221,"column":61},"end":{"line":239,"column":9}},"line":221},"10":{"name":"(anonymous_10)","decl":{"start":{"line":225,"column":22},"end":{"line":225,"column":23}},"loc":{"start":{"line":225,"column":34},"end":{"line":225,"column":49}},"line":225},"11":{"name":"(anonymous_11)","decl":{"start":{"line":226,"column":22},"end":{"line":226,"column":23}},"loc":{"start":{"line":226,"column":30},"end":{"line":234,"column":17}},"line":226},"12":{"name":"(anonymous_12)","decl":{"start":{"line":235,"column":23},"end":{"line":235,"column":24}},"loc":{"start":{"line":235,"column":32},"end":{"line":238,"column":17}},"line":235},"13":{"name":"(anonymous_13)","decl":{"start":{"line":244,"column":46},"end":{"line":244,"column":47}},"loc":{"start":{"line":244,"column":52},"end":{"line":246,"column":9}},"line":244},"14":{"name":"(anonymous_14)","decl":{"start":{"line":250,"column":37},"end":{"line":250,"column":38}},"loc":{"start":{"line":250,"column":48},"end":{"line":254,"column":5}},"line":250},"15":{"name":"openCommentSidebar","decl":{"start":{"line":261,"column":15},"end":{"line":261,"column":33}},"loc":{"start":{"line":261,"column":62},"end":{"line":293,"column":1}},"line":261},"16":{"name":"fetchComments","decl":{"start":{"line":296,"column":15},"end":{"line":296,"column":28}},"loc":{"start":{"line":296,"column":43},"end":{"line":316,"column":1}},"line":296},"17":{"name":"displayComments","decl":{"start":{"line":319,"column":9},"end":{"line":319,"column":24}},"loc":{"start":{"line":319,"column":39},"end":{"line":333,"column":1}},"line":319},"18":{"name":"(anonymous_18)","decl":{"start":{"line":329,"column":28},"end":{"line":329,"column":29}},"loc":{"start":{"line":329,"column":39},"end":{"line":332,"column":5}},"line":329},"19":{"name":"createCommentElement","decl":{"start":{"line":336,"column":9},"end":{"line":336,"column":29}},"loc":{"start":{"line":336,"column":73},"end":{"line":502,"column":1}},"line":336},"20":{"name":"(anonymous_20)","decl":{"start":{"line":377,"column":42},"end":{"line":377,"column":43}},"loc":{"start":{"line":377,"column":48},"end":{"line":385,"column":5}},"line":377},"21":{"name":"(anonymous_21)","decl":{"start":{"line":397,"column":51},"end":{"line":397,"column":52}},"loc":{"start":{"line":397,"column":57},"end":{"line":399,"column":13}},"line":397},"22":{"name":"(anonymous_22)","decl":{"start":{"line":401,"column":51},"end":{"line":401,"column":52}},"loc":{"start":{"line":401,"column":57},"end":{"line":403,"column":13}},"line":401},"23":{"name":"(anonymous_23)","decl":{"start":{"line":418,"column":51},"end":{"line":418,"column":52}},"loc":{"start":{"line":418,"column":57},"end":{"line":420,"column":13}},"line":418},"24":{"name":"(anonymous_24)","decl":{"start":{"line":422,"column":51},"end":{"line":422,"column":52}},"loc":{"start":{"line":422,"column":57},"end":{"line":424,"column":13}},"line":422},"25":{"name":"(anonymous_25)","decl":{"start":{"line":448,"column":43},"end":{"line":448,"column":44}},"loc":{"start":{"line":448,"column":49},"end":{"line":450,"column":5}},"line":448},"26":{"name":"(anonymous_26)","decl":{"start":{"line":455,"column":43},"end":{"line":455,"column":44}},"loc":{"start":{"line":455,"column":49},"end":{"line":467,"column":5}},"line":455},"27":{"name":"(anonymous_27)","decl":{"start":{"line":481,"column":32},"end":{"line":481,"column":33}},"loc":{"start":{"line":481,"column":41},"end":{"line":496,"column":9}},"line":481},"28":{"name":"processRedactedText","decl":{"start":{"line":504,"column":9},"end":{"line":504,"column":28}},"loc":{"start":{"line":504,"column":55},"end":{"line":529,"column":1}},"line":504},"29":{"name":"(anonymous_29)","decl":{"start":{"line":526,"column":29},"end":{"line":526,"column":30}},"loc":{"start":{"line":527,"column":8},"end":{"line":527,"column":56}},"line":527},"30":{"name":"toggleReplyForm","decl":{"start":{"line":532,"column":9},"end":{"line":532,"column":24}},"loc":{"start":{"line":532,"column":84},"end":{"line":550,"column":1}},"line":532},"31":{"name":"submitReply","decl":{"start":{"line":553,"column":15},"end":{"line":553,"column":26}},"loc":{"start":{"line":553,"column":43},"end":{"line":605,"column":1}},"line":553},"32":{"name":"submitNestedReply","decl":{"start":{"line":608,"column":15},"end":{"line":608,"column":32}},"loc":{"start":{"line":608,"column":65},"end":{"line":660,"column":1}},"line":608},"33":{"name":"setupCommentEventHandlers","decl":{"start":{"line":663,"column":9},"end":{"line":663,"column":34}},"loc":{"start":{"line":663,"column":49},"end":{"line":707,"column":1}},"line":663},"34":{"name":"(anonymous_34)","decl":{"start":{"line":676,"column":42},"end":{"line":676,"column":43}},"loc":{"start":{"line":676,"column":48},"end":{"line":678,"column":5}},"line":676},"35":{"name":"(anonymous_35)","decl":{"start":{"line":681,"column":39},"end":{"line":681,"column":40}},"loc":{"start":{"line":681,"column":45},"end":{"line":687,"column":5}},"line":681},"36":{"name":"(anonymous_36)","decl":{"start":{"line":690,"column":43},"end":{"line":690,"column":44}},"loc":{"start":{"line":690,"column":49},"end":{"line":698,"column":5}},"line":690},"37":{"name":"(anonymous_37)","decl":{"start":{"line":701,"column":43},"end":{"line":701,"column":44}},"loc":{"start":{"line":701,"column":49},"end":{"line":704,"column":5}},"line":701},"38":{"name":"submitComment","decl":{"start":{"line":710,"column":15},"end":{"line":710,"column":28}},"loc":{"start":{"line":710,"column":49},"end":{"line":760,"column":1}},"line":710},"39":{"name":"deleteComment","decl":{"start":{"line":763,"column":15},"end":{"line":763,"column":28}},"loc":{"start":{"line":763,"column":40},"end":{"line":821,"column":1}},"line":763},"40":{"name":"deleteReply","decl":{"start":{"line":824,"column":15},"end":{"line":824,"column":26}},"loc":{"start":{"line":824,"column":47},"end":{"line":861,"column":1}},"line":824},"41":{"name":"redactComment","decl":{"start":{"line":864,"column":15},"end":{"line":864,"column":28}},"loc":{"start":{"line":864,"column":40},"end":{"line":946,"column":1}},"line":864},"42":{"name":"(anonymous_42)","decl":{"start":{"line":903,"column":43},"end":{"line":903,"column":44}},"loc":{"start":{"line":903,"column":49},"end":{"line":905,"column":5}},"line":903},"43":{"name":"(anonymous_43)","decl":{"start":{"line":908,"column":43},"end":{"line":908,"column":44}},"loc":{"start":{"line":908,"column":55},"end":{"line":945,"column":5}},"line":908},"44":{"name":"redactReply","decl":{"start":{"line":949,"column":15},"end":{"line":949,"column":26}},"loc":{"start":{"line":949,"column":47},"end":{"line":1032,"column":1}},"line":949},"45":{"name":"(anonymous_45)","decl":{"start":{"line":988,"column":43},"end":{"line":988,"column":44}},"loc":{"start":{"line":988,"column":49},"end":{"line":990,"column":5}},"line":988},"46":{"name":"(anonymous_46)","decl":{"start":{"line":993,"column":43},"end":{"line":993,"column":44}},"loc":{"start":{"line":993,"column":55},"end":{"line":1031,"column":5}},"line":993},"47":{"name":"(anonymous_47)","decl":{"start":{"line":1035,"column":46},"end":{"line":1035,"column":47}},"loc":{"start":{"line":1035,"column":52},"end":{"line":1118,"column":1}},"line":1035},"48":{"name":"(anonymous_48)","decl":{"start":{"line":1046,"column":49},"end":{"line":1046,"column":50}},"loc":{"start":{"line":1046,"column":55},"end":{"line":1048,"column":5}},"line":1046},"49":{"name":"(anonymous_49)","decl":{"start":{"line":1054,"column":46},"end":{"line":1054,"column":47}},"loc":{"start":{"line":1054,"column":52},"end":{"line":1060,"column":5}},"line":1054},"50":{"name":"(anonymous_50)","decl":{"start":{"line":1070,"column":14},"end":{"line":1070,"column":15}},"loc":{"start":{"line":1070,"column":26},"end":{"line":1070,"column":41}},"line":1070},"51":{"name":"(anonymous_51)","decl":{"start":{"line":1071,"column":14},"end":{"line":1071,"column":15}},"loc":{"start":{"line":1071,"column":22},"end":{"line":1116,"column":9}},"line":1071},"52":{"name":"(anonymous_52)","decl":{"start":{"line":1096,"column":26},"end":{"line":1096,"column":27}},"loc":{"start":{"line":1096,"column":38},"end":{"line":1096,"column":53}},"line":1096},"53":{"name":"(anonymous_53)","decl":{"start":{"line":1097,"column":26},"end":{"line":1097,"column":27}},"loc":{"start":{"line":1097,"column":38},"end":{"line":1109,"column":21}},"line":1097},"54":{"name":"(anonymous_54)","decl":{"start":{"line":1110,"column":27},"end":{"line":1110,"column":28}},"loc":{"start":{"line":1110,"column":36},"end":{"line":1114,"column":21}},"line":1110},"55":{"name":"(anonymous_55)","decl":{"start":{"line":1117,"column":15},"end":{"line":1117,"column":16}},"loc":{"start":{"line":1117,"column":24},"end":{"line":1117,"column":73}},"line":1117}},"branchMap":{"0":{"loc":{"start":{"line":46,"column":28},"end":{"line":46,"column":36}},"type":"default-arg","locations":[{"start":{"line":46,"column":35},"end":{"line":46,"column":36}}],"line":46},"1":{"loc":{"start":{"line":48,"column":4},"end":{"line":53,"column":5}},"type":"if","locations":[{"start":{"line":48,"column":4},"end":{"line":53,"column":5}},{"start":{},"end":{}}],"line":48},"2":{"loc":{"start":{"line":48,"column":8},"end":{"line":48,"column":62}},"type":"binary-expr","locations":[{"start":{"line":48,"column":8},"end":{"line":48,"column":18}},{"start":{"line":48,"column":22},"end":{"line":48,"column":38}},{"start":{"line":48,"column":42},"end":{"line":48,"column":62}}],"line":48},"3":{"loc":{"start":{"line":49,"column":8},"end":{"line":51,"column":9}},"type":"if","locations":[{"start":{"line":49,"column":8},"end":{"line":51,"column":9}},{"start":{},"end":{}}],"line":49},"4":{"loc":{"start":{"line":60,"column":8},"end":{"line":74,"column":9}},"type":"if","locations":[{"start":{"line":60,"column":8},"end":{"line":74,"column":9}},{"start":{"line":71,"column":15},"end":{"line":74,"column":9}}],"line":60},"5":{"loc":{"start":{"line":64,"column":12},"end":{"line":70,"column":13}},"type":"if","locations":[{"start":{"line":64,"column":12},"end":{"line":70,"column":13}},{"start":{"line":67,"column":19},"end":{"line":70,"column":13}}],"line":64},"6":{"loc":{"start":{"line":64,"column":16},"end":{"line":64,"column":84}},"type":"binary-expr","locations":[{"start":{"line":64,"column":16},"end":{"line":64,"column":29}},{"start":{"line":64,"column":33},"end":{"line":64,"column":51}},{"start":{"line":64,"column":55},"end":{"line":64,"column":84}}],"line":64},"7":{"loc":{"start":{"line":84,"column":41},"end":{"line":84,"column":62}},"type":"default-arg","locations":[{"start":{"line":84,"column":57},"end":{"line":84,"column":62}}],"line":84},"8":{"loc":{"start":{"line":88,"column":4},"end":{"line":90,"column":5}},"type":"if","locations":[{"start":{"line":88,"column":4},"end":{"line":90,"column":5}},{"start":{},"end":{}}],"line":88},"9":{"loc":{"start":{"line":103,"column":8},"end":{"line":111,"column":9}},"type":"if","locations":[{"start":{"line":103,"column":8},"end":{"line":111,"column":9}},{"start":{"line":107,"column":15},"end":{"line":111,"column":9}}],"line":103},"10":{"loc":{"start":{"line":103,"column":12},"end":{"line":103,"column":100}},"type":"binary-expr","locations":[{"start":{"line":103,"column":12},"end":{"line":103,"column":30}},{"start":{"line":103,"column":34},"end":{"line":103,"column":67}},{"start":{"line":103,"column":71},"end":{"line":103,"column":100}}],"line":103},"11":{"loc":{"start":{"line":107,"column":15},"end":{"line":111,"column":9}},"type":"if","locations":[{"start":{"line":107,"column":15},"end":{"line":111,"column":9}},{"start":{},"end":{}}],"line":107},"12":{"loc":{"start":{"line":107,"column":19},"end":{"line":107,"column":101}},"type":"binary-expr","locations":[{"start":{"line":107,"column":19},"end":{"line":107,"column":37}},{"start":{"line":107,"column":41},"end":{"line":107,"column":67}},{"start":{"line":107,"column":71},"end":{"line":107,"column":101}}],"line":107},"13":{"loc":{"start":{"line":114,"column":8},"end":{"line":119,"column":9}},"type":"if","locations":[{"start":{"line":114,"column":8},"end":{"line":119,"column":9}},{"start":{},"end":{}}],"line":114},"14":{"loc":{"start":{"line":130,"column":31},"end":{"line":130,"column":72}},"type":"binary-expr","locations":[{"start":{"line":130,"column":31},"end":{"line":130,"column":47}},{"start":{"line":130,"column":51},"end":{"line":130,"column":66}},{"start":{"line":130,"column":70},"end":{"line":130,"column":72}}],"line":130},"15":{"loc":{"start":{"line":136,"column":48},"end":{"line":136,"column":73}},"type":"binary-expr","locations":[{"start":{"line":136,"column":48},"end":{"line":136,"column":66}},{"start":{"line":136,"column":70},"end":{"line":136,"column":73}}],"line":136},"16":{"loc":{"start":{"line":154,"column":12},"end":{"line":158,"column":13}},"type":"if","locations":[{"start":{"line":154,"column":12},"end":{"line":158,"column":13}},{"start":{},"end":{}}],"line":154},"17":{"loc":{"start":{"line":188,"column":4},"end":{"line":191,"column":5}},"type":"if","locations":[{"start":{"line":188,"column":4},"end":{"line":191,"column":5}},{"start":{},"end":{}}],"line":188},"18":{"loc":{"start":{"line":195,"column":22},"end":{"line":195,"column":78}},"type":"binary-expr","locations":[{"start":{"line":195,"column":22},"end":{"line":195,"column":40}},{"start":{"line":195,"column":44},"end":{"line":195,"column":78}}],"line":195},"19":{"loc":{"start":{"line":198,"column":4},"end":{"line":202,"column":5}},"type":"if","locations":[{"start":{"line":198,"column":4},"end":{"line":202,"column":5}},{"start":{},"end":{}}],"line":198},"20":{"loc":{"start":{"line":199,"column":8},"end":{"line":201,"column":9}},"type":"if","locations":[{"start":{"line":199,"column":8},"end":{"line":201,"column":9}},{"start":{},"end":{}}],"line":199},"21":{"loc":{"start":{"line":199,"column":12},"end":{"line":199,"column":42}},"type":"binary-expr","locations":[{"start":{"line":199,"column":12},"end":{"line":199,"column":23}},{"start":{"line":199,"column":27},"end":{"line":199,"column":42}}],"line":199},"22":{"loc":{"start":{"line":213,"column":4},"end":{"line":217,"column":5}},"type":"if","locations":[{"start":{"line":213,"column":4},"end":{"line":217,"column":5}},{"start":{},"end":{}}],"line":213},"23":{"loc":{"start":{"line":220,"column":4},"end":{"line":240,"column":5}},"type":"if","locations":[{"start":{"line":220,"column":4},"end":{"line":240,"column":5}},{"start":{},"end":{}}],"line":220},"24":{"loc":{"start":{"line":227,"column":20},"end":{"line":233,"column":21}},"type":"if","locations":[{"start":{"line":227,"column":20},"end":{"line":233,"column":21}},{"start":{"line":230,"column":27},"end":{"line":233,"column":21}}],"line":227},"25":{"loc":{"start":{"line":243,"column":4},"end":{"line":247,"column":5}},"type":"if","locations":[{"start":{"line":243,"column":4},"end":{"line":247,"column":5}},{"start":{},"end":{}}],"line":243},"26":{"loc":{"start":{"line":251,"column":8},"end":{"line":253,"column":9}},"type":"if","locations":[{"start":{"line":251,"column":8},"end":{"line":253,"column":9}},{"start":{},"end":{}}],"line":251},"27":{"loc":{"start":{"line":273,"column":8},"end":{"line":279,"column":9}},"type":"if","locations":[{"start":{"line":273,"column":8},"end":{"line":279,"column":9}},{"start":{"line":276,"column":15},"end":{"line":279,"column":9}}],"line":273},"28":{"loc":{"start":{"line":301,"column":8},"end":{"line":310,"column":9}},"type":"if","locations":[{"start":{"line":301,"column":8},"end":{"line":310,"column":9}},{"start":{"line":305,"column":15},"end":{"line":310,"column":9}}],"line":301},"29":{"loc":{"start":{"line":326,"column":28},"end":{"line":326,"column":60}},"type":"binary-expr","locations":[{"start":{"line":326,"column":28},"end":{"line":326,"column":54}},{"start":{"line":326,"column":58},"end":{"line":326,"column":60}}],"line":326},"30":{"loc":{"start":{"line":336,"column":39},"end":{"line":336,"column":54}},"type":"default-arg","locations":[{"start":{"line":336,"column":49},"end":{"line":336,"column":54}}],"line":336},"31":{"loc":{"start":{"line":336,"column":56},"end":{"line":336,"column":71}},"type":"default-arg","locations":[{"start":{"line":336,"column":67},"end":{"line":336,"column":71}}],"line":336},"32":{"loc":{"start":{"line":341,"column":28},"end":{"line":341,"column":53}},"type":"binary-expr","locations":[{"start":{"line":341,"column":28},"end":{"line":341,"column":39}},{"start":{"line":341,"column":43},"end":{"line":341,"column":53}}],"line":341},"33":{"loc":{"start":{"line":378,"column":8},"end":{"line":384,"column":9}},"type":"if","locations":[{"start":{"line":378,"column":8},"end":{"line":384,"column":9}},{"start":{"line":381,"column":15},"end":{"line":384,"column":9}}],"line":378},"34":{"loc":{"start":{"line":380,"column":28},"end":{"line":380,"column":53}},"type":"binary-expr","locations":[{"start":{"line":380,"column":28},"end":{"line":380,"column":39}},{"start":{"line":380,"column":43},"end":{"line":380,"column":53}}],"line":380},"35":{"loc":{"start":{"line":383,"column":28},"end":{"line":383,"column":53}},"type":"binary-expr","locations":[{"start":{"line":383,"column":28},"end":{"line":383,"column":39}},{"start":{"line":383,"column":43},"end":{"line":383,"column":53}}],"line":383},"36":{"loc":{"start":{"line":390,"column":4},"end":{"line":407,"column":5}},"type":"if","locations":[{"start":{"line":390,"column":4},"end":{"line":407,"column":5}},{"start":{},"end":{}}],"line":390},"37":{"loc":{"start":{"line":396,"column":8},"end":{"line":404,"column":9}},"type":"if","locations":[{"start":{"line":396,"column":8},"end":{"line":404,"column":9}},{"start":{"line":400,"column":15},"end":{"line":404,"column":9}}],"line":396},"38":{"loc":{"start":{"line":396,"column":12},"end":{"line":396,"column":31}},"type":"binary-expr","locations":[{"start":{"line":396,"column":12},"end":{"line":396,"column":19}},{"start":{"line":396,"column":23},"end":{"line":396,"column":31}}],"line":396},"39":{"loc":{"start":{"line":398,"column":38},"end":{"line":398,"column":63}},"type":"binary-expr","locations":[{"start":{"line":398,"column":38},"end":{"line":398,"column":49}},{"start":{"line":398,"column":53},"end":{"line":398,"column":63}}],"line":398},"40":{"loc":{"start":{"line":402,"column":30},"end":{"line":402,"column":55}},"type":"binary-expr","locations":[{"start":{"line":402,"column":30},"end":{"line":402,"column":41}},{"start":{"line":402,"column":45},"end":{"line":402,"column":55}}],"line":402},"41":{"loc":{"start":{"line":410,"column":4},"end":{"line":428,"column":5}},"type":"if","locations":[{"start":{"line":410,"column":4},"end":{"line":428,"column":5}},{"start":{},"end":{}}],"line":410},"42":{"loc":{"start":{"line":417,"column":8},"end":{"line":425,"column":9}},"type":"if","locations":[{"start":{"line":417,"column":8},"end":{"line":425,"column":9}},{"start":{"line":421,"column":15},"end":{"line":425,"column":9}}],"line":417},"43":{"loc":{"start":{"line":417,"column":12},"end":{"line":417,"column":31}},"type":"binary-expr","locations":[{"start":{"line":417,"column":12},"end":{"line":417,"column":19}},{"start":{"line":417,"column":23},"end":{"line":417,"column":31}}],"line":417},"44":{"loc":{"start":{"line":419,"column":38},"end":{"line":419,"column":63}},"type":"binary-expr","locations":[{"start":{"line":419,"column":38},"end":{"line":419,"column":49}},{"start":{"line":419,"column":53},"end":{"line":419,"column":63}}],"line":419},"45":{"loc":{"start":{"line":423,"column":30},"end":{"line":423,"column":55}},"type":"binary-expr","locations":[{"start":{"line":423,"column":30},"end":{"line":423,"column":41}},{"start":{"line":423,"column":45},"end":{"line":423,"column":55}}],"line":423},"46":{"loc":{"start":{"line":435,"column":22},"end":{"line":435,"column":47}},"type":"binary-expr","locations":[{"start":{"line":435,"column":22},"end":{"line":435,"column":33}},{"start":{"line":435,"column":37},"end":{"line":435,"column":47}}],"line":435},"47":{"loc":{"start":{"line":460,"column":8},"end":{"line":466,"column":9}},"type":"if","locations":[{"start":{"line":460,"column":8},"end":{"line":466,"column":9}},{"start":{"line":463,"column":15},"end":{"line":466,"column":9}}],"line":460},"48":{"loc":{"start":{"line":460,"column":12},"end":{"line":460,"column":45}},"type":"binary-expr","locations":[{"start":{"line":460,"column":12},"end":{"line":460,"column":26}},{"start":{"line":460,"column":30},"end":{"line":460,"column":45}}],"line":460},"49":{"loc":{"start":{"line":477,"column":4},"end":{"line":499,"column":5}},"type":"if","locations":[{"start":{"line":477,"column":4},"end":{"line":499,"column":5}},{"start":{},"end":{}}],"line":477},"50":{"loc":{"start":{"line":477,"column":8},"end":{"line":477,"column":53}},"type":"binary-expr","locations":[{"start":{"line":477,"column":8},"end":{"line":477,"column":23}},{"start":{"line":477,"column":27},"end":{"line":477,"column":53}}],"line":477},"51":{"loc":{"start":{"line":486,"column":12},"end":{"line":493,"column":13}},"type":"if","locations":[{"start":{"line":486,"column":12},"end":{"line":493,"column":13}},{"start":{"line":490,"column":19},"end":{"line":493,"column":13}}],"line":486},"52":{"loc":{"start":{"line":488,"column":65},"end":{"line":488,"column":90}},"type":"binary-expr","locations":[{"start":{"line":488,"column":65},"end":{"line":488,"column":76}},{"start":{"line":488,"column":80},"end":{"line":488,"column":90}}],"line":488},"53":{"loc":{"start":{"line":492,"column":65},"end":{"line":492,"column":90}},"type":"binary-expr","locations":[{"start":{"line":492,"column":65},"end":{"line":492,"column":76}},{"start":{"line":492,"column":80},"end":{"line":492,"column":90}}],"line":492},"54":{"loc":{"start":{"line":506,"column":4},"end":{"line":508,"column":5}},"type":"if","locations":[{"start":{"line":506,"column":4},"end":{"line":508,"column":5}},{"start":{},"end":{}}],"line":506},"55":{"loc":{"start":{"line":519,"column":12},"end":{"line":523,"column":13}},"type":"if","locations":[{"start":{"line":519,"column":12},"end":{"line":523,"column":13}},{"start":{},"end":{}}],"line":519},"56":{"loc":{"start":{"line":519,"column":16},"end":{"line":519,"column":67}},"type":"binary-expr","locations":[{"start":{"line":519,"column":16},"end":{"line":519,"column":47}},{"start":{"line":519,"column":51},"end":{"line":519,"column":67}}],"line":519},"57":{"loc":{"start":{"line":527,"column":8},"end":{"line":527,"column":56}},"type":"cond-expr","locations":[{"start":{"line":527,"column":26},"end":{"line":527,"column":30}},{"start":{"line":527,"column":33},"end":{"line":527,"column":56}}],"line":527},"58":{"loc":{"start":{"line":532,"column":36},"end":{"line":532,"column":58}},"type":"default-arg","locations":[{"start":{"line":532,"column":53},"end":{"line":532,"column":58}}],"line":532},"59":{"loc":{"start":{"line":532,"column":60},"end":{"line":532,"column":82}},"type":"default-arg","locations":[{"start":{"line":532,"column":78},"end":{"line":532,"column":82}}],"line":532},"60":{"loc":{"start":{"line":535,"column":4},"end":{"line":549,"column":5}},"type":"if","locations":[{"start":{"line":535,"column":4},"end":{"line":549,"column":5}},{"start":{"line":537,"column":11},"end":{"line":549,"column":5}}],"line":535},"61":{"loc":{"start":{"line":542,"column":8},"end":{"line":544,"column":9}},"type":"if","locations":[{"start":{"line":542,"column":8},"end":{"line":544,"column":9}},{"start":{},"end":{}}],"line":542},"62":{"loc":{"start":{"line":554,"column":4},"end":{"line":554,"column":29}},"type":"if","locations":[{"start":{"line":554,"column":4},"end":{"line":554,"column":29}},{"start":{},"end":{}}],"line":554},"63":{"loc":{"start":{"line":568,"column":10},"end":{"line":600,"column":9}},"type":"if","locations":[{"start":{"line":568,"column":10},"end":{"line":600,"column":9}},{"start":{"line":592,"column":15},"end":{"line":600,"column":9}}],"line":568},"64":{"loc":{"start":{"line":578,"column":16},"end":{"line":582,"column":17}},"type":"if","locations":[{"start":{"line":578,"column":16},"end":{"line":582,"column":17}},{"start":{},"end":{}}],"line":578},"65":{"loc":{"start":{"line":589,"column":12},"end":{"line":591,"column":13}},"type":"if","locations":[{"start":{"line":589,"column":12},"end":{"line":591,"column":13}},{"start":{},"end":{}}],"line":589},"66":{"loc":{"start":{"line":593,"column":12},"end":{"line":599,"column":13}},"type":"if","locations":[{"start":{"line":593,"column":12},"end":{"line":599,"column":13}},{"start":{"line":596,"column":19},"end":{"line":599,"column":13}}],"line":593},"67":{"loc":{"start":{"line":609,"column":4},"end":{"line":609,"column":29}},"type":"if","locations":[{"start":{"line":609,"column":4},"end":{"line":609,"column":29}},{"start":{},"end":{}}],"line":609},"68":{"loc":{"start":{"line":622,"column":8},"end":{"line":655,"column":9}},"type":"if","locations":[{"start":{"line":622,"column":8},"end":{"line":655,"column":9}},{"start":{"line":647,"column":15},"end":{"line":655,"column":9}}],"line":622},"69":{"loc":{"start":{"line":629,"column":12},"end":{"line":631,"column":13}},"type":"if","locations":[{"start":{"line":629,"column":12},"end":{"line":631,"column":13}},{"start":{},"end":{}}],"line":629},"70":{"loc":{"start":{"line":636,"column":16},"end":{"line":643,"column":17}},"type":"if","locations":[{"start":{"line":636,"column":16},"end":{"line":643,"column":17}},{"start":{},"end":{}}],"line":636},"71":{"loc":{"start":{"line":648,"column":12},"end":{"line":654,"column":13}},"type":"if","locations":[{"start":{"line":648,"column":12},"end":{"line":654,"column":13}},{"start":{"line":651,"column":19},"end":{"line":654,"column":13}}],"line":648},"72":{"loc":{"start":{"line":671,"column":4},"end":{"line":673,"column":5}},"type":"if","locations":[{"start":{"line":671,"column":4},"end":{"line":673,"column":5}},{"start":{},"end":{}}],"line":671},"73":{"loc":{"start":{"line":671,"column":8},"end":{"line":671,"column":101}},"type":"binary-expr","locations":[{"start":{"line":671,"column":8},"end":{"line":671,"column":23}},{"start":{"line":671,"column":27},"end":{"line":671,"column":39}},{"start":{"line":671,"column":43},"end":{"line":671,"column":52}},{"start":{"line":671,"column":56},"end":{"line":671,"column":67}},{"start":{"line":671,"column":71},"end":{"line":671,"column":84}},{"start":{"line":671,"column":88},"end":{"line":671,"column":101}}],"line":671},"74":{"loc":{"start":{"line":682,"column":8},"end":{"line":686,"column":9}},"type":"if","locations":[{"start":{"line":682,"column":8},"end":{"line":686,"column":9}},{"start":{"line":684,"column":15},"end":{"line":686,"column":9}}],"line":682},"75":{"loc":{"start":{"line":693,"column":8},"end":{"line":697,"column":9}},"type":"if","locations":[{"start":{"line":693,"column":8},"end":{"line":697,"column":9}},{"start":{},"end":{}}],"line":693},"76":{"loc":{"start":{"line":711,"column":4},"end":{"line":711,"column":29}},"type":"if","locations":[{"start":{"line":711,"column":4},"end":{"line":711,"column":29}},{"start":{},"end":{}}],"line":711},"77":{"loc":{"start":{"line":729,"column":8},"end":{"line":755,"column":9}},"type":"if","locations":[{"start":{"line":729,"column":8},"end":{"line":755,"column":9}},{"start":{"line":747,"column":15},"end":{"line":755,"column":9}}],"line":729},"78":{"loc":{"start":{"line":739,"column":16},"end":{"line":743,"column":17}},"type":"if","locations":[{"start":{"line":739,"column":16},"end":{"line":743,"column":17}},{"start":{},"end":{}}],"line":739},"79":{"loc":{"start":{"line":748,"column":12},"end":{"line":754,"column":13}},"type":"if","locations":[{"start":{"line":748,"column":12},"end":{"line":754,"column":13}},{"start":{"line":751,"column":19},"end":{"line":754,"column":13}}],"line":748},"80":{"loc":{"start":{"line":764,"column":4},"end":{"line":766,"column":5}},"type":"if","locations":[{"start":{"line":764,"column":4},"end":{"line":766,"column":5}},{"start":{},"end":{}}],"line":764},"81":{"loc":{"start":{"line":776,"column":8},"end":{"line":811,"column":9}},"type":"if","locations":[{"start":{"line":776,"column":8},"end":{"line":811,"column":9}},{"start":{"line":805,"column":15},"end":{"line":811,"column":9}}],"line":776},"82":{"loc":{"start":{"line":779,"column":12},"end":{"line":783,"column":13}},"type":"if","locations":[{"start":{"line":779,"column":12},"end":{"line":783,"column":13}},{"start":{},"end":{}}],"line":779},"83":{"loc":{"start":{"line":792,"column":16},"end":{"line":799,"column":17}},"type":"if","locations":[{"start":{"line":792,"column":16},"end":{"line":799,"column":17}},{"start":{},"end":{}}],"line":792},"84":{"loc":{"start":{"line":825,"column":4},"end":{"line":827,"column":5}},"type":"if","locations":[{"start":{"line":825,"column":4},"end":{"line":827,"column":5}},{"start":{},"end":{}}],"line":825},"85":{"loc":{"start":{"line":837,"column":8},"end":{"line":856,"column":9}},"type":"if","locations":[{"start":{"line":837,"column":8},"end":{"line":856,"column":9}},{"start":{"line":845,"column":15},"end":{"line":856,"column":9}}],"line":837},"86":{"loc":{"start":{"line":840,"column":12},"end":{"line":844,"column":13}},"type":"if","locations":[{"start":{"line":840,"column":12},"end":{"line":844,"column":13}},{"start":{},"end":{}}],"line":840},"87":{"loc":{"start":{"line":847,"column":12},"end":{"line":855,"column":13}},"type":"if","locations":[{"start":{"line":847,"column":12},"end":{"line":855,"column":13}},{"start":{"line":850,"column":19},"end":{"line":855,"column":13}}],"line":847},"88":{"loc":{"start":{"line":850,"column":19},"end":{"line":855,"column":13}},"type":"if","locations":[{"start":{"line":850,"column":19},"end":{"line":855,"column":13}},{"start":{"line":852,"column":19},"end":{"line":855,"column":13}}],"line":850},"89":{"loc":{"start":{"line":867,"column":4},"end":{"line":867,"column":32}},"type":"if","locations":[{"start":{"line":867,"column":4},"end":{"line":867,"column":32}},{"start":{},"end":{}}],"line":867},"90":{"loc":{"start":{"line":924,"column":12},"end":{"line":939,"column":13}},"type":"if","locations":[{"start":{"line":924,"column":12},"end":{"line":939,"column":13}},{"start":{"line":928,"column":19},"end":{"line":939,"column":13}}],"line":924},"91":{"loc":{"start":{"line":929,"column":16},"end":{"line":938,"column":17}},"type":"if","locations":[{"start":{"line":929,"column":16},"end":{"line":938,"column":17}},{"start":{"line":932,"column":23},"end":{"line":938,"column":17}}],"line":929},"92":{"loc":{"start":{"line":932,"column":23},"end":{"line":938,"column":17}},"type":"if","locations":[{"start":{"line":932,"column":23},"end":{"line":938,"column":17}},{"start":{"line":934,"column":23},"end":{"line":938,"column":17}}],"line":932},"93":{"loc":{"start":{"line":952,"column":4},"end":{"line":952,"column":30}},"type":"if","locations":[{"start":{"line":952,"column":4},"end":{"line":952,"column":30}},{"start":{},"end":{}}],"line":952},"94":{"loc":{"start":{"line":1010,"column":12},"end":{"line":1025,"column":13}},"type":"if","locations":[{"start":{"line":1010,"column":12},"end":{"line":1025,"column":13}},{"start":{"line":1014,"column":19},"end":{"line":1025,"column":13}}],"line":1010},"95":{"loc":{"start":{"line":1015,"column":16},"end":{"line":1024,"column":17}},"type":"if","locations":[{"start":{"line":1015,"column":16},"end":{"line":1024,"column":17}},{"start":{"line":1018,"column":23},"end":{"line":1024,"column":17}}],"line":1015},"96":{"loc":{"start":{"line":1018,"column":23},"end":{"line":1024,"column":17}},"type":"if","locations":[{"start":{"line":1018,"column":23},"end":{"line":1024,"column":17}},{"start":{"line":1020,"column":23},"end":{"line":1024,"column":17}}],"line":1018},"97":{"loc":{"start":{"line":1055,"column":8},"end":{"line":1059,"column":9}},"type":"if","locations":[{"start":{"line":1055,"column":8},"end":{"line":1059,"column":9}},{"start":{"line":1057,"column":15},"end":{"line":1059,"column":9}}],"line":1055},"98":{"loc":{"start":{"line":1073,"column":12},"end":{"line":1115,"column":13}},"type":"if","locations":[{"start":{"line":1073,"column":12},"end":{"line":1115,"column":13}},{"start":{},"end":{}}],"line":1073},"99":{"loc":{"start":{"line":1079,"column":16},"end":{"line":1079,"column":68}},"type":"if","locations":[{"start":{"line":1079,"column":16},"end":{"line":1079,"column":68}},{"start":{},"end":{}}],"line":1079},"100":{"loc":{"start":{"line":1080,"column":16},"end":{"line":1080,"column":80}},"type":"if","locations":[{"start":{"line":1080,"column":16},"end":{"line":1080,"column":80}},{"start":{},"end":{}}],"line":1080},"101":{"loc":{"start":{"line":1083,"column":16},"end":{"line":1086,"column":17}},"type":"if","locations":[{"start":{"line":1083,"column":16},"end":{"line":1086,"column":17}},{"start":{},"end":{}}],"line":1083},"102":{"loc":{"start":{"line":1089,"column":16},"end":{"line":1092,"column":17}},"type":"if","locations":[{"start":{"line":1089,"column":16},"end":{"line":1092,"column":17}},{"start":{},"end":{}}],"line":1089},"103":{"loc":{"start":{"line":1089,"column":20},"end":{"line":1089,"column":54}},"type":"binary-expr","locations":[{"start":{"line":1089,"column":20},"end":{"line":1089,"column":35}},{"start":{"line":1089,"column":39},"end":{"line":1089,"column":54}}],"line":1089},"104":{"loc":{"start":{"line":1098,"column":24},"end":{"line":1100,"column":25}},"type":"if","locations":[{"start":{"line":1098,"column":24},"end":{"line":1100,"column":25}},{"start":{},"end":{}}],"line":1098},"105":{"loc":{"start":{"line":1099,"column":58},"end":{"line":1099,"column":85}},"type":"binary-expr","locations":[{"start":{"line":1099,"column":58},"end":{"line":1099,"column":75}},{"start":{"line":1099,"column":79},"end":{"line":1099,"column":85}}],"line":1099},"106":{"loc":{"start":{"line":1102,"column":24},"end":{"line":1108,"column":25}},"type":"if","locations":[{"start":{"line":1102,"column":24},"end":{"line":1108,"column":25}},{"start":{},"end":{}}],"line":1102},"107":{"loc":{"start":{"line":1103,"column":28},"end":{"line":1107,"column":29}},"type":"if","locations":[{"start":{"line":1103,"column":28},"end":{"line":1107,"column":29}},{"start":{"line":1105,"column":35},"end":{"line":1107,"column":29}}],"line":1103},"108":{"loc":{"start":{"line":1111,"column":24},"end":{"line":1111,"column":99}},"type":"if","locations":[{"start":{"line":1111,"column":24},"end":{"line":1111,"column":99}},{"start":{},"end":{}}],"line":1111},"109":{"loc":{"start":{"line":1111,"column":75},"end":{"line":1111,"column":98}},"type":"binary-expr","locations":[{"start":{"line":1111,"column":75},"end":{"line":1111,"column":88}},{"start":{"line":1111,"column":92},"end":{"line":1111,"column":98}}],"line":1111},"110":{"loc":{"start":{"line":1112,"column":24},"end":{"line":1112,"column":91}},"type":"if","locations":[{"start":{"line":1112,"column":24},"end":{"line":1112,"column":91}},{"start":{},"end":{}}],"line":1112},"111":{"loc":{"start":{"line":1120,"column":0},"end":{"line":1139,"column":1}},"type":"if","locations":[{"start":{"line":1120,"column":0},"end":{"line":1139,"column":1}},{"start":{},"end":{}}],"line":1120},"112":{"loc":{"start":{"line":1120,"column":4},"end":{"line":1120,"column":51}},"type":"binary-expr","locations":[{"start":{"line":1120,"column":4},"end":{"line":1120,"column":33}},{"start":{"line":1120,"column":37},"end":{"line":1120,"column":51}}],"line":1120}},"s":{"0":1,"1":1,"2":1,"3":1,"4":1,"5":1,"6":1,"7":1,"8":1,"9":1,"10":1,"11":1,"12":1,"13":1,"14":1,"15":1,"16":1,"17":1,"18":1,"19":9,"20":9,"21":9,"22":1,"23":0,"24":0,"25":0,"26":1,"27":1,"28":1,"29":1,"30":1,"31":1,"32":1,"33":1,"34":0,"35":0,"36":0,"37":0,"38":0,"39":1,"40":5,"41":5,"42":2,"43":5,"44":5,"45":6,"46":6,"47":6,"48":6,"49":6,"50":2,"51":2,"52":4,"53":1,"54":1,"55":6,"56":3,"57":3,"58":3,"59":3,"60":6,"61":6,"62":6,"63":6,"64":6,"65":6,"66":6,"67":6,"68":6,"69":6,"70":6,"71":6,"72":6,"73":6,"74":6,"75":6,"76":6,"77":6,"78":6,"79":6,"80":5,"81":5,"82":5,"83":5,"84":1,"85":1,"86":6,"87":6,"88":6,"89":6,"90":6,"91":6,"92":0,"93":0,"94":0,"95":6,"96":0,"97":0,"98":0,"99":0,"100":0,"101":0,"102":0,"103":0,"104":0,"105":2,"106":2,"107":2,"108":2,"109":2,"110":2,"111":1,"112":2,"113":2,"114":1,"115":1,"116":1,"117":1,"118":1,"119":1,"120":0,"121":0,"122":0,"123":2,"124":2,"125":1,"126":2,"127":13,"128":0,"129":1,"130":0,"131":0,"132":0,"133":0,"134":0,"135":0,"136":0,"137":0,"138":0,"139":0,"140":0,"141":0,"142":0,"143":0,"144":0,"145":0,"146":2,"147":2,"148":2,"149":2,"150":2,"151":2,"152":2,"153":0,"154":0,"155":0,"156":0,"157":0,"158":0,"159":2,"160":2,"161":2,"162":2,"163":0,"164":0,"165":7,"166":7,"167":7,"168":7,"169":7,"170":7,"171":7,"172":7,"173":7,"174":7,"175":7,"176":7,"177":7,"178":7,"179":7,"180":7,"181":7,"182":7,"183":7,"184":7,"185":7,"186":7,"187":7,"188":7,"189":7,"190":7,"191":7,"192":7,"193":0,"194":0,"195":0,"196":7,"197":7,"198":0,"199":0,"200":0,"201":0,"202":0,"203":0,"204":0,"205":0,"206":0,"207":7,"208":0,"209":0,"210":0,"211":0,"212":0,"213":0,"214":0,"215":0,"216":0,"217":0,"218":7,"219":7,"220":7,"221":7,"222":7,"223":7,"224":7,"225":7,"226":7,"227":7,"228":7,"229":7,"230":7,"231":7,"232":0,"233":7,"234":7,"235":7,"236":7,"237":0,"238":0,"239":0,"240":0,"241":0,"242":0,"243":7,"244":7,"245":7,"246":7,"247":7,"248":7,"249":2,"250":2,"251":2,"252":4,"253":4,"254":2,"255":2,"256":2,"257":4,"258":2,"259":7,"260":7,"261":1,"262":6,"263":6,"264":6,"265":6,"266":6,"267":14,"268":14,"269":22,"270":11,"271":11,"272":11,"273":6,"274":20,"275":3,"276":3,"277":1,"278":2,"279":2,"280":2,"281":1,"282":2,"283":2,"284":0,"285":0,"286":0,"287":0,"288":0,"289":0,"290":0,"291":0,"292":0,"293":0,"294":0,"295":0,"296":0,"297":0,"298":0,"299":0,"300":0,"301":0,"302":0,"303":0,"304":0,"305":0,"306":0,"307":0,"308":0,"309":0,"310":0,"311":0,"312":0,"313":0,"314":0,"315":0,"316":0,"317":0,"318":0,"319":0,"320":0,"321":0,"322":0,"323":0,"324":0,"325":0,"326":0,"327":0,"328":0,"329":0,"330":0,"331":0,"332":0,"333":0,"334":0,"335":0,"336":1,"337":1,"338":1,"339":1,"340":1,"341":1,"342":1,"343":0,"344":1,"345":0,"346":1,"347":1,"348":1,"349":0,"350":1,"351":0,"352":0,"353":0,"354":0,"355":0,"356":1,"357":1,"358":1,"359":1,"360":3,"361":0,"362":3,"363":3,"364":3,"365":2,"366":1,"367":1,"368":1,"369":1,"370":1,"371":1,"372":1,"373":1,"374":1,"375":1,"376":0,"377":1,"378":1,"379":1,"380":0,"381":0,"382":1,"383":1,"384":1,"385":0,"386":1,"387":1,"388":1,"389":1,"390":1,"391":1,"392":1,"393":1,"394":1,"395":1,"396":1,"397":1,"398":1,"399":1,"400":1,"401":1,"402":1,"403":0,"404":1,"405":0,"406":0,"407":0,"408":0,"409":0,"410":0,"411":0,"412":0,"413":0,"414":0,"415":0,"416":0,"417":0,"418":0,"419":0,"420":0,"421":0,"422":0,"423":0,"424":0,"425":0,"426":0,"427":0,"428":3,"429":3,"430":0,"431":3,"432":3,"433":3,"434":3,"435":3,"436":3,"437":3,"438":3,"439":3,"440":3,"441":3,"442":3,"443":3,"444":3,"445":3,"446":3,"447":3,"448":3,"449":3,"450":3,"451":3,"452":3,"453":1,"454":3,"455":2,"456":2,"457":2,"458":2,"459":2,"460":1,"461":1,"462":1,"463":1,"464":1,"465":0,"466":0,"467":0,"468":0,"469":0,"470":0,"471":0,"472":0,"473":1,"474":1,"475":0,"476":1,"477":1,"478":1,"479":1,"480":1,"481":1,"482":1,"483":1,"484":1,"485":1,"486":1,"487":1,"488":1,"489":1,"490":1,"491":1,"492":1,"493":1,"494":1,"495":1,"496":1,"497":1,"498":0,"499":1,"500":1,"501":1,"502":1,"503":1,"504":1,"505":1,"506":1,"507":0,"508":0,"509":0,"510":0,"511":0,"512":0,"513":0,"514":0,"515":0,"516":0,"517":0,"518":1,"519":0,"520":0,"521":0,"522":0,"523":0,"524":0,"525":0,"526":0,"527":0,"528":0,"529":0,"530":0,"531":0,"532":0,"533":0,"534":0,"535":0,"536":0,"537":0,"538":0,"539":0,"540":0,"541":0,"542":0,"543":0,"544":0,"545":0,"546":0,"547":0,"548":0,"549":0,"550":0,"551":0,"552":0,"553":0,"554":0,"555":0,"556":0,"557":0,"558":0,"559":0,"560":0,"561":0,"562":0,"563":0,"564":0,"565":0,"566":0,"567":1,"568":1},"f":{"0":1,"1":1,"2":9,"3":1,"4":5,"5":0,"6":0,"7":2,"8":1,"9":1,"10":1,"11":1,"12":0,"13":1,"14":13,"15":0,"16":2,"17":2,"18":0,"19":7,"20":0,"21":0,"22":0,"23":0,"24":0,"25":0,"26":0,"27":4,"28":7,"29":20,"30":3,"31":0,"32":0,"33":1,"34":0,"35":1,"36":0,"37":1,"38":3,"39":1,"40":0,"41":3,"42":1,"43":2,"44":1,"45":0,"46":1,"47":0,"48":0,"49":0,"50":0,"51":0,"52":0,"53":0,"54":0,"55":0},"b":{"0":[0],"1":[0,1],"2":[1,1,1],"3":[0,0],"4":[1,0],"5":[1,0],"6":[1,1,1],"7":[0],"8":[2,3],"9":[2,4],"10":[6,4,3],"11":[1,3],"12":[4,2,1],"13":[3,3],"14":[6,0,0],"15":[6,1],"16":[5,0],"17":[0,0],"18":[0,0],"19":[0,0],"20":[0,0],"21":[0,0],"22":[2,0],"23":[2,0],"24":[1,0],"25":[2,0],"26":[0,13],"27":[0,0],"28":[2,0],"29":[2,0],"30":[2],"31":[2],"32":[7,0],"33":[0,0],"34":[0,0],"35":[0,0],"36":[0,7],"37":[0,0],"38":[0,0],"39":[0,0],"40":[0,0],"41":[0,7],"42":[0,0],"43":[0,0],"44":[0,0],"45":[0,0],"46":[7,0],"47":[0,0],"48":[0,0],"49":[2,5],"50":[7,2],"51":[2,2],"52":[2,0],"53":[2,0],"54":[1,6],"55":[11,11],"56":[22,11],"57":[11,9],"58":[2],"59":[2],"60":[1,2],"61":[1,1],"62":[0,0],"63":[0,0],"64":[0,0],"65":[0,0],"66":[0,0],"67":[0,0],"68":[0,0],"69":[0,0],"70":[0,0],"71":[0,0],"72":[0,1],"73":[1,1,1,1,1,1],"74":[1,0],"75":[0,0],"76":[0,3],"77":[1,1],"78":[1,0],"79":[1,0],"80":[0,1],"81":[1,0],"82":[1,0],"83":[1,0],"84":[0,0],"85":[0,0],"86":[0,0],"87":[0,0],"88":[0,0],"89":[0,3],"90":[1,1],"91":[1,0],"92":[0,0],"93":[0,1],"94":[1,0],"95":[0,0],"96":[0,0],"97":[0,0],"98":[0,0],"99":[0,0],"100":[0,0],"101":[0,0],"102":[0,0],"103":[0,0],"104":[0,0],"105":[0,0],"106":[0,0],"107":[0,0],"108":[0,0],"109":[0,0],"110":[0,0],"111":[1,0],"112":[1,1]},"_coverageSchema":"1a1c01bbd47fc00a2c39e90264f33305004495a9","hash":"07c846de01349bafd771d212f866eab803f15989"}
}
