TN:
SF:frontend/script.js
FN:9,(anonymous_0)
FN:13,(anonymous_1)
FN:35,estimateReadTime
FN:43,fetchApiKey
FN:61,fetchNYTData
FN:106,displayArticles
FN:195,(anonymous_6)
FN:208,checkScroll
FN:228,setupProfileSidebar
FN:236,(anonymous_9)
FN:243,(anonymous_10)
FN:247,(anonymous_11)
FN:248,(anonymous_12)
FN:257,(anonymous_13)
FN:266,(anonymous_14)
FN:272,(anonymous_15)
FN:283,openCommentSidebar
FN:318,fetchComments
FN:341,displayComments
FN:351,(anonymous_19)
FN:358,createCommentElement
FN:399,(anonymous_21)
FN:419,(anonymous_22)
FN:423,(anonymous_23)
FN:440,(anonymous_24)
FN:444,(anonymous_25)
FN:470,(anonymous_26)
FN:477,(anonymous_27)
FN:503,(anonymous_28)
FN:526,processRedactedText
FN:548,(anonymous_30)
FN:554,toggleReplyForm
FN:575,submitReply
FN:630,submitNestedReply
FN:685,setupCommentEventHandlers
FN:698,(anonymous_35)
FN:703,(anonymous_36)
FN:712,(anonymous_37)
FN:723,(anonymous_38)
FN:732,submitComment
FN:785,deleteComment
FN:846,deleteReply
FN:886,redactComment
FN:925,(anonymous_43)
FN:930,(anonymous_44)
FN:971,redactReply
FN:1010,(anonymous_46)
FN:1015,(anonymous_47)
FN:1057,(anonymous_48)
FN:1068,(anonymous_49)
FN:1076,(anonymous_50)
FN:1092,(anonymous_51)
FN:1093,(anonymous_52)
FN:1118,(anonymous_53)
FN:1119,(anonymous_54)
FN:1132,(anonymous_55)
FN:1139,(anonymous_56)
FNF:57
FNH:20
FNDA:1,(anonymous_0)
FNDA:1,(anonymous_1)
FNDA:4,estimateReadTime
FNDA:3,fetchApiKey
FNDA:1,fetchNYTData
FNDA:1,displayArticles
FNDA:0,(anonymous_6)
FNDA:0,checkScroll
FNDA:1,setupProfileSidebar
FNDA:1,(anonymous_9)
FNDA:0,(anonymous_10)
FNDA:0,(anonymous_11)
FNDA:0,(anonymous_12)
FNDA:0,(anonymous_13)
FNDA:1,(anonymous_14)
FNDA:3,(anonymous_15)
FNDA:0,openCommentSidebar
FNDA:2,fetchComments
FNDA:2,displayComments
FNDA:0,(anonymous_19)
FNDA:0,createCommentElement
FNDA:0,(anonymous_21)
FNDA:0,(anonymous_22)
FNDA:0,(anonymous_23)
FNDA:0,(anonymous_24)
FNDA:0,(anonymous_25)
FNDA:0,(anonymous_26)
FNDA:0,(anonymous_27)
FNDA:0,(anonymous_28)
FNDA:4,processRedactedText
FNDA:10,(anonymous_30)
FNDA:2,toggleReplyForm
FNDA:0,submitReply
FNDA:0,submitNestedReply
FNDA:1,setupCommentEventHandlers
FNDA:0,(anonymous_35)
FNDA:1,(anonymous_36)
FNDA:0,(anonymous_37)
FNDA:1,(anonymous_38)
FNDA:1,submitComment
FNDA:1,deleteComment
FNDA:0,deleteReply
FNDA:0,redactComment
FNDA:0,(anonymous_43)
FNDA:0,(anonymous_44)
FNDA:0,redactReply
FNDA:0,(anonymous_46)
FNDA:0,(anonymous_47)
FNDA:0,(anonymous_48)
FNDA:0,(anonymous_49)
FNDA:0,(anonymous_50)
FNDA:0,(anonymous_51)
FNDA:0,(anonymous_52)
FNDA:0,(anonymous_53)
FNDA:0,(anonymous_54)
FNDA:0,(anonymous_55)
FNDA:0,(anonymous_56)
DA:2,1
DA:5,1
DA:6,1
DA:7,1
DA:9,1
DA:10,1
DA:13,1
DA:14,1
DA:18,1
DA:19,1
DA:20,1
DA:21,1
DA:22,1
DA:23,1
DA:26,1
DA:27,1
DA:28,1
DA:29,1
DA:32,1
DA:37,4
DA:38,4
DA:39,4
DA:44,3
DA:45,3
DA:46,3
DA:47,2
DA:48,2
DA:50,1
DA:51,1
DA:54,0
DA:55,0
DA:63,1
DA:64,0
DA:65,0
DA:67,0
DA:70,1
DA:72,1
DA:73,1
DA:74,1
DA:75,0
DA:76,0
DA:77,0
DA:81,1
DA:82,1
DA:83,1
DA:86,1
DA:87,1
DA:88,1
DA:91,0
DA:94,0
DA:95,0
DA:98,0
DA:99,0
DA:101,1
DA:107,1
DA:110,1
DA:111,1
DA:115,1
DA:116,1
DA:119,1
DA:122,1
DA:123,1
DA:125,1
DA:127,1
DA:128,1
DA:129,0
DA:131,0
DA:132,0
DA:136,1
DA:137,1
DA:138,1
DA:139,1
DA:140,1
DA:144,1
DA:145,1
DA:146,1
DA:147,1
DA:150,1
DA:151,1
DA:152,1
DA:153,1
DA:156,1
DA:157,1
DA:158,1
DA:161,1
DA:162,1
DA:165,1
DA:166,1
DA:167,1
DA:168,1
DA:171,1
DA:173,1
DA:175,1
DA:176,1
DA:177,1
DA:178,1
DA:179,1
DA:182,0
DA:184,0
DA:188,1
DA:189,1
DA:190,1
DA:191,1
DA:192,1
DA:195,1
DA:196,0
DA:197,0
DA:198,0
DA:202,1
DA:210,0
DA:211,0
DA:212,0
DA:215,0
DA:216,0
DA:217,0
DA:220,0
DA:221,0
DA:222,0
DA:229,1
DA:230,1
DA:231,1
DA:232,1
DA:235,1
DA:236,1
DA:237,1
DA:242,1
DA:243,1
DA:244,0
DA:245,0
DA:246,0
DA:247,0
DA:249,0
DA:251,0
DA:254,0
DA:258,0
DA:259,0
DA:265,1
DA:266,1
DA:267,1
DA:272,1
DA:273,3
DA:274,0
DA:280,1
DA:284,0
DA:285,0
DA:286,0
DA:287,0
DA:290,0
DA:292,0
DA:294,0
DA:295,0
DA:296,0
DA:297,0
DA:300,0
DA:303,0
DA:304,0
DA:308,0
DA:311,0
DA:314,0
DA:319,2
DA:320,2
DA:321,2
DA:323,2
DA:324,0
DA:325,0
DA:326,0
DA:328,2
DA:330,2
DA:331,2
DA:334,0
DA:335,0
DA:336,0
DA:342,2
DA:345,2
DA:348,2
DA:351,2
DA:352,0
DA:353,0
DA:359,0
DA:361,0
DA:362,0
DA:363,0
DA:366,0
DA:367,0
DA:369,0
DA:370,0
DA:372,0
DA:373,0
DA:374,0
DA:375,0
DA:377,0
DA:378,0
DA:379,0
DA:381,0
DA:382,0
DA:383,0
DA:386,0
DA:387,0
DA:388,0
DA:389,0
DA:392,0
DA:393,0
DA:396,0
DA:397,0
DA:398,0
DA:399,0
DA:400,0
DA:402,0
DA:405,0
DA:409,0
DA:412,0
DA:413,0
DA:414,0
DA:415,0
DA:418,0
DA:419,0
DA:420,0
DA:423,0
DA:424,0
DA:428,0
DA:432,0
DA:433,0
DA:434,0
DA:435,0
DA:436,0
DA:439,0
DA:440,0
DA:441,0
DA:444,0
DA:445,0
DA:449,0
DA:452,0
DA:455,0
DA:456,0
DA:457,0
DA:458,0
DA:460,0
DA:461,0
DA:462,0
DA:464,0
DA:465,0
DA:467,0
DA:468,0
DA:469,0
DA:470,0
DA:471,0
DA:474,0
DA:475,0
DA:476,0
DA:477,0
DA:478,0
DA:479,0
DA:480,0
DA:482,0
DA:484,0
DA:487,0
DA:491,0
DA:492,0
DA:494,0
DA:495,0
DA:496,0
DA:499,0
DA:500,0
DA:501,0
DA:503,0
DA:505,0
DA:508,0
DA:510,0
DA:511,0
DA:514,0
DA:517,0
DA:520,0
DA:523,0
DA:528,4
DA:529,1
DA:532,3
DA:533,3
DA:535,3
DA:537,3
DA:539,3
DA:540,6
DA:541,10
DA:542,5
DA:543,5
DA:544,5
DA:548,3
DA:549,10
DA:555,2
DA:557,2
DA:558,1
DA:560,1
DA:563,1
DA:564,1
DA:565,0
DA:569,1
DA:570,1
DA:576,0
DA:578,0
DA:580,0
DA:581,0
DA:590,0
DA:591,0
DA:592,0
DA:594,0
DA:595,0
DA:598,0
DA:599,0
DA:600,0
DA:601,0
DA:602,0
DA:603,0
DA:606,0
DA:610,0
DA:611,0
DA:612,0
DA:615,0
DA:616,0
DA:617,0
DA:619,0
DA:620,0
DA:624,0
DA:625,0
DA:631,0
DA:633,0
DA:634,0
DA:644,0
DA:646,0
DA:647,0
DA:650,0
DA:651,0
DA:652,0
DA:656,0
DA:657,0
DA:658,0
DA:659,0
DA:660,0
DA:661,0
DA:664,0
DA:667,0
DA:670,0
DA:671,0
DA:672,0
DA:674,0
DA:675,0
DA:679,0
DA:680,0
DA:686,1
DA:687,1
DA:688,1
DA:689,1
DA:690,1
DA:691,1
DA:693,1
DA:694,0
DA:698,1
DA:699,0
DA:703,1
DA:704,1
DA:705,1
DA:707,0
DA:712,1
DA:713,0
DA:715,0
DA:716,0
DA:717,0
DA:718,0
DA:723,1
DA:724,1
DA:725,1
DA:728,1
DA:733,1
DA:735,1
DA:737,1
DA:739,1
DA:751,1
DA:752,1
DA:753,1
DA:755,1
DA:756,1
DA:759,1
DA:760,1
DA:761,1
DA:762,1
DA:763,1
DA:764,1
DA:767,0
DA:770,0
DA:771,0
DA:772,0
DA:774,0
DA:775,0
DA:779,0
DA:780,0
DA:786,1
DA:787,0
DA:790,1
DA:791,1
DA:798,1
DA:800,1
DA:801,1
DA:802,1
DA:803,1
DA:804,1
DA:807,1
DA:809,1
DA:812,1
DA:813,1
DA:814,1
DA:815,1
DA:816,1
DA:817,1
DA:820,1
DA:823,0
DA:826,1
DA:828,0
DA:835,0
DA:836,0
DA:837,0
DA:847,0
DA:848,0
DA:851,0
DA:852,0
DA:859,0
DA:861,0
DA:862,0
DA:863,0
DA:864,0
DA:865,0
DA:869,0
DA:870,0
DA:871,0
DA:872,0
DA:873,0
DA:875,0
DA:876,0
DA:880,0
DA:881,0
DA:888,0
DA:889,0
DA:891,0
DA:894,0
DA:895,0
DA:897,0
DA:898,0
DA:899,0
DA:900,0
DA:902,0
DA:903,0
DA:905,0
DA:906,0
DA:907,0
DA:909,0
DA:910,0
DA:911,0
DA:913,0
DA:914,0
DA:915,0
DA:918,0
DA:919,0
DA:922,0
DA:925,0
DA:926,0
DA:930,0
DA:931,0
DA:933,0
DA:935,0
DA:936,0
DA:946,0
DA:948,0
DA:949,0
DA:951,0
DA:952,0
DA:953,0
DA:954,0
DA:955,0
DA:957,0
DA:958,0
DA:959,0
DA:963,0
DA:964,0
DA:965,0
DA:973,0
DA:974,0
DA:976,0
DA:979,0
DA:980,0
DA:982,0
DA:983,0
DA:984,0
DA:985,0
DA:987,0
DA:988,0
DA:990,0
DA:991,0
DA:992,0
DA:994,0
DA:995,0
DA:996,0
DA:998,0
DA:999,0
DA:1000,0
DA:1003,0
DA:1004,0
DA:1007,0
DA:1010,0
DA:1011,0
DA:1015,0
DA:1016,0
DA:1019,0
DA:1021,0
DA:1022,0
DA:1032,0
DA:1034,0
DA:1035,0
DA:1037,0
DA:1038,0
DA:1039,0
DA:1040,0
DA:1041,0
DA:1043,0
DA:1044,0
DA:1045,0
DA:1049,0
DA:1050,0
DA:1051,0
DA:1057,1
DA:1058,0
DA:1059,0
DA:1062,0
DA:1065,0
DA:1066,0
DA:1068,0
DA:1069,0
DA:1073,0
DA:1074,0
DA:1076,0
DA:1077,0
DA:1078,0
DA:1080,0
DA:1085,0
DA:1086,0
DA:1087,0
DA:1088,0
DA:1089,0
DA:1091,0
DA:1092,0
DA:1094,0
DA:1095,0
DA:1097,0
DA:1098,0
DA:1101,0
DA:1102,0
DA:1105,0
DA:1106,0
DA:1107,0
DA:1111,0
DA:1112,0
DA:1113,0
DA:1117,0
DA:1118,0
DA:1120,0
DA:1121,0
DA:1124,0
DA:1125,0
DA:1126,0
DA:1128,0
DA:1133,0
DA:1134,0
DA:1135,0
DA:1139,0
DA:1142,1
DA:1143,1
LF:572
LH:189
BRDA:46,0,0,2
BRDA:46,0,1,1
BRDA:61,1,0,0
BRDA:63,2,0,0
BRDA:63,2,1,1
BRDA:63,3,0,1
BRDA:63,3,1,1
BRDA:63,3,2,1
BRDA:64,4,0,0
BRDA:64,4,1,0
BRDA:74,5,0,0
BRDA:74,5,1,1
BRDA:82,6,0,1
BRDA:82,6,1,0
BRDA:86,7,0,1
BRDA:86,7,1,0
BRDA:86,8,0,1
BRDA:86,8,1,1
BRDA:106,9,0,0
BRDA:110,10,0,1
BRDA:110,10,1,0
BRDA:125,11,0,1
BRDA:125,11,1,0
BRDA:125,12,0,1
BRDA:125,12,1,1
BRDA:125,12,2,1
BRDA:129,13,0,0
BRDA:129,13,1,0
BRDA:129,14,0,0
BRDA:129,14,1,0
BRDA:129,14,2,0
BRDA:136,15,0,1
BRDA:136,15,1,0
BRDA:152,16,0,1
BRDA:152,16,1,0
BRDA:152,16,2,0
BRDA:158,17,0,1
BRDA:158,17,1,0
BRDA:176,18,0,1
BRDA:176,18,1,0
BRDA:210,19,0,0
BRDA:210,19,1,0
BRDA:217,20,0,0
BRDA:217,20,1,0
BRDA:220,21,0,0
BRDA:220,21,1,0
BRDA:221,22,0,0
BRDA:221,22,1,0
BRDA:221,23,0,0
BRDA:221,23,1,0
BRDA:235,24,0,1
BRDA:235,24,1,0
BRDA:242,25,0,1
BRDA:242,25,1,0
BRDA:249,26,0,0
BRDA:249,26,1,0
BRDA:265,27,0,1
BRDA:265,27,1,0
BRDA:273,28,0,0
BRDA:273,28,1,3
BRDA:295,29,0,0
BRDA:295,29,1,0
BRDA:323,30,0,0
BRDA:323,30,1,2
BRDA:348,31,0,2
BRDA:348,31,1,0
BRDA:358,32,0,0
BRDA:358,33,0,0
BRDA:363,34,0,0
BRDA:363,34,1,0
BRDA:400,35,0,0
BRDA:400,35,1,0
BRDA:402,36,0,0
BRDA:402,36,1,0
BRDA:405,37,0,0
BRDA:405,37,1,0
BRDA:412,38,0,0
BRDA:412,38,1,0
BRDA:418,39,0,0
BRDA:418,39,1,0
BRDA:418,40,0,0
BRDA:418,40,1,0
BRDA:420,41,0,0
BRDA:420,41,1,0
BRDA:424,42,0,0
BRDA:424,42,1,0
BRDA:432,43,0,0
BRDA:432,43,1,0
BRDA:439,44,0,0
BRDA:439,44,1,0
BRDA:439,45,0,0
BRDA:439,45,1,0
BRDA:441,46,0,0
BRDA:441,46,1,0
BRDA:445,47,0,0
BRDA:445,47,1,0
BRDA:457,48,0,0
BRDA:457,48,1,0
BRDA:482,49,0,0
BRDA:482,49,1,0
BRDA:482,50,0,0
BRDA:482,50,1,0
BRDA:499,51,0,0
BRDA:499,51,1,0
BRDA:499,52,0,0
BRDA:499,52,1,0
BRDA:508,53,0,0
BRDA:508,53,1,0
BRDA:510,54,0,0
BRDA:510,54,1,0
BRDA:514,55,0,0
BRDA:514,55,1,0
BRDA:528,56,0,1
BRDA:528,56,1,3
BRDA:541,57,0,5
BRDA:541,57,1,5
BRDA:541,58,0,10
BRDA:541,58,1,5
BRDA:549,59,0,5
BRDA:549,59,1,5
BRDA:554,60,0,2
BRDA:554,61,0,2
BRDA:557,62,0,1
BRDA:557,62,1,1
BRDA:564,63,0,0
BRDA:564,63,1,1
BRDA:576,64,0,0
BRDA:576,64,1,0
BRDA:590,65,0,0
BRDA:590,65,1,0
BRDA:600,66,0,0
BRDA:600,66,1,0
BRDA:611,67,0,0
BRDA:611,67,1,0
BRDA:615,68,0,0
BRDA:615,68,1,0
BRDA:631,69,0,0
BRDA:631,69,1,0
BRDA:644,70,0,0
BRDA:644,70,1,0
BRDA:651,71,0,0
BRDA:651,71,1,0
BRDA:658,72,0,0
BRDA:658,72,1,0
BRDA:670,73,0,0
BRDA:670,73,1,0
BRDA:693,74,0,0
BRDA:693,74,1,1
BRDA:693,75,0,1
BRDA:693,75,1,1
BRDA:693,75,2,1
BRDA:693,75,3,1
BRDA:693,75,4,1
BRDA:693,75,5,1
BRDA:704,76,0,1
BRDA:704,76,1,0
BRDA:715,77,0,0
BRDA:715,77,1,0
BRDA:733,78,0,0
BRDA:733,78,1,1
BRDA:751,79,0,1
BRDA:751,79,1,0
BRDA:761,80,0,1
BRDA:761,80,1,0
BRDA:770,81,0,0
BRDA:770,81,1,0
BRDA:786,82,0,0
BRDA:786,82,1,1
BRDA:798,83,0,1
BRDA:798,83,1,0
BRDA:801,84,0,1
BRDA:801,84,1,0
BRDA:814,85,0,1
BRDA:814,85,1,0
BRDA:847,86,0,0
BRDA:847,86,1,0
BRDA:859,87,0,0
BRDA:859,87,1,0
BRDA:862,88,0,0
BRDA:862,88,1,0
BRDA:869,89,0,0
BRDA:869,89,1,0
BRDA:872,90,0,0
BRDA:872,90,1,0
BRDA:889,91,0,0
BRDA:889,91,1,0
BRDA:946,92,0,0
BRDA:946,92,1,0
BRDA:951,93,0,0
BRDA:951,93,1,0
BRDA:954,94,0,0
BRDA:954,94,1,0
BRDA:974,95,0,0
BRDA:974,95,1,0
BRDA:1032,96,0,0
BRDA:1032,96,1,0
BRDA:1037,97,0,0
BRDA:1037,97,1,0
BRDA:1040,98,0,0
BRDA:1040,98,1,0
BRDA:1077,99,0,0
BRDA:1077,99,1,0
BRDA:1095,100,0,0
BRDA:1095,100,1,0
BRDA:1101,101,0,0
BRDA:1101,101,1,0
BRDA:1102,102,0,0
BRDA:1102,102,1,0
BRDA:1105,103,0,0
BRDA:1105,103,1,0
BRDA:1111,104,0,0
BRDA:1111,104,1,0
BRDA:1111,105,0,0
BRDA:1111,105,1,0
BRDA:1120,106,0,0
BRDA:1120,106,1,0
BRDA:1121,107,0,0
BRDA:1121,107,1,0
BRDA:1124,108,0,0
BRDA:1124,108,1,0
BRDA:1125,109,0,0
BRDA:1125,109,1,0
BRDA:1133,110,0,0
BRDA:1133,110,1,0
BRDA:1133,111,0,0
BRDA:1133,111,1,0
BRDA:1134,112,0,0
BRDA:1134,112,1,0
BRDA:1142,113,0,1
BRDA:1142,113,1,0
BRDA:1142,114,0,1
BRDA:1142,114,1,1
BRF:232
BRH:57
end_of_record
